#
# There is insufficient memory for the Java Runtime Environment to continue.
# Native memory allocation (malloc) failed to allocate 71303168 bytes for committing reserved memory.
# Possible reasons:
#   The system is out of physical RAM or swap space
#   In 32 bit mode, the process size limit was hit
# Possible solutions:
#   Reduce memory load on the system
#   Increase physical memory or swap space
#   Check if swap backing store is full
#   Use 64 bit Java on a 64 bit OS
#   Decrease Java heap size (-Xmx/-Xms)
#   Decrease number of Java threads
#   Decrease Java thread stack sizes (-Xss)
#   Set larger code cache with -XX:ReservedCodeCacheSize=
# This output file may be truncated or incomplete.
#
#  Out of Memory Error (os_linux.cpp:2827), pid=7600, tid=140428677351168
#
# JRE version: OpenJDK Runtime Environment (7.0_95) (build 1.7.0_95-b00)
# Java VM: OpenJDK 64-Bit Server VM (24.95-b01 mixed mode linux-amd64 compressed oops)
# Derivative: IcedTea 2.6.4
# Distribution: Ubuntu 14.04.3 LTS, package 7u95-2.6.4-0ubuntu0.14.04.1
# Failed to write core dump. Core dumps have been disabled. To enable core dumping, try "ulimit -c unlimited" before starting Java again
#

---------------  T H R E A D  ---------------

Current thread (0x00007fb820073800):  VMThread [stack: 0x00007fb8195e0000,0x00007fb8196e1000] [id=7608]

Stack: [0x00007fb8195e0000,0x00007fb8196e1000],  sp=0x00007fb8196df490,  free space=1021k
Native frames: (J=compiled Java code, j=interpreted, Vv=VM code, C=native code)
V  [libjvm.so+0x9550e5]
V  [libjvm.so+0x4902b4]
V  [libjvm.so+0x7cf7bb]
V  [libjvm.so+0x7ca28f]
V  [libjvm.so+0x83e56b]
V  [libjvm.so+0x83f3e0]
V  [libjvm.so+0x83facb]
V  [libjvm.so+0x83b4d8]
V  [libjvm.so+0x83bd48]
V  [libjvm.so+0x7f1fd3]
V  [libjvm.so+0x956ae4]
V  [libjvm.so+0x95abe7]
V  [libjvm.so+0x9596a8]
V  [libjvm.so+0x959b09]
V  [libjvm.so+0x959f52]
V  [libjvm.so+0x7cc682]

VM_Operation (0x00007fb826899580): ParallelGCFailedAllocation, mode: safepoint, requested by thread 0x00007fb82000c800


---------------  P R O C E S S  ---------------

Java Threads: ( => current thread )
  0x00007fb82086c000 JavaThread "container-0" [_thread_blocked, id=7623, stack(0x00007fb7f26de000,0x00007fb7f27df000)]
  0x00007fb7e005a800 JavaThread "ContainerBackgroundProcessor[StandardEngine[Tomcat].StandardHost[localhost].StandardContext[]]" daemon [_thread_blocked, id=7622, stack(0x00007fb7f27df000,0x00007fb7f28e0000)]
  0x00007fb7e81da000 JavaThread "localhost-startStop-1" daemon [_thread_blocked, id=7621, stack(0x00007fb7f28e0000,0x00007fb7f29e1000)]
  0x00007fb82086b000 JavaThread "Tomcat-startStop-1" daemon [_thread_blocked, id=7620, stack(0x00007fb7f2bea000,0x00007fb7f2ceb000)]
  0x00007fb8200ad800 JavaThread "Service Thread" daemon [_thread_blocked, id=7614, stack(0x00007fb8188f7000,0x00007fb8189f8000)]
  0x00007fb8200ab800 JavaThread "C2 CompilerThread1" daemon [_thread_blocked, id=7613, stack(0x00007fb8189f8000,0x00007fb818af9000)]
  0x00007fb8200a8800 JavaThread "C2 CompilerThread0" daemon [_thread_blocked, id=7612, stack(0x00007fb818af9000,0x00007fb818bfa000)]
  0x00007fb8200a6000 JavaThread "Signal Dispatcher" daemon [_thread_blocked, id=7611, stack(0x00007fb818bfa000,0x00007fb818cfb000)]
  0x00007fb82007a000 JavaThread "Finalizer" daemon [_thread_blocked, id=7610, stack(0x00007fb8193de000,0x00007fb8194df000)]
  0x00007fb820078000 JavaThread "Reference Handler" daemon [_thread_blocked, id=7609, stack(0x00007fb8194df000,0x00007fb8195e0000)]
  0x00007fb82000c800 JavaThread "main" [_thread_blocked, id=7605, stack(0x00007fb82679f000,0x00007fb8268a0000)]

Other Threads:
=>0x00007fb820073800 VMThread [stack: 0x00007fb8195e0000,0x00007fb8196e1000] [id=7608]
  0x00007fb8200b0800 WatcherThread [stack: 0x00007fb8187f6000,0x00007fb8188f7000] [id=7615]

VM state:at safepoint (normal execution)

VM Mutex/Monitor currently owned by a thread:  ([mutex/lock_event])
[0x00007fb820009040] Threads_lock - owner thread: 0x00007fb820073800
[0x00007fb820009540] Heap_lock - owner thread: 0x00007fb82000c800

Heap
 PSYoungGen      total 112640K, used 9718K [0x00000000f2200000, 0x00000000f9b00000, 0x0000000100000000)
  eden space 102912K, 0% used [0x00000000f2200000,0x00000000f2200000,0x00000000f8680000)
  from space 9728K, 99% used [0x00000000f8680000,0x00000000f8ffdbc0,0x00000000f9000000)
  to   space 8192K, 0% used [0x00000000f9000000,0x00000000f9000000,0x00000000f9800000)
 ParOldGen       total 23552K, used 23267K [0x00000000d6600000, 0x00000000d7d00000, 0x00000000f2200000)
  object space 23552K, 98% used [0x00000000d6600000,0x00000000d7cb8e00,0x00000000d7d00000)
 PSPermGen       total 36352K, used 36196K [0x00000000cc000000, 0x00000000ce380000, 0x00000000d6600000)
  object space 36352K, 99% used [0x00000000cc000000,0x00000000ce3593a0,0x00000000ce380000)

Card table byte_map: [0x00007fb81c1ec000,0x00007fb81c38d000] byte_map_base: 0x00007fb81bb8c000

Polling page: 0x00007fb8268b9000

Code Cache  [0x00007fb81c38d000, 0x00007fb81c5fd000, 0x00007fb81f38d000)
 total_blobs=848 nmethods=478 adapters=324 free_code_cache=47591Kb largest_free_block=48638016

Compilation events (10 events):
Event: 17,700 Thread 0x00007fb8200ab800  556             sun.misc.SharedSecrets::getJavaLangAccess (4 bytes)
Event: 17,701 Thread 0x00007fb8200ab800 nmethod 556 0x00007fb81c50b310 code [0x00007fb81c50b440, 0x00007fb81c50b498]
Event: 17,870 Thread 0x00007fb8200ab800  558             java.lang.Boolean::booleanValue (5 bytes)
Event: 17,870 Thread 0x00007fb8200ab800 nmethod 558 0x00007fb81c50ad50 code [0x00007fb81c50ae80, 0x00007fb81c50aed8]
Event: 17,980 Thread 0x00007fb8200a8800  559             java.util.HashMap::size (5 bytes)
Event: 17,981 Thread 0x00007fb8200a8800 nmethod 559 0x00007fb81c508cd0 code [0x00007fb81c508e00, 0x00007fb81c508e58]
Event: 18,139 Thread 0x00007fb8200a8800  560             java.lang.reflect.Modifier::isStatic (13 bytes)
Event: 18,140 Thread 0x00007fb8200a8800 nmethod 560 0x00007fb81c508ed0 code [0x00007fb81c509000, 0x00007fb81c509058]
Event: 18,144 Thread 0x00007fb8200ab800  561             java.util.concurrent.locks.AbstractOwnableSynchronizer::getExclusiveOwnerThread (5 bytes)
Event: 18,144 Thread 0x00007fb8200ab800 nmethod 561 0x00007fb81c507390 code [0x00007fb81c5074c0, 0x00007fb81c507518]

GC Heap History (10 events):
Event: 3,603 GC heap after
Heap after GC invocations=6 (full 0):
 PSYoungGen      total 37376K, used 3549K [0x00000000f2200000, 0x00000000f4b00000, 0x0000000100000000)
  eden space 32768K, 0% used [0x00000000f2200000,0x00000000f2200000,0x00000000f4200000)
  from space 4608K, 77% used [0x00000000f4680000,0x00000000f49f7760,0x00000000f4b00000)
  to   space 4608K, 0% used [0x00000000f4200000,0x00000000f4200000,0x00000000f4680000)
 ParOldGen       total 19968K, used 9192K [0x00000000d6600000, 0x00000000d7980000, 0x00000000f2200000)
  object space 19968K, 46% used [0x00000000d6600000,0x00000000d6efa088,0x00000000d7980000)
 PSPermGen       total 21504K, used 15704K [0x00000000cc000000, 0x00000000cd500000, 0x00000000d6600000)
  object space 21504K, 73% used [0x00000000cc000000,0x00000000ccf560c8,0x00000000cd500000)
}
Event: 5,275 GC heap before
{Heap before GC invocations=7 (full 0):
 PSYoungGen      total 37376K, used 36317K [0x00000000f2200000, 0x00000000f4b00000, 0x0000000100000000)
  eden space 32768K, 100% used [0x00000000f2200000,0x00000000f4200000,0x00000000f4200000)
  from space 4608K, 77% used [0x00000000f4680000,0x00000000f49f7760,0x00000000f4b00000)
  to   space 4608K, 0% used [0x00000000f4200000,0x00000000f4200000,0x00000000f4680000)
 ParOldGen       total 19968K, used 9192K [0x00000000d6600000, 0x00000000d7980000, 0x00000000f2200000)
  object space 19968K, 46% used [0x00000000d6600000,0x00000000d6efa088,0x00000000d7980000)
 PSPermGen       total 21504K, used 17946K [0x00000000cc000000, 0x00000000cd500000, 0x00000000d6600000)
  object space 21504K, 83% used [0x00000000cc000000,0x00000000cd186890,0x00000000cd500000)
Event: 5,318 GC heap after
Heap after GC invocations=7 (full 0):
 PSYoungGen      total 37376K, used 4585K [0x00000000f2200000, 0x00000000f6d00000, 0x0000000100000000)
  eden space 32768K, 0% used [0x00000000f2200000,0x00000000f2200000,0x00000000f4200000)
  from space 4608K, 99% used [0x00000000f4200000,0x00000000f467a6d0,0x00000000f4680000)
  to   space 5632K, 0% used [0x00000000f6780000,0x00000000f6780000,0x00000000f6d00000)
 ParOldGen       total 19968K, used 9875K [0x00000000d6600000, 0x00000000d7980000, 0x00000000f2200000)
  object space 19968K, 49% used [0x00000000d6600000,0x00000000d6fa4c80,0x00000000d7980000)
 PSPermGen       total 21504K, used 17946K [0x00000000cc000000, 0x00000000cd500000, 0x00000000d6600000)
  object space 21504K, 83% used [0x00000000cc000000,0x00000000cd186890,0x00000000cd500000)
}
Event: 6,332 GC heap before
{Heap before GC invocations=8 (full 0):
 PSYoungGen      total 37376K, used 37353K [0x00000000f2200000, 0x00000000f6d00000, 0x0000000100000000)
  eden space 32768K, 100% used [0x00000000f2200000,0x00000000f4200000,0x00000000f4200000)
  from space 4608K, 99% used [0x00000000f4200000,0x00000000f467a6d0,0x00000000f4680000)
  to   space 5632K, 0% used [0x00000000f6780000,0x00000000f6780000,0x00000000f6d00000)
 ParOldGen       total 19968K, used 9875K [0x00000000d6600000, 0x00000000d7980000, 0x00000000f2200000)
  object space 19968K, 49% used [0x00000000d6600000,0x00000000d6fa4c80,0x00000000d7980000)
 PSPermGen       total 21504K, used 18481K [0x00000000cc000000, 0x00000000cd500000, 0x00000000d6600000)
  object space 21504K, 85% used [0x00000000cc000000,0x00000000cd20c6e8,0x00000000cd500000)
Event: 6,355 GC heap after
Heap after GC invocations=8 (full 0):
 PSYoungGen      total 70656K, used 5315K [0x00000000f2200000, 0x00000000f6e00000, 0x0000000100000000)
  eden space 65024K, 0% used [0x00000000f2200000,0x00000000f2200000,0x00000000f6180000)
  from space 5632K, 94% used [0x00000000f6780000,0x00000000f6cb0ff0,0x00000000f6d00000)
  to   space 6144K, 0% used [0x00000000f6180000,0x00000000f6180000,0x00000000f6780000)
 ParOldGen       total 19968K, used 10259K [0x00000000d6600000, 0x00000000d7980000, 0x00000000f2200000)
  object space 19968K, 51% used [0x00000000d6600000,0x00000000d7004c80,0x00000000d7980000)
 PSPermGen       total 21504K, used 18481K [0x00000000cc000000, 0x00000000cd500000, 0x00000000d6600000)
  object space 21504K, 85% used [0x00000000cc000000,0x00000000cd20c6e8,0x00000000cd500000)
}
Event: 11,120 GC heap before
{Heap before GC invocations=9 (full 0):
 PSYoungGen      total 70656K, used 70339K [0x00000000f2200000, 0x00000000f6e00000, 0x0000000100000000)
  eden space 65024K, 100% used [0x00000000f2200000,0x00000000f6180000,0x00000000f6180000)
  from space 5632K, 94% used [0x00000000f6780000,0x00000000f6cb0ff0,0x00000000f6d00000)
  to   space 6144K, 0% used [0x00000000f6180000,0x00000000f6180000,0x00000000f6780000)
 ParOldGen       total 19968K, used 10259K [0x00000000d6600000, 0x00000000d7980000, 0x00000000f2200000)
  object space 19968K, 51% used [0x00000000d6600000,0x00000000d7004c80,0x00000000d7980000)
 PSPermGen       total 22016K, used 21586K [0x00000000cc000000, 0x00000000cd580000, 0x00000000d6600000)
  object space 22016K, 98% used [0x00000000cc000000,0x00000000cd514ae8,0x00000000cd580000)
Event: 11,191 GC heap after
Heap after GC invocations=9 (full 0):
 PSYoungGen      total 71168K, used 6120K [0x00000000f2200000, 0x00000000f9800000, 0x0000000100000000)
  eden space 65024K, 0% used [0x00000000f2200000,0x00000000f2200000,0x00000000f6180000)
  from space 6144K, 99% used [0x00000000f6180000,0x00000000f677a158,0x00000000f6780000)
  to   space 8192K, 0% used [0x00000000f9000000,0x00000000f9000000,0x00000000f9800000)
 ParOldGen       total 19968K, used 12983K [0x00000000d6600000, 0x00000000d7980000, 0x00000000f2200000)
  object space 19968K, 65% used [0x00000000d6600000,0x00000000d72adff8,0x00000000d7980000)
 PSPermGen       total 22016K, used 21586K [0x00000000cc000000, 0x00000000cd580000, 0x00000000d6600000)
  object space 22016K, 98% used [0x00000000cc000000,0x00000000cd514ae8,0x00000000cd580000)
}
Event: 14,363 GC heap before
{Heap before GC invocations=10 (full 0):
 PSYoungGen      total 71168K, used 71144K [0x00000000f2200000, 0x00000000f9800000, 0x0000000100000000)
  eden space 65024K, 100% used [0x00000000f2200000,0x00000000f6180000,0x00000000f6180000)
  from space 6144K, 99% used [0x00000000f6180000,0x00000000f677a158,0x00000000f6780000)
  to   space 8192K, 0% used [0x00000000f9000000,0x00000000f9000000,0x00000000f9800000)
 ParOldGen       total 19968K, used 12983K [0x00000000d6600000, 0x00000000d7980000, 0x00000000f2200000)
  object space 19968K, 65% used [0x00000000d6600000,0x00000000d72adff8,0x00000000d7980000)
 PSPermGen       total 26112K, used 26069K [0x00000000cc000000, 0x00000000cd980000, 0x00000000d6600000)
  object space 26112K, 99% used [0x00000000cc000000,0x00000000cd9755e8,0x00000000cd980000)
Event: 14,410 GC heap after
Heap after GC invocations=10 (full 0):
 PSYoungGen      total 111104K, used 8189K [0x00000000f2200000, 0x00000000f9b00000, 0x0000000100000000)
  eden space 102912K, 0% used [0x00000000f2200000,0x00000000f2200000,0x00000000f8680000)
  from space 8192K, 99% used [0x00000000f9000000,0x00000000f97ff520,0x00000000f9800000)
  to   space 9728K, 0% used [0x00000000f8680000,0x00000000f8680000,0x00000000f9000000)
 ParOldGen       total 19968K, used 14407K [0x00000000d6600000, 0x00000000d7980000, 0x00000000f2200000)
  object space 19968K, 72% used [0x00000000d6600000,0x00000000d7411e48,0x00000000d7980000)
 PSPermGen       total 26112K, used 26069K [0x00000000cc000000, 0x00000000cd980000, 0x00000000d6600000)
  object space 26112K, 99% used [0x00000000cc000000,0x00000000cd9755e8,0x00000000cd980000)
}
Event: 18,267 GC heap before
{Heap before GC invocations=11 (full 0):
 PSYoungGen      total 111104K, used 111101K [0x00000000f2200000, 0x00000000f9b00000, 0x0000000100000000)
  eden space 102912K, 100% used [0x00000000f2200000,0x00000000f8680000,0x00000000f8680000)
  from space 8192K, 99% used [0x00000000f9000000,0x00000000f97ff520,0x00000000f9800000)
  to   space 9728K, 0% used [0x00000000f8680000,0x00000000f8680000,0x00000000f9000000)
 ParOldGen       total 19968K, used 14407K [0x00000000d6600000, 0x00000000d7980000, 0x00000000f2200000)
  object space 19968K, 72% used [0x00000000d6600000,0x00000000d7411e48,0x00000000d7980000)
 PSPermGen       total 36352K, used 36196K [0x00000000cc000000, 0x00000000ce380000, 0x00000000d6600000)
  object space 36352K, 99% used [0x00000000cc000000,0x00000000ce3593a0,0x00000000ce380000)

Deoptimization events (10 events):
Event: 14,736 Thread 0x00007fb82000c800 Uncommon trap: reason=bimorphic action=maybe_recompile pc=0x00007fb81c4b6bcc method=java.util.regex.Matcher.match(II)Z @ 86
Event: 14,736 Thread 0x00007fb82000c800 Uncommon trap: reason=unstable_if action=reinterpret pc=0x00007fb81c480524 method=java.util.regex.Pattern$BmpCharProperty.match(Ljava/util/regex/Matcher;ILjava/lang/CharSequence;)Z @ 34
Event: 14,741 Thread 0x00007fb82000c800 Uncommon trap: reason=bimorphic action=maybe_recompile pc=0x00007fb81c4b6bcc method=java.util.regex.Matcher.match(II)Z @ 86
Event: 14,750 Thread 0x00007fb82000c800 Uncommon trap: reason=bimorphic action=maybe_recompile pc=0x00007fb81c4b6bcc method=java.util.regex.Matcher.match(II)Z @ 86
Event: 14,750 Thread 0x00007fb82000c800 Uncommon trap: reason=bimorphic action=maybe_recompile pc=0x00007fb81c4b6bcc method=java.util.regex.Matcher.match(II)Z @ 86
Event: 14,895 Thread 0x00007fb82000c800 Uncommon trap: reason=unstable_if action=reinterpret pc=0x00007fb81c4b0f4c method=java.util.Properties$LineReader.readLine()I @ 37
Event: 15,171 Thread 0x00007fb82000c800 Uncommon trap: reason=predicate action=maybe_recompile pc=0x00007fb81c4943ac method=java.util.AbstractCollection.addAll(Ljava/util/Collection;)Z @ 18
Event: 17,870 Thread 0x00007fb82000c800 Uncommon trap: reason=unstable_if action=reinterpret pc=0x00007fb81c4667e4 method=java.util.concurrent.locks.ReentrantLock$Sync.nonfairTryAcquire(I)Z @ 10
Event: 17,870 Thread 0x00007fb82000c800 Uncommon trap: reason=unstable_if action=reinterpret pc=0x00007fb81c4f4bd4 method=java.util.concurrent.locks.ReentrantLock$Sync.tryRelease(I)Z @ 28
Event: 17,890 Thread 0x00007fb82000c800 Uncommon trap: reason=unstable_if action=reinterpret pc=0x00007fb81c4e04d8 method=java.util.concurrent.locks.ReentrantLock$Sync.tryRelease(I)Z @ 28

Internal exceptions (10 events):
Event: 18,203 Thread 0x00007fb82000c800 Threw 0x00000000f85f1cc0 at /build/openjdk-7-2FOwCu/openjdk-7-7u95-2.6.4/build/openjdk/hotspot/src/share/vm/prims/jvm.cpp:1322
Event: 18,204 Thread 0x00007fb82000c800 Threw 0x00000000f85fe6b0 at /build/openjdk-7-2FOwCu/openjdk-7-7u95-2.6.4/build/openjdk/hotspot/src/share/vm/prims/jvm.cpp:1322
Event: 18,251 Thread 0x00007fb82000c800 Threw 0x00000000f8631ab8 at /build/openjdk-7-2FOwCu/openjdk-7-7u95-2.6.4/build/openjdk/hotspot/src/share/vm/prims/jvm.cpp:1322
Event: 18,252 Thread 0x00007fb82000c800 Threw 0x00000000f863a250 at /build/openjdk-7-2FOwCu/openjdk-7-7u95-2.6.4/build/openjdk/hotspot/src/share/vm/prims/jvm.cpp:1322
Event: 18,253 Thread 0x00007fb82000c800 Threw 0x00000000f8641bd8 at /build/openjdk-7-2FOwCu/openjdk-7-7u95-2.6.4/build/openjdk/hotspot/src/share/vm/prims/jvm.cpp:1322
Event: 18,255 Thread 0x00007fb82000c800 Threw 0x00000000f864c028 at /build/openjdk-7-2FOwCu/openjdk-7-7u95-2.6.4/build/openjdk/hotspot/src/share/vm/prims/jvm.cpp:1322
Event: 18,256 Thread 0x00007fb82000c800 Threw 0x00000000f8654da0 at /build/openjdk-7-2FOwCu/openjdk-7-7u95-2.6.4/build/openjdk/hotspot/src/share/vm/prims/jvm.cpp:1322
Event: 18,258 Thread 0x00007fb82000c800 Threw 0x00000000f8664a78 at /build/openjdk-7-2FOwCu/openjdk-7-7u95-2.6.4/build/openjdk/hotspot/src/share/vm/prims/jvm.cpp:1322
Event: 18,259 Thread 0x00007fb82000c800 Threw 0x00000000f866f0b8 at /build/openjdk-7-2FOwCu/openjdk-7-7u95-2.6.4/build/openjdk/hotspot/src/share/vm/prims/jvm.cpp:1322
Event: 18,261 Thread 0x00007fb82000c800 Threw 0x00000000f8679fe0 at /build/openjdk-7-2FOwCu/openjdk-7-7u95-2.6.4/build/openjdk/hotspot/src/share/vm/prims/jvm.cpp:1322

Events (10 events):
Event: 18,255 loading class 0x00007fb820a79530 done
Event: 18,256 loading class 0x00007fb820a78570
Event: 18,256 loading class 0x00007fb820a78570 done
Event: 18,258 loading class 0x00007fb820a785e0
Event: 18,258 loading class 0x00007fb820a785e0 done
Event: 18,259 loading class 0x00007fb820a0af80
Event: 18,259 loading class 0x00007fb820a0af80 done
Event: 18,261 loading class 0x00007fb820a0b820
Event: 18,261 loading class 0x00007fb820a0b820 done
Event: 18,265 Executing VM operation: ParallelGCFailedAllocation


Dynamic libraries:
00400000-00401000 r-xp 00000000 08:02 11403352                           /usr/lib/jvm/java-7-openjdk-amd64/jre/bin/java
00600000-00601000 r--p 00000000 08:02 11403352                           /usr/lib/jvm/java-7-openjdk-amd64/jre/bin/java
00601000-00602000 rw-p 00001000 08:02 11403352                           /usr/lib/jvm/java-7-openjdk-amd64/jre/bin/java
0231d000-0233e000 rw-p 00000000 00:00 0                                  [heap]
cc000000-ce380000 rw-p 00000000 00:00 0 
ce380000-d6600000 rw-p 00000000 00:00 0 
d6600000-d7d00000 rw-p 00000000 00:00 0 
d7d00000-f2200000 rw-p 00000000 00:00 0 
f2200000-f9b00000 rw-p 00000000 00:00 0 
fdf00000-100000000 rw-p 00000000 00:00 0 
7fb7d8000000-7fb7d8021000 rw-p 00000000 00:00 0 
7fb7d8021000-7fb7dc000000 ---p 00000000 00:00 0 
7fb7e0000000-7fb7e00a9000 rw-p 00000000 00:00 0 
7fb7e00a9000-7fb7e4000000 ---p 00000000 00:00 0 
7fb7e4000000-7fb7e4021000 rw-p 00000000 00:00 0 
7fb7e4021000-7fb7e8000000 ---p 00000000 00:00 0 
7fb7e8000000-7fb7e81f8000 rw-p 00000000 00:00 0 
7fb7e81f8000-7fb7ec000000 ---p 00000000 00:00 0 
7fb7ec000000-7fb7ec021000 rw-p 00000000 00:00 0 
7fb7ec021000-7fb7f0000000 ---p 00000000 00:00 0 
7fb7f26de000-7fb7f26e1000 ---p 00000000 00:00 0 
7fb7f26e1000-7fb7f27df000 rw-p 00000000 00:00 0                          [stack:7623]
7fb7f27df000-7fb7f27e2000 ---p 00000000 00:00 0 
7fb7f27e2000-7fb7f28e0000 rw-p 00000000 00:00 0                          [stack:7622]
7fb7f28e0000-7fb7f28e3000 ---p 00000000 00:00 0 
7fb7f28e3000-7fb7f29e1000 rw-p 00000000 00:00 0                          [stack:7621]
7fb7f29e1000-7fb7f29e9000 r-xp 00000000 08:02 11403506                   /usr/lib/jvm/java-7-openjdk-amd64/jre/lib/amd64/libmanagement.so
7fb7f29e9000-7fb7f2be8000 ---p 00008000 08:02 11403506                   /usr/lib/jvm/java-7-openjdk-amd64/jre/lib/amd64/libmanagement.so
7fb7f2be8000-7fb7f2be9000 r--p 00007000 08:02 11403506                   /usr/lib/jvm/java-7-openjdk-amd64/jre/lib/amd64/libmanagement.so
7fb7f2be9000-7fb7f2bea000 rw-p 00008000 08:02 11403506                   /usr/lib/jvm/java-7-openjdk-amd64/jre/lib/amd64/libmanagement.so
7fb7f2bea000-7fb7f2bed000 ---p 00000000 00:00 0 
7fb7f2bed000-7fb7f2ceb000 rw-p 00000000 00:00 0                          [stack:7620]
7fb7f2ceb000-7fb7f2cfb000 r-xp 00000000 08:02 11403494                   /usr/lib/jvm/java-7-openjdk-amd64/jre/lib/amd64/libnio.so
7fb7f2cfb000-7fb7f2efb000 ---p 00010000 08:02 11403494                   /usr/lib/jvm/java-7-openjdk-amd64/jre/lib/amd64/libnio.so
7fb7f2efb000-7fb7f2efc000 r--p 00010000 08:02 11403494                   /usr/lib/jvm/java-7-openjdk-amd64/jre/lib/amd64/libnio.so
7fb7f2efc000-7fb7f2efd000 rw-p 00011000 08:02 11403494                   /usr/lib/jvm/java-7-openjdk-amd64/jre/lib/amd64/libnio.so
7fb7f2efd000-7fb7f2f3a000 r-xp 00000000 08:02 7606476                    /lib/x86_64-linux-gnu/libpcre.so.3.13.1
7fb7f2f3a000-7fb7f3139000 ---p 0003d000 08:02 7606476                    /lib/x86_64-linux-gnu/libpcre.so.3.13.1
7fb7f3139000-7fb7f313a000 r--p 0003c000 08:02 7606476                    /lib/x86_64-linux-gnu/libpcre.so.3.13.1
7fb7f313a000-7fb7f313b000 rw-p 0003d000 08:02 7606476                    /lib/x86_64-linux-gnu/libpcre.so.3.13.1
7fb7f313b000-7fb7f3142000 r-xp 00000000 08:02 6947235                    /usr/lib/x86_64-linux-gnu/libffi.so.6.0.1
7fb7f3142000-7fb7f3341000 ---p 00007000 08:02 6947235                    /usr/lib/x86_64-linux-gnu/libffi.so.6.0.1
7fb7f3341000-7fb7f3342000 r--p 00006000 08:02 6947235                    /usr/lib/x86_64-linux-gnu/libffi.so.6.0.1
7fb7f3342000-7fb7f3343000 rw-p 00007000 08:02 6947235                    /usr/lib/x86_64-linux-gnu/libffi.so.6.0.1
7fb7f3343000-7fb7f335a000 r-xp 00000000 08:02 7602181                    /lib/x86_64-linux-gnu/libresolv-2.19.so
7fb7f335a000-7fb7f355a000 ---p 00017000 08:02 7602181                    /lib/x86_64-linux-gnu/libresolv-2.19.so
7fb7f355a000-7fb7f355b000 r--p 00017000 08:02 7602181                    /lib/x86_64-linux-gnu/libresolv-2.19.so
7fb7f355b000-7fb7f355c000 rw-p 00018000 08:02 7602181                    /lib/x86_64-linux-gnu/libresolv-2.19.so
7fb7f355c000-7fb7f355e000 rw-p 00000000 00:00 0 
7fb7f355e000-7fb7f357e000 r-xp 00000000 08:02 7606503                    /lib/x86_64-linux-gnu/libselinux.so.1
7fb7f357e000-7fb7f377d000 ---p 00020000 08:02 7606503                    /lib/x86_64-linux-gnu/libselinux.so.1
7fb7f377d000-7fb7f377e000 r--p 0001f000 08:02 7606503                    /lib/x86_64-linux-gnu/libselinux.so.1
7fb7f377e000-7fb7f377f000 rw-p 00020000 08:02 7606503                    /lib/x86_64-linux-gnu/libselinux.so.1
7fb7f377f000-7fb7f3781000 rw-p 00000000 00:00 0 
7fb7f3781000-7fb7f3784000 r-xp 00000000 08:02 6955211                    /usr/lib/x86_64-linux-gnu/libgmodule-2.0.so.0.4002.0
7fb7f3784000-7fb7f3983000 ---p 00003000 08:02 6955211                    /usr/lib/x86_64-linux-gnu/libgmodule-2.0.so.0.4002.0
7fb7f3983000-7fb7f3984000 r--p 00002000 08:02 6955211                    /usr/lib/x86_64-linux-gnu/libgmodule-2.0.so.0.4002.0
7fb7f3984000-7fb7f3985000 rw-p 00003000 08:02 6955211                    /usr/lib/x86_64-linux-gnu/libgmodule-2.0.so.0.4002.0
7fb7f3985000-7fb7f3a8b000 r-xp 00000000 08:02 7606404                    /lib/x86_64-linux-gnu/libglib-2.0.so.0.4002.0
7fb7f3a8b000-7fb7f3c8a000 ---p 00106000 08:02 7606404                    /lib/x86_64-linux-gnu/libglib-2.0.so.0.4002.0
7fb7f3c8a000-7fb7f3c8b000 r--p 00105000 08:02 7606404                    /lib/x86_64-linux-gnu/libglib-2.0.so.0.4002.0
7fb7f3c8b000-7fb7f3c8c000 rw-p 00106000 08:02 7606404                    /lib/x86_64-linux-gnu/libglib-2.0.so.0.4002.0
7fb7f3c8c000-7fb7f3c8d000 rw-p 00000000 00:00 0 
7fb7f3c8d000-7fb7f3df9000 r-xp 00000000 08:02 6955199                    /usr/lib/x86_64-linux-gnu/libgio-2.0.so.0.4002.0
7fb7f3df9000-7fb7f3ff8000 ---p 0016c000 08:02 6955199                    /usr/lib/x86_64-linux-gnu/libgio-2.0.so.0.4002.0
7fb7f3ff8000-7fb7f3ffc000 r--p 0016b000 08:02 6955199                    /usr/lib/x86_64-linux-gnu/libgio-2.0.so.0.4002.0
7fb7f3ffc000-7fb7f3ffe000 rw-p 0016f000 08:02 6955199                    /usr/lib/x86_64-linux-gnu/libgio-2.0.so.0.4002.0
7fb7f3ffe000-7fb7f4000000 rw-p 00000000 00:00 0 
7fb7f4000000-7fb7f4ee6000 rw-p 00000000 00:00 0 
7fb7f4ee6000-7fb7f8000000 ---p 00000000 00:00 0 
7fb7f8000000-7fb7f8021000 rw-p 00000000 00:00 0 
7fb7f8021000-7fb7fc000000 ---p 00000000 00:00 0 
7fb7fc000000-7fb7fc021000 rw-p 00000000 00:00 0 
7fb7fc021000-7fb800000000 ---p 00000000 00:00 0 
7fb800000000-7fb8010ac000 rw-p 00000000 00:00 0 
7fb8010ac000-7fb804000000 ---p 00000000 00:00 0 
7fb804000000-7fb804021000 rw-p 00000000 00:00 0 
7fb804021000-7fb808000000 ---p 00000000 00:00 0 
7fb808000000-7fb808021000 rw-p 00000000 00:00 0 
7fb808021000-7fb80c000000 ---p 00000000 00:00 0 
7fb80c000000-7fb80c021000 rw-p 00000000 00:00 0 
7fb80c021000-7fb810000000 ---p 00000000 00:00 0 
7fb810000000-7fb810021000 rw-p 00000000 00:00 0 
7fb810021000-7fb814000000 ---p 00000000 00:00 0 
7fb814000000-7fb814021000 rw-p 00000000 00:00 0 
7fb814021000-7fb818000000 ---p 00000000 00:00 0 
7fb818074000-7fb818075000 rw-p 00000000 00:00 0 
7fb818075000-7fb818079000 r--s 0004f000 08:02 11403412                   /usr/lib/jvm/java-7-openjdk-amd64/jre/lib/jsse.jar
7fb818079000-7fb8180aa000 rw-p 00000000 00:00 0 
7fb8180aa000-7fb8180f9000 r-xp 00000000 08:02 6955227                    /usr/lib/x86_64-linux-gnu/libgobject-2.0.so.0.4002.0
7fb8180f9000-7fb8182f9000 ---p 0004f000 08:02 6955227                    /usr/lib/x86_64-linux-gnu/libgobject-2.0.so.0.4002.0
7fb8182f9000-7fb8182fa000 r--p 0004f000 08:02 6955227                    /usr/lib/x86_64-linux-gnu/libgobject-2.0.so.0.4002.0
7fb8182fa000-7fb8182fb000 rw-p 00050000 08:02 6955227                    /usr/lib/x86_64-linux-gnu/libgobject-2.0.so.0.4002.0
7fb8182fb000-7fb818305000 r--s 000ae000 08:02 11403440                   /usr/lib/jvm/java-7-openjdk-amd64/jre/lib/resources.jar
7fb818305000-7fb818310000 r--s 00203000 08:02 11403411                   /usr/lib/jvm/java-7-openjdk-amd64/jre/lib/charsets.jar
7fb818310000-7fb818327000 r-xp 00000000 08:02 11403536                   /usr/lib/jvm/java-7-openjdk-amd64/jre/lib/amd64/libnet.so
7fb818327000-7fb818526000 ---p 00017000 08:02 11403536                   /usr/lib/jvm/java-7-openjdk-amd64/jre/lib/amd64/libnet.so
7fb818526000-7fb818527000 r--p 00016000 08:02 11403536                   /usr/lib/jvm/java-7-openjdk-amd64/jre/lib/amd64/libnet.so
7fb818527000-7fb818528000 rw-p 00017000 08:02 11403536                   /usr/lib/jvm/java-7-openjdk-amd64/jre/lib/amd64/libnet.so
7fb818528000-7fb81852a000 r--s 00003000 08:02 4064451                    /home/mihalis/.m2/repository/org/slf4j/jcl-over-slf4j/1.7.16/jcl-over-slf4j-1.7.16.jar
7fb81852a000-7fb81852b000 r--s 00009000 08:02 4064449                    /home/mihalis/.m2/repository/org/slf4j/slf4j-api/1.7.16/slf4j-api-1.7.16.jar
7fb81852b000-7fb81852f000 r--s 0003c000 08:02 4064443                    /home/mihalis/.m2/repository/com/fasterxml/jackson/core/jackson-core/2.6.5/jackson-core-2.6.5.jar
7fb81852f000-7fb818531000 r--s 00008000 08:02 4063680                    /home/mihalis/.m2/repository/org/ow2/asm/asm-commons/4.1/asm-commons-4.1.jar
7fb818531000-7fb818532000 r--s 0000b000 08:02 4063678                    /home/mihalis/.m2/repository/org/ow2/asm/asm/4.1/asm-4.1.jar
7fb818532000-7fb818535000 r--s 00026000 08:02 3416610                    /home/mihalis/.m2/repository/org/antlr/antlr-runtime/3.5/antlr-runtime-3.5.jar
7fb818535000-7fb818537000 r--s 00017000 08:02 4063676                    /home/mihalis/.m2/repository/com/spatial4j/spatial4j/0.4.1/spatial4j-0.4.1.jar
7fb818537000-7fb81853a000 r--s 0001c000 08:02 3416608                    /home/mihalis/.m2/repository/org/apache/lucene/lucene-spatial/4.10.4/lucene-spatial-4.10.4.jar
7fb81853a000-7fb81853d000 r--s 00018000 08:02 3416606                    /home/mihalis/.m2/repository/org/apache/lucene/lucene-grouping/4.10.4/lucene-grouping-4.10.4.jar
7fb81853d000-7fb81853f000 r--s 0000e000 08:02 3283419                    /home/mihalis/.m2/repository/org/apache/lucene/lucene-join/4.10.4/lucene-join-4.10.4.jar
7fb81853f000-7fb818541000 r--s 00016000 08:02 3283417                    /home/mihalis/.m2/repository/org/apache/lucene/lucene-misc/4.10.4/lucene-misc-4.10.4.jar
7fb818541000-7fb818544000 r--s 00029000 08:02 3283415                    /home/mihalis/.m2/repository/org/apache/lucene/lucene-suggest/4.10.4/lucene-suggest-4.10.4.jar
7fb818544000-7fb818547000 r--s 0001b000 08:02 3283413                    /home/mihalis/.m2/repository/org/apache/lucene/lucene-sandbox/4.10.4/lucene-sandbox-4.10.4.jar
7fb818547000-7fb818550000 r--s 00057000 08:02 3151643                    /home/mihalis/.m2/repository/org/apache/lucene/lucene-queryparser/4.10.4/lucene-queryparser-4.10.4.jar
7fb818550000-7fb818553000 r--s 0001f000 08:02 3151641                    /home/mihalis/.m2/repository/org/apache/lucene/lucene-highlighter/4.10.4/lucene-highlighter-4.10.4.jar
7fb818553000-7fb818554000 r--s 00008000 08:02 3151639                    /home/mihalis/.m2/repository/org/apache/lucene/lucene-memory/4.10.4/lucene-memory-4.10.4.jar
7fb818554000-7fb81855a000 r--s 0002f000 08:02 3151637                    /home/mihalis/.m2/repository/org/apache/lucene/lucene-queries/4.10.4/lucene-queries-4.10.4.jar
7fb81855a000-7fb81856b000 r--s 0018f000 08:02 3017857                    /home/mihalis/.m2/repository/org/apache/lucene/lucene-analyzers-common/4.10.4/lucene-analyzers-common-4.10.4.jar
7fb81856b000-7fb818595000 r--s 00248000 08:02 3017855                    /home/mihalis/.m2/repository/org/apache/lucene/lucene-core/4.10.4/lucene-core-4.10.4.jar
7fb818595000-7fb8185bc000 rw-p 00000000 00:00 0 
7fb8185bc000-7fb8186ca000 r--s 00c15000 08:02 2887542                    /home/mihalis/.m2/repository/org/elasticsearch/elasticsearch/1.5.2/elasticsearch-1.5.2.jar
7fb8186ca000-7fb8186da000 r--s 00088000 08:02 4063673                    /home/mihalis/.m2/repository/joda-time/joda-time/2.8.2/joda-time-2.8.2.jar
7fb8186da000-7fb8186e7000 r--s 00083000 08:02 3151649                    /home/mihalis/.m2/repository/commons-collections/commons-collections/3.2.2/commons-collections-3.2.2.jar
7fb8186e7000-7fb8186ec000 r--s 00041000 08:02 3937338                    /home/mihalis/.m2/repository/commons-lang/commons-lang/2.6/commons-lang-2.6.jar
7fb8186ec000-7fb8186fb000 r--s 0008d000 08:02 4064441                    /home/mihalis/.m2/repository/org/springframework/data/spring-data-commons/1.11.4.RELEASE/spring-data-commons-1.11.4.RELEASE.jar
7fb8186fb000-7fb818702000 r--s 0003a000 08:02 4064438                    /home/mihalis/.m2/repository/org/springframework/spring-tx/4.2.5.RELEASE/spring-tx-4.2.5.RELEASE.jar
7fb818702000-7fb818708000 r--s 0002b000 08:02 4064116                    /home/mihalis/.m2/repository/org/springframework/data/spring-data-elasticsearch/1.3.0.RELEASE/spring-data-elasticsearch-1.3.0.RELEASE.jar
7fb818708000-7fb818719000 r--s 000ab000 08:02 4065027                    /home/mihalis/.m2/repository/org/springframework/spring-web/4.2.5.RELEASE/spring-web-4.2.5.RELEASE.jar
7fb818719000-7fb81871e000 r--s 0003c000 08:02 4064436                    /home/mihalis/.m2/repository/org/springframework/spring-expression/4.2.5.RELEASE/spring-expression-4.2.5.RELEASE.jar
7fb81871e000-7fb81872b000 r--s 000a6000 08:02 4064434                    /home/mihalis/.m2/repository/org/springframework/spring-beans/4.2.5.RELEASE/spring-beans-4.2.5.RELEASE.jar
7fb81872b000-7fb81872d000 r--s 00000000 08:02 3671672                    /home/mihalis/.m2/repository/aopalliance/aopalliance/1.0/aopalliance-1.0.jar
7fb81872d000-7fb818736000 r--s 00052000 08:02 4064432                    /home/mihalis/.m2/repository/org/springframework/spring-aop/4.2.5.RELEASE/spring-aop-4.2.5.RELEASE.jar
7fb818736000-7fb81874f000 r--s 000f3000 08:02 4065021                    /home/mihalis/.m2/repository/org/springframework/spring-context/4.2.5.RELEASE/spring-context-4.2.5.RELEASE.jar
7fb81874f000-7fb818765000 r--s 000f2000 08:02 4065016                    /home/mihalis/.m2/repository/org/springframework/spring-core/4.2.5.RELEASE/spring-core-4.2.5.RELEASE.jar
7fb818765000-7fb818776000 r--s 000c6000 08:02 4064600                    /home/mihalis/.m2/repository/org/springframework/spring-webmvc/4.2.5.RELEASE/spring-webmvc-4.2.5.RELEASE.jar
7fb818776000-7fb818779000 r--s 00009000 08:02 4064447                    /home/mihalis/.m2/repository/com/fasterxml/jackson/core/jackson-annotations/2.6.5/jackson-annotations-2.6.5.jar
7fb818779000-7fb81878a000 r--s 0010d000 08:02 4064445                    /home/mihalis/.m2/repository/com/fasterxml/jackson/core/jackson-databind/2.6.5/jackson-databind-2.6.5.jar
7fb81878a000-7fb81878c000 r--s 0000e000 08:02 4064598                    /home/mihalis/.m2/repository/com/fasterxml/classmate/1.1.0/classmate-1.1.0.jar
7fb81878c000-7fb81878e000 r--s 0000f000 08:02 4064596                    /home/mihalis/.m2/repository/org/jboss/logging/jboss-logging/3.3.0.Final/jboss-logging-3.3.0.Final.jar
7fb81878e000-7fb818792000 r--s 0000c000 08:02 3671623                    /home/mihalis/.m2/repository/javax/validation/validation-api/1.1.0.Final/validation-api-1.1.0.Final.jar
7fb818792000-7fb8187a2000 r--s 0009c000 08:02 4064594                    /home/mihalis/.m2/repository/org/hibernate/hibernate-validator/5.2.4.Final/hibernate-validator-5.2.4.Final.jar
7fb8187a2000-7fb8187a3000 r--s 00000000 08:02 4064592                    /home/mihalis/.m2/repository/org/springframework/boot/spring-boot-starter-validation/1.3.3.RELEASE/spring-boot-starter-validation-1.3.3.RELEASE.jar
7fb8187a3000-7fb8187a9000 r--s 00037000 08:02 4064590                    /home/mihalis/.m2/repository/org/apache/tomcat/embed/tomcat-embed-websocket/8.0.32/tomcat-embed-websocket-8.0.32.jar
7fb8187a9000-7fb8187aa000 r--s 00009000 08:02 4064588                    /home/mihalis/.m2/repository/org/apache/tomcat/embed/tomcat-embed-logging-juli/8.0.32/tomcat-embed-logging-juli-8.0.32.jar
7fb8187aa000-7fb8187af000 r--s 00036000 08:02 4064586                    /home/mihalis/.m2/repository/org/apache/tomcat/embed/tomcat-embed-el/8.0.32/tomcat-embed-el-8.0.32.jar
7fb8187af000-7fb8187d4000 r--s 00290000 08:02 4064584                    /home/mihalis/.m2/repository/org/apache/tomcat/embed/tomcat-embed-core/8.0.32/tomcat-embed-core-8.0.32.jar
7fb8187d4000-7fb8187df000 r--s 00065000 08:02 3542277                    /home/mihalis/.m2/repository/ch/qos/logback/logback-core/1.1.5/logback-core-1.1.5.jar
7fb8187df000-7fb8187f6000 r--s 000a2000 08:02 4064572                    /home/mihalis/.m2/repository/org/springframework/boot/spring-boot-autoconfigure/1.3.3.RELEASE/spring-boot-autoconfigure-1.3.3.RELEASE.jar
7fb8187f6000-7fb8187f7000 ---p 00000000 00:00 0 
7fb8187f7000-7fb8188f7000 rw-p 00000000 00:00 0                          [stack:7615]
7fb8188f7000-7fb8188fa000 ---p 00000000 00:00 0 
7fb8188fa000-7fb8189f8000 rw-p 00000000 00:00 0                          [stack:7614]
7fb8189f8000-7fb8189fb000 ---p 00000000 00:00 0 
7fb8189fb000-7fb818af9000 rw-p 00000000 00:00 0                          [stack:7613]
7fb818af9000-7fb818afc000 ---p 00000000 00:00 0 
7fb818afc000-7fb818bfa000 rw-p 00000000 00:00 0                          [stack:7612]
7fb818bfa000-7fb818bfd000 ---p 00000000 00:00 0 
7fb818bfd000-7fb818cfb000 rw-p 00000000 00:00 0                          [stack:7611]
7fb818cfb000-7fb8193de000 r--p 00000000 08:02 6953812                    /usr/lib/locale/locale-archive
7fb8193de000-7fb8193e1000 ---p 00000000 00:00 0 
7fb8193e1000-7fb8194df000 rw-p 00000000 00:00 0                          [stack:7610]
7fb8194df000-7fb8194e2000 ---p 00000000 00:00 0 
7fb8194e2000-7fb8195e0000 rw-p 00000000 00:00 0                          [stack:7609]
7fb8195e0000-7fb8195e1000 ---p 00000000 00:00 0 
7fb8195e1000-7fb81a096000 rw-p 00000000 00:00 0                          [stack:7608]
7fb81a096000-7fb81a248000 r--s 01d2f000 08:02 11403448                   /usr/lib/jvm/java-7-openjdk-amd64/jre/lib/rt.jar
7fb81a248000-7fb81beb9000 rw-p 00000000 00:00 0 
7fb81beb9000-7fb81beba000 ---p 00000000 00:00 0 
7fb81beba000-7fb81bfba000 rw-p 00000000 00:00 0                          [stack:7607]
7fb81bfba000-7fb81bfbb000 ---p 00000000 00:00 0 
7fb81bfbb000-7fb81c0cd000 rw-p 00000000 00:00 0                          [stack:7606]
7fb81c0cd000-7fb81c10e000 rw-p 00000000 00:00 0 
7fb81c10e000-7fb81c11a000 rw-p 00000000 00:00 0 
7fb81c11a000-7fb81c1ec000 rw-p 00000000 00:00 0 
7fb81c1ec000-7fb81c1fe000 rw-p 00000000 00:00 0 
7fb81c1fe000-7fb81c23f000 rw-p 00000000 00:00 0 
7fb81c23f000-7fb81c24b000 rw-p 00000000 00:00 0 
7fb81c24b000-7fb81c31d000 rw-p 00000000 00:00 0 
7fb81c31d000-7fb81c35a000 rw-p 00000000 00:00 0 
7fb81c35a000-7fb81c38c000 rw-p 00000000 00:00 0 
7fb81c38c000-7fb81c38d000 rw-p 00000000 00:00 0 
7fb81c38d000-7fb81c5fd000 rwxp 00000000 00:00 0 
7fb81c5fd000-7fb81f38d000 rw-p 00000000 00:00 0 
7fb81f38d000-7fb81f395000 r-xp 00000000 08:02 11403475                   /usr/lib/jvm/java-7-openjdk-amd64/jre/lib/amd64/libzip.so
7fb81f395000-7fb81f594000 ---p 00008000 08:02 11403475                   /usr/lib/jvm/java-7-openjdk-amd64/jre/lib/amd64/libzip.so
7fb81f594000-7fb81f595000 r--p 00007000 08:02 11403475                   /usr/lib/jvm/java-7-openjdk-amd64/jre/lib/amd64/libzip.so
7fb81f595000-7fb81f596000 rw-p 00008000 08:02 11403475                   /usr/lib/jvm/java-7-openjdk-amd64/jre/lib/amd64/libzip.so
7fb81f596000-7fb81f5a1000 r-xp 00000000 08:02 7602279                    /lib/x86_64-linux-gnu/libnss_files-2.19.so
7fb81f5a1000-7fb81f7a0000 ---p 0000b000 08:02 7602279                    /lib/x86_64-linux-gnu/libnss_files-2.19.so
7fb81f7a0000-7fb81f7a1000 r--p 0000a000 08:02 7602279                    /lib/x86_64-linux-gnu/libnss_files-2.19.so
7fb81f7a1000-7fb81f7a2000 rw-p 0000b000 08:02 7602279                    /lib/x86_64-linux-gnu/libnss_files-2.19.so
7fb81f7a2000-7fb81f7ad000 r-xp 00000000 08:02 7602271                    /lib/x86_64-linux-gnu/libnss_nis-2.19.so
7fb81f7ad000-7fb81f9ac000 ---p 0000b000 08:02 7602271                    /lib/x86_64-linux-gnu/libnss_nis-2.19.so
7fb81f9ac000-7fb81f9ad000 r--p 0000a000 08:02 7602271                    /lib/x86_64-linux-gnu/libnss_nis-2.19.so
7fb81f9ad000-7fb81f9ae000 rw-p 0000b000 08:02 7602271                    /lib/x86_64-linux-gnu/libnss_nis-2.19.so
7fb81f9ae000-7fb81f9c5000 r-xp 00000000 08:02 7602267                    /lib/x86_64-linux-gnu/libnsl-2.19.so
7fb81f9c5000-7fb81fbc4000 ---p 00017000 08:02 7602267                    /lib/x86_64-linux-gnu/libnsl-2.19.so
7fb81fbc4000-7fb81fbc5000 r--p 00016000 08:02 7602267                    /lib/x86_64-linux-gnu/libnsl-2.19.so
7fb81fbc5000-7fb81fbc6000 rw-p 00017000 08:02 7602267                    /lib/x86_64-linux-gnu/libnsl-2.19.so
7fb81fbc6000-7fb81fbc8000 rw-p 00000000 00:00 0 
7fb81fbc8000-7fb81fbd1000 r-xp 00000000 08:02 7602266                    /lib/x86_64-linux-gnu/libnss_compat-2.19.so
7fb81fbd1000-7fb81fdd0000 ---p 00009000 08:02 7602266                    /lib/x86_64-linux-gnu/libnss_compat-2.19.so
7fb81fdd0000-7fb81fdd1000 r--p 00008000 08:02 7602266                    /lib/x86_64-linux-gnu/libnss_compat-2.19.so
7fb81fdd1000-7fb81fdd2000 rw-p 00009000 08:02 7602266                    /lib/x86_64-linux-gnu/libnss_compat-2.19.so
7fb81fdd2000-7fb81fdfd000 r-xp 00000000 08:02 11403528                   /usr/lib/jvm/java-7-openjdk-amd64/jre/lib/amd64/libjava.so
7fb81fdfd000-7fb81fffd000 ---p 0002b000 08:02 11403528                   /usr/lib/jvm/java-7-openjdk-amd64/jre/lib/amd64/libjava.so
7fb81fffd000-7fb81fffe000 r--p 0002b000 08:02 11403528                   /usr/lib/jvm/java-7-openjdk-amd64/jre/lib/amd64/libjava.so
7fb81fffe000-7fb820000000 rw-p 0002c000 08:02 11403528                   /usr/lib/jvm/java-7-openjdk-amd64/jre/lib/amd64/libjava.so
7fb820000000-7fb820cb4000 rw-p 00000000 00:00 0 
7fb820cb4000-7fb824000000 ---p 00000000 00:00 0 
7fb824000000-7fb824006000 r--s 0003c000 08:02 4064580                    /home/mihalis/.m2/repository/org/yaml/snakeyaml/1.16/snakeyaml-1.16.jar
7fb824006000-7fb82400c000 r--s 0003f000 08:02 3283427                    /home/mihalis/.m2/repository/ch/qos/logback/logback-classic/1.1.5/logback-classic-1.1.5.jar
7fb82400c000-7fb82401a000 r--s 00078000 08:02 4064570                    /home/mihalis/.m2/repository/org/springframework/boot/spring-boot/1.3.3.RELEASE/spring-boot-1.3.3.RELEASE.jar
7fb82401a000-7fb824042000 rw-p 00000000 00:00 0 
7fb824042000-7fb824052000 r-xp 00000000 08:02 11403490                   /usr/lib/jvm/java-7-openjdk-amd64/jre/lib/amd64/libverify.so
7fb824052000-7fb824251000 ---p 00010000 08:02 11403490                   /usr/lib/jvm/java-7-openjdk-amd64/jre/lib/amd64/libverify.so
7fb824251000-7fb824253000 r--p 0000f000 08:02 11403490                   /usr/lib/jvm/java-7-openjdk-amd64/jre/lib/amd64/libverify.so
7fb824253000-7fb824254000 rw-p 00011000 08:02 11403490                   /usr/lib/jvm/java-7-openjdk-amd64/jre/lib/amd64/libverify.so
7fb824254000-7fb82425b000 r-xp 00000000 08:02 7602275                    /lib/x86_64-linux-gnu/librt-2.19.so
7fb82425b000-7fb82445a000 ---p 00007000 08:02 7602275                    /lib/x86_64-linux-gnu/librt-2.19.so
7fb82445a000-7fb82445b000 r--p 00006000 08:02 7602275                    /lib/x86_64-linux-gnu/librt-2.19.so
7fb82445b000-7fb82445c000 rw-p 00007000 08:02 7602275                    /lib/x86_64-linux-gnu/librt-2.19.so
7fb82445c000-7fb824472000 r-xp 00000000 08:02 7606350                    /lib/x86_64-linux-gnu/libgcc_s.so.1
7fb824472000-7fb824671000 ---p 00016000 08:02 7606350                    /lib/x86_64-linux-gnu/libgcc_s.so.1
7fb824671000-7fb824672000 rw-p 00015000 08:02 7606350                    /lib/x86_64-linux-gnu/libgcc_s.so.1
7fb824672000-7fb824777000 r-xp 00000000 08:02 7602195                    /lib/x86_64-linux-gnu/libm-2.19.so
7fb824777000-7fb824976000 ---p 00105000 08:02 7602195                    /lib/x86_64-linux-gnu/libm-2.19.so
7fb824976000-7fb824977000 r--p 00104000 08:02 7602195                    /lib/x86_64-linux-gnu/libm-2.19.so
7fb824977000-7fb824978000 rw-p 00105000 08:02 7602195                    /lib/x86_64-linux-gnu/libm-2.19.so
7fb824978000-7fb824a5e000 r-xp 00000000 08:02 6946839                    /usr/lib/x86_64-linux-gnu/libstdc++.so.6.0.19
7fb824a5e000-7fb824c5d000 ---p 000e6000 08:02 6946839                    /usr/lib/x86_64-linux-gnu/libstdc++.so.6.0.19
7fb824c5d000-7fb824c65000 r--p 000e5000 08:02 6946839                    /usr/lib/x86_64-linux-gnu/libstdc++.so.6.0.19
7fb824c65000-7fb824c67000 rw-p 000ed000 08:02 6946839                    /usr/lib/x86_64-linux-gnu/libstdc++.so.6.0.19
7fb824c67000-7fb824c7c000 rw-p 00000000 00:00 0 
7fb824c7c000-7fb8257a1000 r-xp 00000000 08:02 11403479                   /usr/lib/jvm/java-7-openjdk-amd64/jre/lib/amd64/server/libjvm.so
7fb8257a1000-7fb8259a1000 ---p 00b25000 08:02 11403479                   /usr/lib/jvm/java-7-openjdk-amd64/jre/lib/amd64/server/libjvm.so
7fb8259a1000-7fb825a3b000 r--p 00b25000 08:02 11403479                   /usr/lib/jvm/java-7-openjdk-amd64/jre/lib/amd64/server/libjvm.so
7fb825a3b000-7fb825a5e000 rw-p 00bbf000 08:02 11403479                   /usr/lib/jvm/java-7-openjdk-amd64/jre/lib/amd64/server/libjvm.so
7fb825a5e000-7fb825a8c000 rw-p 00000000 00:00 0 
7fb825a8c000-7fb825aa4000 r-xp 00000000 08:02 7606536                    /lib/x86_64-linux-gnu/libz.so.1.2.8
7fb825aa4000-7fb825ca3000 ---p 00018000 08:02 7606536                    /lib/x86_64-linux-gnu/libz.so.1.2.8
7fb825ca3000-7fb825ca4000 r--p 00017000 08:02 7606536                    /lib/x86_64-linux-gnu/libz.so.1.2.8
7fb825ca4000-7fb825ca5000 rw-p 00018000 08:02 7606536                    /lib/x86_64-linux-gnu/libz.so.1.2.8
7fb825ca5000-7fb825cbe000 r-xp 00000000 08:02 7602268                    /lib/x86_64-linux-gnu/libpthread-2.19.so
7fb825cbe000-7fb825ebd000 ---p 00019000 08:02 7602268                    /lib/x86_64-linux-gnu/libpthread-2.19.so
7fb825ebd000-7fb825ebe000 r--p 00018000 08:02 7602268                    /lib/x86_64-linux-gnu/libpthread-2.19.so
7fb825ebe000-7fb825ebf000 rw-p 00019000 08:02 7602268                    /lib/x86_64-linux-gnu/libpthread-2.19.so
7fb825ebf000-7fb825ec3000 rw-p 00000000 00:00 0 
7fb825ec3000-7fb825ec6000 r-xp 00000000 08:02 7602205                    /lib/x86_64-linux-gnu/libdl-2.19.so
7fb825ec6000-7fb8260c5000 ---p 00003000 08:02 7602205                    /lib/x86_64-linux-gnu/libdl-2.19.so
7fb8260c5000-7fb8260c6000 r--p 00002000 08:02 7602205                    /lib/x86_64-linux-gnu/libdl-2.19.so
7fb8260c6000-7fb8260c7000 rw-p 00003000 08:02 7602205                    /lib/x86_64-linux-gnu/libdl-2.19.so
7fb8260c7000-7fb826282000 r-xp 00000000 08:02 7602276                    /lib/x86_64-linux-gnu/libc-2.19.so
7fb826282000-7fb826481000 ---p 001bb000 08:02 7602276                    /lib/x86_64-linux-gnu/libc-2.19.so
7fb826481000-7fb826485000 r--p 001ba000 08:02 7602276                    /lib/x86_64-linux-gnu/libc-2.19.so
7fb826485000-7fb826487000 rw-p 001be000 08:02 7602276                    /lib/x86_64-linux-gnu/libc-2.19.so
7fb826487000-7fb82648c000 rw-p 00000000 00:00 0 
7fb82648c000-7fb826499000 r-xp 00000000 08:02 11403461                   /usr/lib/jvm/java-7-openjdk-amd64/jre/lib/amd64/jli/libjli.so
7fb826499000-7fb826698000 ---p 0000d000 08:02 11403461                   /usr/lib/jvm/java-7-openjdk-amd64/jre/lib/amd64/jli/libjli.so
7fb826698000-7fb826699000 r--p 0000c000 08:02 11403461                   /usr/lib/jvm/java-7-openjdk-amd64/jre/lib/amd64/jli/libjli.so
7fb826699000-7fb82669a000 rw-p 0000d000 08:02 11403461                   /usr/lib/jvm/java-7-openjdk-amd64/jre/lib/amd64/jli/libjli.so
7fb82669a000-7fb8266bd000 r-xp 00000000 08:02 7602269                    /lib/x86_64-linux-gnu/ld-2.19.so
7fb8266bd000-7fb8266be000 r--s 00000000 08:02 4064582                    /home/mihalis/.m2/repository/org/springframework/boot/spring-boot-starter-tomcat/1.3.3.RELEASE/spring-boot-starter-tomcat-1.3.3.RELEASE.jar
7fb8266be000-7fb8266c0000 r--s 00004000 08:02 4064578                    /home/mihalis/.m2/repository/org/slf4j/log4j-over-slf4j/1.7.16/log4j-over-slf4j-1.7.16.jar
7fb8266c0000-7fb8266c2000 r--s 00000000 08:02 4064576                    /home/mihalis/.m2/repository/org/slf4j/jul-to-slf4j/1.7.16/jul-to-slf4j-1.7.16.jar
7fb8266c2000-7fb8266c3000 r--s 00000000 08:02 4064574                    /home/mihalis/.m2/repository/org/springframework/boot/spring-boot-starter-logging/1.3.3.RELEASE/spring-boot-starter-logging-1.3.3.RELEASE.jar
7fb8266c3000-7fb8266c4000 r--s 00000000 08:02 4064568                    /home/mihalis/.m2/repository/org/springframework/boot/spring-boot-starter/1.3.3.RELEASE/spring-boot-starter-1.3.3.RELEASE.jar
7fb8266c4000-7fb8266c5000 r--s 00000000 08:02 4064358                    /home/mihalis/.m2/repository/org/springframework/boot/spring-boot-starter-web/1.3.3.RELEASE/spring-boot-starter-web-1.3.3.RELEASE.jar
7fb8266c5000-7fb8266c6000 r--s 00002000 08:02 11403553                   /usr/lib/jvm/java-7-openjdk-amd64/jre/lib/ext/dnsns.jar
7fb8266c6000-7fb8266ca000 r--s 00085000 08:02 11403545                   /usr/lib/jvm/java-7-openjdk-amd64/jre/lib/ext/localedata.jar
7fb8266ca000-7fb8266cc000 r--s 00006000 08:02 7346413                    /usr/share/java/java-atk-wrapper.jar
7fb8266cc000-7fb8266ce000 r--s 00012000 08:02 11403549                   /usr/lib/jvm/java-7-openjdk-amd64/jre/lib/ext/zipfs.jar
7fb8266ce000-7fb8266e9000 rw-p 00000000 00:00 0 
7fb8266e9000-7fb82679f000 rw-p 00000000 00:00 0 
7fb82679f000-7fb8267a2000 ---p 00000000 00:00 0 
7fb8267a2000-7fb8268a5000 rw-p 00000000 00:00 0                          [stack:7605]
7fb8268a5000-7fb8268a8000 r--s 0000f000 08:02 11403555                   /usr/lib/jvm/java-7-openjdk-amd64/jre/lib/ext/icedtea-sound.jar
7fb8268a8000-7fb8268ac000 r--s 00034000 08:02 11403547                   /usr/lib/jvm/java-7-openjdk-amd64/jre/lib/ext/sunjce_provider.jar
7fb8268ac000-7fb8268b0000 r--s 0003c000 08:02 11403551                   /usr/lib/jvm/java-7-openjdk-amd64/jre/lib/ext/sunpkcs11.jar
7fb8268b0000-7fb8268b8000 rw-s 00000000 08:02 3937400                    /tmp/hsperfdata_mihalis/7600
7fb8268b8000-7fb8268b9000 rw-p 00000000 00:00 0 
7fb8268b9000-7fb8268ba000 ---p 00000000 00:00 0 
7fb8268ba000-7fb8268bc000 rw-p 00000000 00:00 0 
7fb8268bc000-7fb8268bd000 r--p 00022000 08:02 7602269                    /lib/x86_64-linux-gnu/ld-2.19.so
7fb8268bd000-7fb8268be000 rw-p 00023000 08:02 7602269                    /lib/x86_64-linux-gnu/ld-2.19.so
7fb8268be000-7fb8268bf000 rw-p 00000000 00:00 0 
7ffddc229000-7ffddc24b000 rw-p 00000000 00:00 0                          [stack]
7ffddc267000-7ffddc269000 r--p 00000000 00:00 0                          [vvar]
7ffddc269000-7ffddc26b000 r-xp 00000000 00:00 0                          [vdso]
ffffffffff600000-ffffffffff601000 r-xp 00000000 00:00 0                  [vsyscall]

VM Arguments:
jvm_args: -Dfile.encoding=UTF-8 
java_command: com.agroknow.cimmyt.Application
Launcher Type: SUN_STANDARD

Environment Variables:
PATH=/usr/local/sbin:/usr/local/bin:/usr/sbin:/usr/bin:/sbin:/bin:/usr/games:/usr/local/games
SHELL=/bin/bash
DISPLAY=:0.0

Signal Handlers:
SIGSEGV: [libjvm.so+0x955bc0], sa_mask[0]=0x7ffbfeff, sa_flags=0x10000004
SIGBUS: [libjvm.so+0x955bc0], sa_mask[0]=0x7ffbfeff, sa_flags=0x10000004
SIGFPE: [libjvm.so+0x7caff0], sa_mask[0]=0x7ffbfeff, sa_flags=0x10000004
SIGPIPE: [libjvm.so+0x7caff0], sa_mask[0]=0x7ffbfeff, sa_flags=0x10000004
SIGXFSZ: [libjvm.so+0x7caff0], sa_mask[0]=0x7ffbfeff, sa_flags=0x10000004
SIGILL: [libjvm.so+0x7caff0], sa_mask[0]=0x7ffbfeff, sa_flags=0x10000004
SIGUSR1: SIG_DFL, sa_mask[0]=0x00000000, sa_flags=0x00000000
SIGUSR2: [libjvm.so+0x7cae90], sa_mask[0]=0x00000004, sa_flags=0x10000004
SIGHUP: [libjvm.so+0x7cb070], sa_mask[0]=0x7ffbfeff, sa_flags=0x10000004
SIGINT: [libjvm.so+0x7cb070], sa_mask[0]=0x7ffbfeff, sa_flags=0x10000004
SIGTERM: [libjvm.so+0x7cb070], sa_mask[0]=0x7ffbfeff, sa_flags=0x10000004
SIGQUIT: [libjvm.so+0x7cb070], sa_mask[0]=0x7ffbfeff, sa_flags=0x10000004
SIGTRAP: SIG_DFL, sa_mask[0]=0x00000000, sa_flags=0x00000000


---------------  S Y S T E M  ---------------

OS:Ubuntu 14.04 (trusty)
uname:Linux 3.19.0-56-generic #62~14.04.1-Ubuntu SMP Fri Mar 11 11:03:15 UTC 2016 x86_64
libc:glibc 2.19 NPTL 2.19 
rlimit: STACK 8192k, CORE 0k, NPROC 6519, NOFILE 4096, AS infinity
load average:1,63 0,77 0,56

/proc/meminfo:
MemTotal:        1926288 kB
MemFree:           75036 kB
MemAvailable:      42408 kB
Buffers:            1108 kB
Cached:           139348 kB
SwapCached:         1940 kB
Active:          1258868 kB
Inactive:         426788 kB
Active(anon):    1247736 kB
Inactive(anon):   415176 kB
Active(file):      11132 kB
Inactive(file):    11612 kB
Unevictable:         224 kB
Mlocked:             224 kB
SwapTotal:       1973244 kB
SwapFree:              0 kB
Dirty:              3172 kB
Writeback:             0 kB
AnonPages:       1544648 kB
Mapped:            21488 kB
Shmem:            117640 kB
Slab:              56692 kB
SReclaimable:      24624 kB
SUnreclaim:        32068 kB
KernelStack:       12432 kB
PageTables:        46444 kB
NFS_Unstable:          0 kB
Bounce:                0 kB
WritebackTmp:          0 kB
CommitLimit:     2936388 kB
Committed_AS:    9144620 kB
VmallocTotal:   34359738367 kB
VmallocUsed:      543428 kB
VmallocChunk:   34359174304 kB
HardwareCorrupted:     0 kB
AnonHugePages:    331776 kB
CmaTotal:              0 kB
CmaFree:               0 kB
HugePages_Total:       0
HugePages_Free:        0
HugePages_Rsvd:        0
HugePages_Surp:        0
Hugepagesize:       2048 kB
DirectMap4k:      143432 kB
DirectMap2M:     1830912 kB


CPU:total 2 (2 cores per cpu, 1 threads per core) family 6 model 55 stepping 8, cmov, cx8, fxsr, mmx, sse, sse2, sse3, ssse3, sse4.1, sse4.2, popcnt, erms, tsc, tscinvbit

/proc/cpuinfo:
processor	: 0
vendor_id	: GenuineIntel
cpu family	: 6
model		: 55
model name	: Intel(R) Celeron(R) CPU  N2808  @ 1.58GHz
stepping	: 8
microcode	: 0x815
cpu MHz		: 2249.226
cache size	: 1024 KB
physical id	: 0
siblings	: 2
core id		: 0
cpu cores	: 2
apicid		: 0
initial apicid	: 0
fpu		: yes
fpu_exception	: yes
cpuid level	: 11
wp		: yes
flags		: fpu vme de pse tsc msr pae mce cx8 apic sep mtrr pge mca cmov pat pse36 clflush dts acpi mmx fxsr sse sse2 ss ht tm pbe syscall nx rdtscp lm constant_tsc arch_perfmon pebs bts rep_good nopl xtopology nonstop_tsc aperfmperf pni pclmulqdq dtes64 monitor ds_cpl vmx est tm2 ssse3 cx16 xtpr pdcm sse4_1 sse4_2 movbe popcnt tsc_deadline_timer rdrand lahf_lm 3dnowprefetch ida arat epb dtherm tpr_shadow vnmi flexpriority ept vpid tsc_adjust smep erms
bugs		:
bogomips	: 3161.60
clflush size	: 64
cache_alignment	: 64
address sizes	: 36 bits physical, 48 bits virtual
power management:

processor	: 1
vendor_id	: GenuineIntel
cpu family	: 6
model		: 55
model name	: Intel(R) Celeron(R) CPU  N2808  @ 1.58GHz
stepping	: 8
microcode	: 0x815
cpu MHz		: 2249.041
cache size	: 1024 KB
physical id	: 0
siblings	: 2
core id		: 1
cpu cores	: 2
apicid		: 2
initial apicid	: 2
fpu		: yes
fpu_exception	: yes
cpuid level	: 11
wp		: yes
flags		: fpu vme de pse tsc msr pae mce cx8 apic sep mtrr pge mca cmov pat pse36 clflush dts acpi mmx fxsr sse sse2 ss ht tm pbe syscall nx rdtscp lm constant_tsc arch_perfmon pebs bts rep_good nopl xtopology nonstop_tsc aperfmperf pni pclmulqdq dtes64 monitor ds_cpl vmx est tm2 ssse3 cx16 xtpr pdcm sse4_1 sse4_2 movbe popcnt tsc_deadline_timer rdrand lahf_lm 3dnowprefetch ida arat epb dtherm tpr_shadow vnmi flexpriority ept vpid tsc_adjust smep erms
bugs		:
bogomips	: 3161.60
clflush size	: 64
cache_alignment	: 64
address sizes	: 36 bits physical, 48 bits virtual
power management:



Memory: 4k page, physical 1926288k(75036k free), swap 1973244k(0k free)

vm_info: OpenJDK 64-Bit Server VM (24.95-b01) for linux-amd64 JRE (1.7.0_95-b00), built on Jan 21 2016 03:31:40 by "buildd" with gcc 4.8.4

time: Wed Apr 13 13:38:17 2016
elapsed time: 18 seconds

