#
# There is insufficient memory for the Java Runtime Environment to continue.
# Native memory allocation (malloc) failed to allocate 70254592 bytes for committing reserved memory.
# Possible reasons:
#   The system is out of physical RAM or swap space
#   In 32 bit mode, the process size limit was hit
# Possible solutions:
#   Reduce memory load on the system
#   Increase physical memory or swap space
#   Check if swap backing store is full
#   Use 64 bit Java on a 64 bit OS
#   Decrease Java heap size (-Xmx/-Xms)
#   Decrease number of Java threads
#   Decrease Java thread stack sizes (-Xss)
#   Set larger code cache with -XX:ReservedCodeCacheSize=
# This output file may be truncated or incomplete.
#
#  Out of Memory Error (os_linux.cpp:2827), pid=8264, tid=140249506367232
#
# JRE version: OpenJDK Runtime Environment (7.0_95) (build 1.7.0_95-b00)
# Java VM: OpenJDK 64-Bit Server VM (24.95-b01 mixed mode linux-amd64 compressed oops)
# Derivative: IcedTea 2.6.4
# Distribution: Ubuntu 14.04.3 LTS, package 7u95-2.6.4-0ubuntu0.14.04.1
# Failed to write core dump. Core dumps have been disabled. To enable core dumping, try "ulimit -c unlimited" before starting Java again
#

---------------  T H R E A D  ---------------

Current thread (0x00007f8e68073800):  VMThread [stack: 0x00007f8e61f1c000,0x00007f8e6201d000] [id=8272]

Stack: [0x00007f8e61f1c000,0x00007f8e6201d000],  sp=0x00007f8e6201b490,  free space=1021k
Native frames: (J=compiled Java code, j=interpreted, Vv=VM code, C=native code)
V  [libjvm.so+0x9550e5]
V  [libjvm.so+0x4902b4]
V  [libjvm.so+0x7cf7bb]
V  [libjvm.so+0x7ca28f]
V  [libjvm.so+0x83e56b]
V  [libjvm.so+0x83f3e0]
V  [libjvm.so+0x83facb]
V  [libjvm.so+0x83b4d8]
V  [libjvm.so+0x83bd48]
V  [libjvm.so+0x7f1fd3]
V  [libjvm.so+0x956ae4]
V  [libjvm.so+0x95abe7]
V  [libjvm.so+0x9596a8]
V  [libjvm.so+0x959b09]
V  [libjvm.so+0x959f52]
V  [libjvm.so+0x7cc682]

VM_Operation (0x00007f8e6f1c46b0): ParallelGCFailedAllocation, mode: safepoint, requested by thread 0x00007f8e6800c800


---------------  P R O C E S S  ---------------

Java Threads: ( => current thread )
  0x00007f8e68528000 JavaThread "container-0" [_thread_blocked, id=8286, stack(0x00007f8e3b05e000,0x00007f8e3b15f000)]
  0x00007f8e28176800 JavaThread "ContainerBackgroundProcessor[StandardEngine[Tomcat].StandardHost[localhost].StandardContext[]]" daemon [_thread_blocked, id=8285, stack(0x00007f8e3b15f000,0x00007f8e3b260000)]
  0x00007f8e3021d000 JavaThread "localhost-startStop-1" daemon [_thread_blocked, id=8283, stack(0x00007f8e3b260000,0x00007f8e3b361000)]
  0x00007f8e68869000 JavaThread "Tomcat-startStop-1" daemon [_thread_blocked, id=8282, stack(0x00007f8e60024000,0x00007f8e60125000)]
  0x00007f8e680af800 JavaThread "Service Thread" daemon [_thread_blocked, id=8278, stack(0x00007f8e61233000,0x00007f8e61334000)]
  0x00007f8e680ad800 JavaThread "C2 CompilerThread1" daemon [_thread_blocked, id=8277, stack(0x00007f8e61334000,0x00007f8e61435000)]
  0x00007f8e680aa800 JavaThread "C2 CompilerThread0" daemon [_thread_blocked, id=8276, stack(0x00007f8e61435000,0x00007f8e61536000)]
  0x00007f8e680a8000 JavaThread "Signal Dispatcher" daemon [_thread_blocked, id=8275, stack(0x00007f8e61536000,0x00007f8e61637000)]
  0x00007f8e6807a000 JavaThread "Finalizer" daemon [_thread_blocked, id=8274, stack(0x00007f8e61d1a000,0x00007f8e61e1b000)]
  0x00007f8e68078000 JavaThread "Reference Handler" daemon [_thread_blocked, id=8273, stack(0x00007f8e61e1b000,0x00007f8e61f1c000)]
  0x00007f8e6800c800 JavaThread "main" [_thread_blocked, id=8269, stack(0x00007f8e6f0ca000,0x00007f8e6f1cb000)]

Other Threads:
=>0x00007f8e68073800 VMThread [stack: 0x00007f8e61f1c000,0x00007f8e6201d000] [id=8272]
  0x00007f8e680ba800 WatcherThread [stack: 0x00007f8e61132000,0x00007f8e61233000] [id=8279]

VM state:at safepoint (normal execution)

VM Mutex/Monitor currently owned by a thread:  ([mutex/lock_event])
[0x00007f8e68009040] Threads_lock - owner thread: 0x00007f8e68073800
[0x00007f8e68009540] Heap_lock - owner thread: 0x00007f8e6800c800

Heap
 PSYoungGen      total 112640K, used 9723K [0x00000000f2200000, 0x00000000f9b00000, 0x0000000100000000)
  eden space 102912K, 0% used [0x00000000f2200000,0x00000000f2200000,0x00000000f8680000)
  from space 9728K, 99% used [0x00000000f8680000,0x00000000f8ffed80,0x00000000f9000000)
  to   space 8192K, 0% used [0x00000000f9000000,0x00000000f9000000,0x00000000f9800000)
 ParOldGen       total 22016K, used 21505K [0x00000000d6600000, 0x00000000d7b80000, 0x00000000f2200000)
  object space 22016K, 97% used [0x00000000d6600000,0x00000000d7b004e8,0x00000000d7b80000)
 PSPermGen       total 34816K, used 34491K [0x00000000cc000000, 0x00000000ce200000, 0x00000000d6600000)
  object space 34816K, 99% used [0x00000000cc000000,0x00000000ce1aef88,0x00000000ce200000)

Card table byte_map: [0x00007f8e64a4a000,0x00007f8e64beb000] byte_map_base: 0x00007f8e643ea000

Polling page: 0x00007f8e6f1e4000

Code Cache  [0x00007f8e64beb000, 0x00007f8e64e5b000, 0x00007f8e67beb000)
 total_blobs=902 nmethods=534 adapters=321 free_code_cache=47150Kb largest_free_block=48188416

Compilation events (10 events):
Event: 15,301 Thread 0x00007f8e680ad800  609             java.util.BitSet::checkInvariants (111 bytes)
Event: 15,301 Thread 0x00007f8e680ad800 nmethod 609 0x00007f8e64cc0d90 code [0x00007f8e64cc0ec0, 0x00007f8e64cc0f18]
Event: 15,459 Thread 0x00007f8e680ad800  610             java.util.HashMap$EntrySet::iterator (8 bytes)
Event: 15,460 Thread 0x00007f8e680ad800 nmethod 610 0x00007f8e64cf5c10 code [0x00007f8e64cf5d60, 0x00007f8e64cf5dd8]
Event: 15,652 Thread 0x00007f8e680ad800  611             java.net.URLClassLoader$1::run (5 bytes)
Event: 15,657 Thread 0x00007f8e680aa800  613   !         java.net.URLClassLoader$1::run (73 bytes)
Event: 15,702 Thread 0x00007f8e680aa800 nmethod 613 0x00007f8e64cf4cd0 code [0x00007f8e64cf4ea0, 0x00007f8e64cf53e0]
Event: 15,704 Thread 0x00007f8e680ad800 nmethod 611 0x00007f8e64dbdcd0 code [0x00007f8e64dbdea0, 0x00007f8e64dbe3e0]
Event: 15,995 Thread 0x00007f8e680aa800  614   !         java.util.zip.Inflater::ended (32 bytes)
Event: 15,998 Thread 0x00007f8e680aa800 nmethod 614 0x00007f8e64dbfa50 code [0x00007f8e64dbfba0, 0x00007f8e64dbfe38]

GC Heap History (10 events):
Event: 3,775 GC heap after
Heap after GC invocations=6 (full 0):
 PSYoungGen      total 37376K, used 3673K [0x00000000f2200000, 0x00000000f4b00000, 0x0000000100000000)
  eden space 32768K, 0% used [0x00000000f2200000,0x00000000f2200000,0x00000000f4200000)
  from space 4608K, 79% used [0x00000000f4680000,0x00000000f4a16710,0x00000000f4b00000)
  to   space 4608K, 0% used [0x00000000f4200000,0x00000000f4200000,0x00000000f4680000)
 ParOldGen       total 19968K, used 9183K [0x00000000d6600000, 0x00000000d7980000, 0x00000000f2200000)
  object space 19968K, 45% used [0x00000000d6600000,0x00000000d6ef7e28,0x00000000d7980000)
 PSPermGen       total 21504K, used 15745K [0x00000000cc000000, 0x00000000cd500000, 0x00000000d6600000)
  object space 21504K, 73% used [0x00000000cc000000,0x00000000ccf60420,0x00000000cd500000)
}
Event: 5,440 GC heap before
{Heap before GC invocations=7 (full 0):
 PSYoungGen      total 37376K, used 36441K [0x00000000f2200000, 0x00000000f4b00000, 0x0000000100000000)
  eden space 32768K, 100% used [0x00000000f2200000,0x00000000f4200000,0x00000000f4200000)
  from space 4608K, 79% used [0x00000000f4680000,0x00000000f4a16710,0x00000000f4b00000)
  to   space 4608K, 0% used [0x00000000f4200000,0x00000000f4200000,0x00000000f4680000)
 ParOldGen       total 19968K, used 9183K [0x00000000d6600000, 0x00000000d7980000, 0x00000000f2200000)
  object space 19968K, 45% used [0x00000000d6600000,0x00000000d6ef7e28,0x00000000d7980000)
 PSPermGen       total 21504K, used 18021K [0x00000000cc000000, 0x00000000cd500000, 0x00000000d6600000)
  object space 21504K, 83% used [0x00000000cc000000,0x00000000cd1997e8,0x00000000cd500000)
Event: 5,473 GC heap after
Heap after GC invocations=7 (full 0):
 PSYoungGen      total 37376K, used 4607K [0x00000000f2200000, 0x00000000f6d00000, 0x0000000100000000)
  eden space 32768K, 0% used [0x00000000f2200000,0x00000000f2200000,0x00000000f4200000)
  from space 4608K, 99% used [0x00000000f4200000,0x00000000f467ff10,0x00000000f4680000)
  to   space 5632K, 0% used [0x00000000f6780000,0x00000000f6780000,0x00000000f6d00000)
 ParOldGen       total 19968K, used 9851K [0x00000000d6600000, 0x00000000d7980000, 0x00000000f2200000)
  object space 19968K, 49% used [0x00000000d6600000,0x00000000d6f9ee80,0x00000000d7980000)
 PSPermGen       total 21504K, used 18021K [0x00000000cc000000, 0x00000000cd500000, 0x00000000d6600000)
  object space 21504K, 83% used [0x00000000cc000000,0x00000000cd1997e8,0x00000000cd500000)
}
Event: 6,243 GC heap before
{Heap before GC invocations=8 (full 0):
 PSYoungGen      total 37376K, used 37375K [0x00000000f2200000, 0x00000000f6d00000, 0x0000000100000000)
  eden space 32768K, 100% used [0x00000000f2200000,0x00000000f4200000,0x00000000f4200000)
  from space 4608K, 99% used [0x00000000f4200000,0x00000000f467ff10,0x00000000f4680000)
  to   space 5632K, 0% used [0x00000000f6780000,0x00000000f6780000,0x00000000f6d00000)
 ParOldGen       total 19968K, used 9851K [0x00000000d6600000, 0x00000000d7980000, 0x00000000f2200000)
  object space 19968K, 49% used [0x00000000d6600000,0x00000000d6f9ee80,0x00000000d7980000)
 PSPermGen       total 21504K, used 18488K [0x00000000cc000000, 0x00000000cd500000, 0x00000000d6600000)
  object space 21504K, 85% used [0x00000000cc000000,0x00000000cd20e228,0x00000000cd500000)
Event: 6,263 GC heap after
Heap after GC invocations=8 (full 0):
 PSYoungGen      total 70656K, used 5362K [0x00000000f2200000, 0x00000000f6e00000, 0x0000000100000000)
  eden space 65024K, 0% used [0x00000000f2200000,0x00000000f2200000,0x00000000f6180000)
  from space 5632K, 95% used [0x00000000f6780000,0x00000000f6cbc9f0,0x00000000f6d00000)
  to   space 6144K, 0% used [0x00000000f6180000,0x00000000f6180000,0x00000000f6780000)
 ParOldGen       total 19968K, used 10275K [0x00000000d6600000, 0x00000000d7980000, 0x00000000f2200000)
  object space 19968K, 51% used [0x00000000d6600000,0x00000000d7008e80,0x00000000d7980000)
 PSPermGen       total 21504K, used 18488K [0x00000000cc000000, 0x00000000cd500000, 0x00000000d6600000)
  object space 21504K, 85% used [0x00000000cc000000,0x00000000cd20e228,0x00000000cd500000)
}
Event: 9,138 GC heap before
{Heap before GC invocations=9 (full 0):
 PSYoungGen      total 70656K, used 70386K [0x00000000f2200000, 0x00000000f6e00000, 0x0000000100000000)
  eden space 65024K, 100% used [0x00000000f2200000,0x00000000f6180000,0x00000000f6180000)
  from space 5632K, 95% used [0x00000000f6780000,0x00000000f6cbc9f0,0x00000000f6d00000)
  to   space 6144K, 0% used [0x00000000f6180000,0x00000000f6180000,0x00000000f6780000)
 ParOldGen       total 19968K, used 10275K [0x00000000d6600000, 0x00000000d7980000, 0x00000000f2200000)
  object space 19968K, 51% used [0x00000000d6600000,0x00000000d7008e80,0x00000000d7980000)
 PSPermGen       total 22016K, used 21647K [0x00000000cc000000, 0x00000000cd580000, 0x00000000d6600000)
  object space 22016K, 98% used [0x00000000cc000000,0x00000000cd523c18,0x00000000cd580000)
Event: 9,171 GC heap after
Heap after GC invocations=9 (full 0):
 PSYoungGen      total 71168K, used 6124K [0x00000000f2200000, 0x00000000f9800000, 0x0000000100000000)
  eden space 65024K, 0% used [0x00000000f2200000,0x00000000f2200000,0x00000000f6180000)
  from space 6144K, 99% used [0x00000000f6180000,0x00000000f677b148,0x00000000f6780000)
  to   space 8192K, 0% used [0x00000000f9000000,0x00000000f9000000,0x00000000f9800000)
 ParOldGen       total 19968K, used 13065K [0x00000000d6600000, 0x00000000d7980000, 0x00000000f2200000)
  object space 19968K, 65% used [0x00000000d6600000,0x00000000d72c2550,0x00000000d7980000)
 PSPermGen       total 22016K, used 21647K [0x00000000cc000000, 0x00000000cd580000, 0x00000000d6600000)
  object space 22016K, 98% used [0x00000000cc000000,0x00000000cd523c18,0x00000000cd580000)
}
Event: 11,779 GC heap before
{Heap before GC invocations=10 (full 0):
 PSYoungGen      total 71168K, used 71148K [0x00000000f2200000, 0x00000000f9800000, 0x0000000100000000)
  eden space 65024K, 100% used [0x00000000f2200000,0x00000000f6180000,0x00000000f6180000)
  from space 6144K, 99% used [0x00000000f6180000,0x00000000f677b148,0x00000000f6780000)
  to   space 8192K, 0% used [0x00000000f9000000,0x00000000f9000000,0x00000000f9800000)
 ParOldGen       total 19968K, used 13065K [0x00000000d6600000, 0x00000000d7980000, 0x00000000f2200000)
  object space 19968K, 65% used [0x00000000d6600000,0x00000000d72c2550,0x00000000d7980000)
 PSPermGen       total 26112K, used 26060K [0x00000000cc000000, 0x00000000cd980000, 0x00000000d6600000)
  object space 26112K, 99% used [0x00000000cc000000,0x00000000cd973298,0x00000000cd980000)
Event: 11,815 GC heap after
Heap after GC invocations=10 (full 0):
 PSYoungGen      total 111104K, used 8190K [0x00000000f2200000, 0x00000000f9b00000, 0x0000000100000000)
  eden space 102912K, 0% used [0x00000000f2200000,0x00000000f2200000,0x00000000f8680000)
  from space 8192K, 99% used [0x00000000f9000000,0x00000000f97ff8f8,0x00000000f9800000)
  to   space 9728K, 0% used [0x00000000f8680000,0x00000000f8680000,0x00000000f9000000)
 ParOldGen       total 19968K, used 14379K [0x00000000d6600000, 0x00000000d7980000, 0x00000000f2200000)
  object space 19968K, 72% used [0x00000000d6600000,0x00000000d740af00,0x00000000d7980000)
 PSPermGen       total 26112K, used 26060K [0x00000000cc000000, 0x00000000cd980000, 0x00000000d6600000)
  object space 26112K, 99% used [0x00000000cc000000,0x00000000cd973298,0x00000000cd980000)
}
Event: 16,003 GC heap before
{Heap before GC invocations=11 (full 0):
 PSYoungGen      total 111104K, used 111102K [0x00000000f2200000, 0x00000000f9b00000, 0x0000000100000000)
  eden space 102912K, 100% used [0x00000000f2200000,0x00000000f8680000,0x00000000f8680000)
  from space 8192K, 99% used [0x00000000f9000000,0x00000000f97ff8f8,0x00000000f9800000)
  to   space 9728K, 0% used [0x00000000f8680000,0x00000000f8680000,0x00000000f9000000)
 ParOldGen       total 19968K, used 14379K [0x00000000d6600000, 0x00000000d7980000, 0x00000000f2200000)
  object space 19968K, 72% used [0x00000000d6600000,0x00000000d740af00,0x00000000d7980000)
 PSPermGen       total 34816K, used 34491K [0x00000000cc000000, 0x00000000ce200000, 0x00000000d6600000)
  object space 34816K, 99% used [0x00000000cc000000,0x00000000ce1aef88,0x00000000ce200000)

Deoptimization events (10 events):
Event: 11,731 Thread 0x00007f8e6800c800 Uncommon trap: reason=null_check action=make_not_entrant pc=0x00007f8e64cf1fbc method=org.springframework.util.ReflectionUtils.getDeclaredMethods(Ljava/lang/Class;)[Ljava/lang/reflect/Method; @ 9
Event: 12,439 Thread 0x00007f8e6800c800 Uncommon trap: reason=unstable_if action=reinterpret pc=0x00007f8e64d2ab48 method=java.util.ArrayList.indexOf(Ljava/lang/Object;)I @ 41
Event: 12,644 Thread 0x00007f8e6800c800 Uncommon trap: reason=unstable_if action=reinterpret pc=0x00007f8e64cd2d84 method=java.util.HashMap.getEntry(Ljava/lang/Object;)Ljava/util/HashMap$Entry; @ 10
Event: 12,644 Thread 0x00007f8e6800c800 Uncommon trap: reason=unstable_if action=reinterpret pc=0x00007f8e64c7cdb4 method=java.util.HashMap.getEntry(Ljava/lang/Object;)Ljava/util/HashMap$Entry; @ 10
Event: 12,882 Thread 0x00007f8e6800c800 Uncommon trap: reason=unstable_if action=reinterpret pc=0x00007f8e64d1d2fc method=org.springframework.core.annotation.AnnotationUtils.findAnnotation(Ljava/lang/Class;Ljava/lang/Class;Ljava/util/Set;)Ljava/lang/annotation/Annotation; @ 38
Event: 12,947 Thread 0x00007f8e6800c800 Uncommon trap: reason=predicate action=maybe_recompile pc=0x00007f8e64d58490 method=org.springframework.util.ReflectionUtils.doWithMethods(Ljava/lang/Class;Lorg/springframework/util/ReflectionUtils$MethodCallback;Lorg/springframework/util/ReflectionUtils$
Event: 13,462 Thread 0x00007f8e6800c800 Uncommon trap: reason=unstable_if action=reinterpret pc=0x00007f8e64d602e4 method=org.springframework.beans.factory.support.DefaultSingletonBeanRegistry.getSingleton(Ljava/lang/String;Z)Ljava/lang/Object; @ 47
Event: 14,020 Thread 0x00007f8e6800c800 Uncommon trap: reason=unstable_if action=reinterpret pc=0x00007f8e64ce2e64 method=java.util.regex.Pattern$BmpCharProperty.match(Ljava/util/regex/Matcher;ILjava/lang/CharSequence;)Z @ 34
Event: 14,233 Thread 0x00007f8e6800c800 Uncommon trap: reason=unstable_if action=reinterpret pc=0x00007f8e64d2cf0c method=java.util.Properties$LineReader.readLine()I @ 37
Event: 14,400 Thread 0x00007f8e6800c800 Uncommon trap: reason=predicate action=maybe_recompile pc=0x00007f8e64d5e82c method=java.util.AbstractCollection.addAll(Ljava/util/Collection;)Z @ 18

Internal exceptions (10 events):
Event: 15,992 Thread 0x00007f8e6800c800 Threw 0x00000000f8615618 at /build/openjdk-7-2FOwCu/openjdk-7-7u95-2.6.4/build/openjdk/hotspot/src/share/vm/prims/jvm.cpp:1322
Event: 15,993 Thread 0x00007f8e6800c800 Threw 0x00000000f861dbb8 at /build/openjdk-7-2FOwCu/openjdk-7-7u95-2.6.4/build/openjdk/hotspot/src/share/vm/prims/jvm.cpp:1322
Event: 15,993 Thread 0x00007f8e6800c800 Threw 0x00000000f8626b80 at /build/openjdk-7-2FOwCu/openjdk-7-7u95-2.6.4/build/openjdk/hotspot/src/share/vm/prims/jvm.cpp:1322
Event: 15,994 Thread 0x00007f8e6800c800 Threw 0x00000000f8631ab8 at /build/openjdk-7-2FOwCu/openjdk-7-7u95-2.6.4/build/openjdk/hotspot/src/share/vm/prims/jvm.cpp:1322
Event: 15,995 Thread 0x00007f8e6800c800 Threw 0x00000000f863bf10 at /build/openjdk-7-2FOwCu/openjdk-7-7u95-2.6.4/build/openjdk/hotspot/src/share/vm/prims/jvm.cpp:1322
Event: 15,997 Thread 0x00007f8e6800c800 Threw 0x00000000f8648290 at /build/openjdk-7-2FOwCu/openjdk-7-7u95-2.6.4/build/openjdk/hotspot/src/share/vm/prims/jvm.cpp:1322
Event: 15,998 Thread 0x00007f8e6800c800 Threw 0x00000000f86516b8 at /build/openjdk-7-2FOwCu/openjdk-7-7u95-2.6.4/build/openjdk/hotspot/src/share/vm/prims/jvm.cpp:1322
Event: 15,998 Thread 0x00007f8e6800c800 Threw 0x00000000f865e588 at /build/openjdk-7-2FOwCu/openjdk-7-7u95-2.6.4/build/openjdk/hotspot/src/share/vm/prims/jvm.cpp:1322
Event: 15,999 Thread 0x00007f8e6800c800 Threw 0x00000000f8668d78 at /build/openjdk-7-2FOwCu/openjdk-7-7u95-2.6.4/build/openjdk/hotspot/src/share/vm/prims/jvm.cpp:1322
Event: 16,000 Thread 0x00007f8e6800c800 Threw 0x00000000f86790c0 at /build/openjdk-7-2FOwCu/openjdk-7-7u95-2.6.4/build/openjdk/hotspot/src/share/vm/prims/jvm.cpp:1322

Events (10 events):
Event: 15,997 loading class 0x00007f8e68a32d30
Event: 15,997 loading class 0x00007f8e68a32d30 done
Event: 15,998 Thread 0x00007f8e680aa800 flushing nmethod 0x00007f8e64cc9bd0
Event: 15,998 loading class 0x00007f8e68b02070
Event: 15,998 loading class 0x00007f8e68b02070 done
Event: 15,999 loading class 0x00007f8e68aff390
Event: 15,999 loading class 0x00007f8e68aff390 done
Event: 16,000 loading class 0x00007f8e68b03260
Event: 16,000 loading class 0x00007f8e68b03260 done
Event: 16,001 Executing VM operation: ParallelGCFailedAllocation


Dynamic libraries:
00400000-00401000 r-xp 00000000 08:02 11403352                           /usr/lib/jvm/java-7-openjdk-amd64/jre/bin/java
00600000-00601000 r--p 00000000 08:02 11403352                           /usr/lib/jvm/java-7-openjdk-amd64/jre/bin/java
00601000-00602000 rw-p 00001000 08:02 11403352                           /usr/lib/jvm/java-7-openjdk-amd64/jre/bin/java
01d63000-01d84000 rw-p 00000000 00:00 0                                  [heap]
cc000000-ce200000 rw-p 00000000 00:00 0 
ce200000-d6600000 rw-p 00000000 00:00 0 
d6600000-d7b80000 rw-p 00000000 00:00 0 
d7b80000-f2200000 rw-p 00000000 00:00 0 
f2200000-f9b00000 rw-p 00000000 00:00 0 
fde00000-100000000 rw-p 00000000 00:00 0 
7f8e20000000-7f8e20021000 rw-p 00000000 00:00 0 
7f8e20021000-7f8e24000000 ---p 00000000 00:00 0 
7f8e28000000-7f8e28199000 rw-p 00000000 00:00 0 
7f8e28199000-7f8e2c000000 ---p 00000000 00:00 0 
7f8e2c000000-7f8e2c021000 rw-p 00000000 00:00 0 
7f8e2c021000-7f8e30000000 ---p 00000000 00:00 0 
7f8e30000000-7f8e30237000 rw-p 00000000 00:00 0 
7f8e30237000-7f8e34000000 ---p 00000000 00:00 0 
7f8e34000000-7f8e34021000 rw-p 00000000 00:00 0 
7f8e34021000-7f8e38000000 ---p 00000000 00:00 0 
7f8e3b05e000-7f8e3b061000 ---p 00000000 00:00 0 
7f8e3b061000-7f8e3b15f000 rw-p 00000000 00:00 0                          [stack:8286]
7f8e3b15f000-7f8e3b162000 ---p 00000000 00:00 0 
7f8e3b162000-7f8e3b260000 rw-p 00000000 00:00 0                          [stack:8285]
7f8e3b260000-7f8e3b263000 ---p 00000000 00:00 0 
7f8e3b263000-7f8e3b361000 rw-p 00000000 00:00 0                          [stack:8283]
7f8e3b361000-7f8e3b369000 r-xp 00000000 08:02 11403506                   /usr/lib/jvm/java-7-openjdk-amd64/jre/lib/amd64/libmanagement.so
7f8e3b369000-7f8e3b568000 ---p 00008000 08:02 11403506                   /usr/lib/jvm/java-7-openjdk-amd64/jre/lib/amd64/libmanagement.so
7f8e3b568000-7f8e3b569000 r--p 00007000 08:02 11403506                   /usr/lib/jvm/java-7-openjdk-amd64/jre/lib/amd64/libmanagement.so
7f8e3b569000-7f8e3b56a000 rw-p 00008000 08:02 11403506                   /usr/lib/jvm/java-7-openjdk-amd64/jre/lib/amd64/libmanagement.so
7f8e3b56a000-7f8e3b57a000 r-xp 00000000 08:02 11403494                   /usr/lib/jvm/java-7-openjdk-amd64/jre/lib/amd64/libnio.so
7f8e3b57a000-7f8e3b77a000 ---p 00010000 08:02 11403494                   /usr/lib/jvm/java-7-openjdk-amd64/jre/lib/amd64/libnio.so
7f8e3b77a000-7f8e3b77b000 r--p 00010000 08:02 11403494                   /usr/lib/jvm/java-7-openjdk-amd64/jre/lib/amd64/libnio.so
7f8e3b77b000-7f8e3b77c000 rw-p 00011000 08:02 11403494                   /usr/lib/jvm/java-7-openjdk-amd64/jre/lib/amd64/libnio.so
7f8e3b77c000-7f8e3b7b9000 r-xp 00000000 08:02 7606476                    /lib/x86_64-linux-gnu/libpcre.so.3.13.1
7f8e3b7b9000-7f8e3b9b8000 ---p 0003d000 08:02 7606476                    /lib/x86_64-linux-gnu/libpcre.so.3.13.1
7f8e3b9b8000-7f8e3b9b9000 r--p 0003c000 08:02 7606476                    /lib/x86_64-linux-gnu/libpcre.so.3.13.1
7f8e3b9b9000-7f8e3b9ba000 rw-p 0003d000 08:02 7606476                    /lib/x86_64-linux-gnu/libpcre.so.3.13.1
7f8e3b9ba000-7f8e3b9c1000 r-xp 00000000 08:02 6947235                    /usr/lib/x86_64-linux-gnu/libffi.so.6.0.1
7f8e3b9c1000-7f8e3bbc0000 ---p 00007000 08:02 6947235                    /usr/lib/x86_64-linux-gnu/libffi.so.6.0.1
7f8e3bbc0000-7f8e3bbc1000 r--p 00006000 08:02 6947235                    /usr/lib/x86_64-linux-gnu/libffi.so.6.0.1
7f8e3bbc1000-7f8e3bbc2000 rw-p 00007000 08:02 6947235                    /usr/lib/x86_64-linux-gnu/libffi.so.6.0.1
7f8e3bbc2000-7f8e3bbd9000 r-xp 00000000 08:02 7602181                    /lib/x86_64-linux-gnu/libresolv-2.19.so
7f8e3bbd9000-7f8e3bdd9000 ---p 00017000 08:02 7602181                    /lib/x86_64-linux-gnu/libresolv-2.19.so
7f8e3bdd9000-7f8e3bdda000 r--p 00017000 08:02 7602181                    /lib/x86_64-linux-gnu/libresolv-2.19.so
7f8e3bdda000-7f8e3bddb000 rw-p 00018000 08:02 7602181                    /lib/x86_64-linux-gnu/libresolv-2.19.so
7f8e3bddb000-7f8e3bddd000 rw-p 00000000 00:00 0 
7f8e3bddd000-7f8e3bdfd000 r-xp 00000000 08:02 7606503                    /lib/x86_64-linux-gnu/libselinux.so.1
7f8e3bdfd000-7f8e3bffc000 ---p 00020000 08:02 7606503                    /lib/x86_64-linux-gnu/libselinux.so.1
7f8e3bffc000-7f8e3bffd000 r--p 0001f000 08:02 7606503                    /lib/x86_64-linux-gnu/libselinux.so.1
7f8e3bffd000-7f8e3bffe000 rw-p 00020000 08:02 7606503                    /lib/x86_64-linux-gnu/libselinux.so.1
7f8e3bffe000-7f8e3c000000 rw-p 00000000 00:00 0 
7f8e3c000000-7f8e3d863000 rw-p 00000000 00:00 0 
7f8e3d863000-7f8e40000000 ---p 00000000 00:00 0 
7f8e40000000-7f8e40021000 rw-p 00000000 00:00 0 
7f8e40021000-7f8e44000000 ---p 00000000 00:00 0 
7f8e44000000-7f8e44021000 rw-p 00000000 00:00 0 
7f8e44021000-7f8e48000000 ---p 00000000 00:00 0 
7f8e48000000-7f8e494e5000 rw-p 00000000 00:00 0 
7f8e494e5000-7f8e4c000000 ---p 00000000 00:00 0 
7f8e4c000000-7f8e4c021000 rw-p 00000000 00:00 0 
7f8e4c021000-7f8e50000000 ---p 00000000 00:00 0 
7f8e50000000-7f8e50021000 rw-p 00000000 00:00 0 
7f8e50021000-7f8e54000000 ---p 00000000 00:00 0 
7f8e54000000-7f8e5402b000 rw-p 00000000 00:00 0 
7f8e5402b000-7f8e58000000 ---p 00000000 00:00 0 
7f8e58000000-7f8e58021000 rw-p 00000000 00:00 0 
7f8e58021000-7f8e5c000000 ---p 00000000 00:00 0 
7f8e5c000000-7f8e5c021000 rw-p 00000000 00:00 0 
7f8e5c021000-7f8e60000000 ---p 00000000 00:00 0 
7f8e6001f000-7f8e60020000 rw-p 00000000 00:00 0 
7f8e60020000-7f8e60024000 r--s 0004f000 08:02 11403412                   /usr/lib/jvm/java-7-openjdk-amd64/jre/lib/jsse.jar
7f8e60024000-7f8e60027000 ---p 00000000 00:00 0 
7f8e60027000-7f8e60156000 rw-p 00000000 00:00 0                          [stack:8282]
7f8e60156000-7f8e60159000 r-xp 00000000 08:02 6955211                    /usr/lib/x86_64-linux-gnu/libgmodule-2.0.so.0.4002.0
7f8e60159000-7f8e60358000 ---p 00003000 08:02 6955211                    /usr/lib/x86_64-linux-gnu/libgmodule-2.0.so.0.4002.0
7f8e60358000-7f8e60359000 r--p 00002000 08:02 6955211                    /usr/lib/x86_64-linux-gnu/libgmodule-2.0.so.0.4002.0
7f8e60359000-7f8e6035a000 rw-p 00003000 08:02 6955211                    /usr/lib/x86_64-linux-gnu/libgmodule-2.0.so.0.4002.0
7f8e6035a000-7f8e60460000 r-xp 00000000 08:02 7606404                    /lib/x86_64-linux-gnu/libglib-2.0.so.0.4002.0
7f8e60460000-7f8e6065f000 ---p 00106000 08:02 7606404                    /lib/x86_64-linux-gnu/libglib-2.0.so.0.4002.0
7f8e6065f000-7f8e60660000 r--p 00105000 08:02 7606404                    /lib/x86_64-linux-gnu/libglib-2.0.so.0.4002.0
7f8e60660000-7f8e60661000 rw-p 00106000 08:02 7606404                    /lib/x86_64-linux-gnu/libglib-2.0.so.0.4002.0
7f8e60661000-7f8e60662000 rw-p 00000000 00:00 0 
7f8e60662000-7f8e606b1000 r-xp 00000000 08:02 6955227                    /usr/lib/x86_64-linux-gnu/libgobject-2.0.so.0.4002.0
7f8e606b1000-7f8e608b1000 ---p 0004f000 08:02 6955227                    /usr/lib/x86_64-linux-gnu/libgobject-2.0.so.0.4002.0
7f8e608b1000-7f8e608b2000 r--p 0004f000 08:02 6955227                    /usr/lib/x86_64-linux-gnu/libgobject-2.0.so.0.4002.0
7f8e608b2000-7f8e608b3000 rw-p 00050000 08:02 6955227                    /usr/lib/x86_64-linux-gnu/libgobject-2.0.so.0.4002.0
7f8e608b3000-7f8e60a1f000 r-xp 00000000 08:02 6955199                    /usr/lib/x86_64-linux-gnu/libgio-2.0.so.0.4002.0
7f8e60a1f000-7f8e60c1e000 ---p 0016c000 08:02 6955199                    /usr/lib/x86_64-linux-gnu/libgio-2.0.so.0.4002.0
7f8e60c1e000-7f8e60c22000 r--p 0016b000 08:02 6955199                    /usr/lib/x86_64-linux-gnu/libgio-2.0.so.0.4002.0
7f8e60c22000-7f8e60c24000 rw-p 0016f000 08:02 6955199                    /usr/lib/x86_64-linux-gnu/libgio-2.0.so.0.4002.0
7f8e60c24000-7f8e60c26000 rw-p 00000000 00:00 0 
7f8e60c26000-7f8e60c30000 r--s 000ae000 08:02 11403440                   /usr/lib/jvm/java-7-openjdk-amd64/jre/lib/resources.jar
7f8e60c30000-7f8e60c3b000 r--s 00203000 08:02 11403411                   /usr/lib/jvm/java-7-openjdk-amd64/jre/lib/charsets.jar
7f8e60c3b000-7f8e60c52000 r-xp 00000000 08:02 11403536                   /usr/lib/jvm/java-7-openjdk-amd64/jre/lib/amd64/libnet.so
7f8e60c52000-7f8e60e51000 ---p 00017000 08:02 11403536                   /usr/lib/jvm/java-7-openjdk-amd64/jre/lib/amd64/libnet.so
7f8e60e51000-7f8e60e52000 r--p 00016000 08:02 11403536                   /usr/lib/jvm/java-7-openjdk-amd64/jre/lib/amd64/libnet.so
7f8e60e52000-7f8e60e53000 rw-p 00017000 08:02 11403536                   /usr/lib/jvm/java-7-openjdk-amd64/jre/lib/amd64/libnet.so
7f8e60e53000-7f8e60e55000 r--s 00003000 08:02 4064451                    /home/mihalis/.m2/repository/org/slf4j/jcl-over-slf4j/1.7.16/jcl-over-slf4j-1.7.16.jar
7f8e60e55000-7f8e60e56000 r--s 00009000 08:02 4064449                    /home/mihalis/.m2/repository/org/slf4j/slf4j-api/1.7.16/slf4j-api-1.7.16.jar
7f8e60e56000-7f8e60e5a000 r--s 0003c000 08:02 4064443                    /home/mihalis/.m2/repository/com/fasterxml/jackson/core/jackson-core/2.6.5/jackson-core-2.6.5.jar
7f8e60e5a000-7f8e60e5c000 r--s 00008000 08:02 4063680                    /home/mihalis/.m2/repository/org/ow2/asm/asm-commons/4.1/asm-commons-4.1.jar
7f8e60e5c000-7f8e60e5d000 r--s 0000b000 08:02 4063678                    /home/mihalis/.m2/repository/org/ow2/asm/asm/4.1/asm-4.1.jar
7f8e60e5d000-7f8e60e60000 r--s 00026000 08:02 3416610                    /home/mihalis/.m2/repository/org/antlr/antlr-runtime/3.5/antlr-runtime-3.5.jar
7f8e60e60000-7f8e60e62000 r--s 00017000 08:02 4063676                    /home/mihalis/.m2/repository/com/spatial4j/spatial4j/0.4.1/spatial4j-0.4.1.jar
7f8e60e62000-7f8e60e65000 r--s 0001c000 08:02 3416608                    /home/mihalis/.m2/repository/org/apache/lucene/lucene-spatial/4.10.4/lucene-spatial-4.10.4.jar
7f8e60e65000-7f8e60e68000 r--s 00018000 08:02 3416606                    /home/mihalis/.m2/repository/org/apache/lucene/lucene-grouping/4.10.4/lucene-grouping-4.10.4.jar
7f8e60e68000-7f8e60e6a000 r--s 0000e000 08:02 3283419                    /home/mihalis/.m2/repository/org/apache/lucene/lucene-join/4.10.4/lucene-join-4.10.4.jar
7f8e60e6a000-7f8e60e6c000 r--s 00016000 08:02 3283417                    /home/mihalis/.m2/repository/org/apache/lucene/lucene-misc/4.10.4/lucene-misc-4.10.4.jar
7f8e60e6c000-7f8e60e6f000 r--s 00029000 08:02 3283415                    /home/mihalis/.m2/repository/org/apache/lucene/lucene-suggest/4.10.4/lucene-suggest-4.10.4.jar
7f8e60e6f000-7f8e60e72000 r--s 0001b000 08:02 3283413                    /home/mihalis/.m2/repository/org/apache/lucene/lucene-sandbox/4.10.4/lucene-sandbox-4.10.4.jar
7f8e60e72000-7f8e60e7b000 r--s 00057000 08:02 3151643                    /home/mihalis/.m2/repository/org/apache/lucene/lucene-queryparser/4.10.4/lucene-queryparser-4.10.4.jar
7f8e60e7b000-7f8e60e7e000 r--s 0001f000 08:02 3151641                    /home/mihalis/.m2/repository/org/apache/lucene/lucene-highlighter/4.10.4/lucene-highlighter-4.10.4.jar
7f8e60e7e000-7f8e60e84000 r--s 0002f000 08:02 3151637                    /home/mihalis/.m2/repository/org/apache/lucene/lucene-queries/4.10.4/lucene-queries-4.10.4.jar
7f8e60e84000-7f8e60e95000 r--s 0018f000 08:02 3017857                    /home/mihalis/.m2/repository/org/apache/lucene/lucene-analyzers-common/4.10.4/lucene-analyzers-common-4.10.4.jar
7f8e60e95000-7f8e60ebf000 r--s 00248000 08:02 3017855                    /home/mihalis/.m2/repository/org/apache/lucene/lucene-core/4.10.4/lucene-core-4.10.4.jar
7f8e60ebf000-7f8e60ee6000 rw-p 00000000 00:00 0 
7f8e60ee6000-7f8e60ff4000 r--s 00c15000 08:02 2887542                    /home/mihalis/.m2/repository/org/elasticsearch/elasticsearch/1.5.2/elasticsearch-1.5.2.jar
7f8e60ff4000-7f8e61004000 r--s 00088000 08:02 4063673                    /home/mihalis/.m2/repository/joda-time/joda-time/2.8.2/joda-time-2.8.2.jar
7f8e61004000-7f8e61011000 r--s 00083000 08:02 3151649                    /home/mihalis/.m2/repository/commons-collections/commons-collections/3.2.2/commons-collections-3.2.2.jar
7f8e61011000-7f8e61016000 r--s 00041000 08:02 3937338                    /home/mihalis/.m2/repository/commons-lang/commons-lang/2.6/commons-lang-2.6.jar
7f8e61016000-7f8e61025000 r--s 0008d000 08:02 4064441                    /home/mihalis/.m2/repository/org/springframework/data/spring-data-commons/1.11.4.RELEASE/spring-data-commons-1.11.4.RELEASE.jar
7f8e61025000-7f8e6102c000 r--s 0003a000 08:02 4064438                    /home/mihalis/.m2/repository/org/springframework/spring-tx/4.2.5.RELEASE/spring-tx-4.2.5.RELEASE.jar
7f8e6102c000-7f8e61032000 r--s 0002b000 08:02 4064116                    /home/mihalis/.m2/repository/org/springframework/data/spring-data-elasticsearch/1.3.0.RELEASE/spring-data-elasticsearch-1.3.0.RELEASE.jar
7f8e61032000-7f8e61043000 r--s 000ab000 08:02 4065027                    /home/mihalis/.m2/repository/org/springframework/spring-web/4.2.5.RELEASE/spring-web-4.2.5.RELEASE.jar
7f8e61043000-7f8e61048000 r--s 0003c000 08:02 4064436                    /home/mihalis/.m2/repository/org/springframework/spring-expression/4.2.5.RELEASE/spring-expression-4.2.5.RELEASE.jar
7f8e61048000-7f8e61055000 r--s 000a6000 08:02 4064434                    /home/mihalis/.m2/repository/org/springframework/spring-beans/4.2.5.RELEASE/spring-beans-4.2.5.RELEASE.jar
7f8e61055000-7f8e61057000 r--s 00000000 08:02 3671672                    /home/mihalis/.m2/repository/aopalliance/aopalliance/1.0/aopalliance-1.0.jar
7f8e61057000-7f8e61060000 r--s 00052000 08:02 4064432                    /home/mihalis/.m2/repository/org/springframework/spring-aop/4.2.5.RELEASE/spring-aop-4.2.5.RELEASE.jar
7f8e61060000-7f8e61079000 r--s 000f3000 08:02 4065021                    /home/mihalis/.m2/repository/org/springframework/spring-context/4.2.5.RELEASE/spring-context-4.2.5.RELEASE.jar
7f8e61079000-7f8e6108f000 r--s 000f2000 08:02 4065016                    /home/mihalis/.m2/repository/org/springframework/spring-core/4.2.5.RELEASE/spring-core-4.2.5.RELEASE.jar
7f8e6108f000-7f8e610a0000 r--s 000c6000 08:02 4064600                    /home/mihalis/.m2/repository/org/springframework/spring-webmvc/4.2.5.RELEASE/spring-webmvc-4.2.5.RELEASE.jar
7f8e610a0000-7f8e610a3000 r--s 00009000 08:02 4064447                    /home/mihalis/.m2/repository/com/fasterxml/jackson/core/jackson-annotations/2.6.5/jackson-annotations-2.6.5.jar
7f8e610a3000-7f8e610b4000 r--s 0010d000 08:02 4064445                    /home/mihalis/.m2/repository/com/fasterxml/jackson/core/jackson-databind/2.6.5/jackson-databind-2.6.5.jar
7f8e610b4000-7f8e610b6000 r--s 0000e000 08:02 4064598                    /home/mihalis/.m2/repository/com/fasterxml/classmate/1.1.0/classmate-1.1.0.jar
7f8e610b6000-7f8e610b8000 r--s 0000f000 08:02 4064596                    /home/mihalis/.m2/repository/org/jboss/logging/jboss-logging/3.3.0.Final/jboss-logging-3.3.0.Final.jar
7f8e610b8000-7f8e610bc000 r--s 0000c000 08:02 3671623                    /home/mihalis/.m2/repository/javax/validation/validation-api/1.1.0.Final/validation-api-1.1.0.Final.jar
7f8e610bc000-7f8e610cc000 r--s 0009c000 08:02 4064594                    /home/mihalis/.m2/repository/org/hibernate/hibernate-validator/5.2.4.Final/hibernate-validator-5.2.4.Final.jar
7f8e610cc000-7f8e610d2000 r--s 00037000 08:02 4064590                    /home/mihalis/.m2/repository/org/apache/tomcat/embed/tomcat-embed-websocket/8.0.32/tomcat-embed-websocket-8.0.32.jar
7f8e610d2000-7f8e610d7000 r--s 00036000 08:02 4064586                    /home/mihalis/.m2/repository/org/apache/tomcat/embed/tomcat-embed-el/8.0.32/tomcat-embed-el-8.0.32.jar
7f8e610d7000-7f8e610fc000 r--s 00290000 08:02 4064584                    /home/mihalis/.m2/repository/org/apache/tomcat/embed/tomcat-embed-core/8.0.32/tomcat-embed-core-8.0.32.jar
7f8e610fc000-7f8e61102000 r--s 0003c000 08:02 4064580                    /home/mihalis/.m2/repository/org/yaml/snakeyaml/1.16/snakeyaml-1.16.jar
7f8e61102000-7f8e6110d000 r--s 00065000 08:02 3542277                    /home/mihalis/.m2/repository/ch/qos/logback/logback-core/1.1.5/logback-core-1.1.5.jar
7f8e6110d000-7f8e61124000 r--s 000a2000 08:02 4064572                    /home/mihalis/.m2/repository/org/springframework/boot/spring-boot-autoconfigure/1.3.3.RELEASE/spring-boot-autoconfigure-1.3.3.RELEASE.jar
7f8e61124000-7f8e61132000 r--s 00078000 08:02 4064570                    /home/mihalis/.m2/repository/org/springframework/boot/spring-boot/1.3.3.RELEASE/spring-boot-1.3.3.RELEASE.jar
7f8e61132000-7f8e61133000 ---p 00000000 00:00 0 
7f8e61133000-7f8e61233000 rw-p 00000000 00:00 0                          [stack:8279]
7f8e61233000-7f8e61236000 ---p 00000000 00:00 0 
7f8e61236000-7f8e61334000 rw-p 00000000 00:00 0                          [stack:8278]
7f8e61334000-7f8e61337000 ---p 00000000 00:00 0 
7f8e61337000-7f8e61435000 rw-p 00000000 00:00 0                          [stack:8277]
7f8e61435000-7f8e61438000 ---p 00000000 00:00 0 
7f8e61438000-7f8e61536000 rw-p 00000000 00:00 0                          [stack:8276]
7f8e61536000-7f8e61539000 ---p 00000000 00:00 0 
7f8e61539000-7f8e61637000 rw-p 00000000 00:00 0                          [stack:8275]
7f8e61637000-7f8e61d1a000 r--p 00000000 08:02 6953812                    /usr/lib/locale/locale-archive
7f8e61d1a000-7f8e61d1d000 ---p 00000000 00:00 0 
7f8e61d1d000-7f8e61e1b000 rw-p 00000000 00:00 0                          [stack:8274]
7f8e61e1b000-7f8e61e1e000 ---p 00000000 00:00 0 
7f8e61e1e000-7f8e61f1c000 rw-p 00000000 00:00 0                          [stack:8273]
7f8e61f1c000-7f8e61f1d000 ---p 00000000 00:00 0 
7f8e61f1d000-7f8e629d2000 rw-p 00000000 00:00 0                          [stack:8272]
7f8e629d2000-7f8e62b84000 r--s 01d2f000 08:02 11403448                   /usr/lib/jvm/java-7-openjdk-amd64/jre/lib/rt.jar
7f8e62b84000-7f8e647f5000 rw-p 00000000 00:00 0 
7f8e647f5000-7f8e647f6000 ---p 00000000 00:00 0 
7f8e647f6000-7f8e648f6000 rw-p 00000000 00:00 0                          [stack:8271]
7f8e648f6000-7f8e648f7000 ---p 00000000 00:00 0 
7f8e648f7000-7f8e64a08000 rw-p 00000000 00:00 0                          [stack:8270]
7f8e64a08000-7f8e64a4a000 rw-p 00000000 00:00 0 
7f8e64a4a000-7f8e64a5b000 rw-p 00000000 00:00 0 
7f8e64a5b000-7f8e64a9d000 rw-p 00000000 00:00 0 
7f8e64a9d000-7f8e64aa8000 rw-p 00000000 00:00 0 
7f8e64aa8000-7f8e64b7b000 rw-p 00000000 00:00 0 
7f8e64b7b000-7f8e64bb8000 rw-p 00000000 00:00 0 
7f8e64bb8000-7f8e64bea000 rw-p 00000000 00:00 0 
7f8e64bea000-7f8e64beb000 rw-p 00000000 00:00 0 
7f8e64beb000-7f8e64e5b000 rwxp 00000000 00:00 0 
7f8e64e5b000-7f8e67beb000 rw-p 00000000 00:00 0 
7f8e67beb000-7f8e67bf3000 r-xp 00000000 08:02 11403475                   /usr/lib/jvm/java-7-openjdk-amd64/jre/lib/amd64/libzip.so
7f8e67bf3000-7f8e67df2000 ---p 00008000 08:02 11403475                   /usr/lib/jvm/java-7-openjdk-amd64/jre/lib/amd64/libzip.so
7f8e67df2000-7f8e67df3000 r--p 00007000 08:02 11403475                   /usr/lib/jvm/java-7-openjdk-amd64/jre/lib/amd64/libzip.so
7f8e67df3000-7f8e67df4000 rw-p 00008000 08:02 11403475                   /usr/lib/jvm/java-7-openjdk-amd64/jre/lib/amd64/libzip.so
7f8e67df4000-7f8e67dff000 r-xp 00000000 08:02 7602279                    /lib/x86_64-linux-gnu/libnss_files-2.19.so
7f8e67dff000-7f8e67ffe000 ---p 0000b000 08:02 7602279                    /lib/x86_64-linux-gnu/libnss_files-2.19.so
7f8e67ffe000-7f8e67fff000 r--p 0000a000 08:02 7602279                    /lib/x86_64-linux-gnu/libnss_files-2.19.so
7f8e67fff000-7f8e68000000 rw-p 0000b000 08:02 7602279                    /lib/x86_64-linux-gnu/libnss_files-2.19.so
7f8e68000000-7f8e68b0a000 rw-p 00000000 00:00 0 
7f8e68b0a000-7f8e6c000000 ---p 00000000 00:00 0 
7f8e6c000000-7f8e6c001000 r--s 00008000 08:02 3151639                    /home/mihalis/.m2/repository/org/apache/lucene/lucene-memory/4.10.4/lucene-memory-4.10.4.jar
7f8e6c001000-7f8e6c002000 r--s 00000000 08:02 4064592                    /home/mihalis/.m2/repository/org/springframework/boot/spring-boot-starter-validation/1.3.3.RELEASE/spring-boot-starter-validation-1.3.3.RELEASE.jar
7f8e6c002000-7f8e6c003000 r--s 00009000 08:02 4064588                    /home/mihalis/.m2/repository/org/apache/tomcat/embed/tomcat-embed-logging-juli/8.0.32/tomcat-embed-logging-juli-8.0.32.jar
7f8e6c003000-7f8e6c009000 r--s 0003f000 08:02 3283427                    /home/mihalis/.m2/repository/ch/qos/logback/logback-classic/1.1.5/logback-classic-1.1.5.jar
7f8e6c009000-7f8e6c03c000 rw-p 00000000 00:00 0 
7f8e6c03c000-7f8e6c10f000 rw-p 00000000 00:00 0 
7f8e6c10f000-7f8e6c11a000 r-xp 00000000 08:02 7602271                    /lib/x86_64-linux-gnu/libnss_nis-2.19.so
7f8e6c11a000-7f8e6c319000 ---p 0000b000 08:02 7602271                    /lib/x86_64-linux-gnu/libnss_nis-2.19.so
7f8e6c319000-7f8e6c31a000 r--p 0000a000 08:02 7602271                    /lib/x86_64-linux-gnu/libnss_nis-2.19.so
7f8e6c31a000-7f8e6c31b000 rw-p 0000b000 08:02 7602271                    /lib/x86_64-linux-gnu/libnss_nis-2.19.so
7f8e6c31b000-7f8e6c332000 r-xp 00000000 08:02 7602267                    /lib/x86_64-linux-gnu/libnsl-2.19.so
7f8e6c332000-7f8e6c531000 ---p 00017000 08:02 7602267                    /lib/x86_64-linux-gnu/libnsl-2.19.so
7f8e6c531000-7f8e6c532000 r--p 00016000 08:02 7602267                    /lib/x86_64-linux-gnu/libnsl-2.19.so
7f8e6c532000-7f8e6c533000 rw-p 00017000 08:02 7602267                    /lib/x86_64-linux-gnu/libnsl-2.19.so
7f8e6c533000-7f8e6c535000 rw-p 00000000 00:00 0 
7f8e6c535000-7f8e6c53e000 r-xp 00000000 08:02 7602266                    /lib/x86_64-linux-gnu/libnss_compat-2.19.so
7f8e6c53e000-7f8e6c73d000 ---p 00009000 08:02 7602266                    /lib/x86_64-linux-gnu/libnss_compat-2.19.so
7f8e6c73d000-7f8e6c73e000 r--p 00008000 08:02 7602266                    /lib/x86_64-linux-gnu/libnss_compat-2.19.so
7f8e6c73e000-7f8e6c73f000 rw-p 00009000 08:02 7602266                    /lib/x86_64-linux-gnu/libnss_compat-2.19.so
7f8e6c73f000-7f8e6c76a000 r-xp 00000000 08:02 11403528                   /usr/lib/jvm/java-7-openjdk-amd64/jre/lib/amd64/libjava.so
7f8e6c76a000-7f8e6c96a000 ---p 0002b000 08:02 11403528                   /usr/lib/jvm/java-7-openjdk-amd64/jre/lib/amd64/libjava.so
7f8e6c96a000-7f8e6c96b000 r--p 0002b000 08:02 11403528                   /usr/lib/jvm/java-7-openjdk-amd64/jre/lib/amd64/libjava.so
7f8e6c96b000-7f8e6c96d000 rw-p 0002c000 08:02 11403528                   /usr/lib/jvm/java-7-openjdk-amd64/jre/lib/amd64/libjava.so
7f8e6c96d000-7f8e6c97d000 r-xp 00000000 08:02 11403490                   /usr/lib/jvm/java-7-openjdk-amd64/jre/lib/amd64/libverify.so
7f8e6c97d000-7f8e6cb7c000 ---p 00010000 08:02 11403490                   /usr/lib/jvm/java-7-openjdk-amd64/jre/lib/amd64/libverify.so
7f8e6cb7c000-7f8e6cb7e000 r--p 0000f000 08:02 11403490                   /usr/lib/jvm/java-7-openjdk-amd64/jre/lib/amd64/libverify.so
7f8e6cb7e000-7f8e6cb7f000 rw-p 00011000 08:02 11403490                   /usr/lib/jvm/java-7-openjdk-amd64/jre/lib/amd64/libverify.so
7f8e6cb7f000-7f8e6cb86000 r-xp 00000000 08:02 7602275                    /lib/x86_64-linux-gnu/librt-2.19.so
7f8e6cb86000-7f8e6cd85000 ---p 00007000 08:02 7602275                    /lib/x86_64-linux-gnu/librt-2.19.so
7f8e6cd85000-7f8e6cd86000 r--p 00006000 08:02 7602275                    /lib/x86_64-linux-gnu/librt-2.19.so
7f8e6cd86000-7f8e6cd87000 rw-p 00007000 08:02 7602275                    /lib/x86_64-linux-gnu/librt-2.19.so
7f8e6cd87000-7f8e6cd9d000 r-xp 00000000 08:02 7606350                    /lib/x86_64-linux-gnu/libgcc_s.so.1
7f8e6cd9d000-7f8e6cf9c000 ---p 00016000 08:02 7606350                    /lib/x86_64-linux-gnu/libgcc_s.so.1
7f8e6cf9c000-7f8e6cf9d000 rw-p 00015000 08:02 7606350                    /lib/x86_64-linux-gnu/libgcc_s.so.1
7f8e6cf9d000-7f8e6d0a2000 r-xp 00000000 08:02 7602195                    /lib/x86_64-linux-gnu/libm-2.19.so
7f8e6d0a2000-7f8e6d2a1000 ---p 00105000 08:02 7602195                    /lib/x86_64-linux-gnu/libm-2.19.so
7f8e6d2a1000-7f8e6d2a2000 r--p 00104000 08:02 7602195                    /lib/x86_64-linux-gnu/libm-2.19.so
7f8e6d2a2000-7f8e6d2a3000 rw-p 00105000 08:02 7602195                    /lib/x86_64-linux-gnu/libm-2.19.so
7f8e6d2a3000-7f8e6d389000 r-xp 00000000 08:02 6946839                    /usr/lib/x86_64-linux-gnu/libstdc++.so.6.0.19
7f8e6d389000-7f8e6d588000 ---p 000e6000 08:02 6946839                    /usr/lib/x86_64-linux-gnu/libstdc++.so.6.0.19
7f8e6d588000-7f8e6d590000 r--p 000e5000 08:02 6946839                    /usr/lib/x86_64-linux-gnu/libstdc++.so.6.0.19
7f8e6d590000-7f8e6d592000 rw-p 000ed000 08:02 6946839                    /usr/lib/x86_64-linux-gnu/libstdc++.so.6.0.19
7f8e6d592000-7f8e6d5a7000 rw-p 00000000 00:00 0 
7f8e6d5a7000-7f8e6e0cc000 r-xp 00000000 08:02 11403479                   /usr/lib/jvm/java-7-openjdk-amd64/jre/lib/amd64/server/libjvm.so
7f8e6e0cc000-7f8e6e2cc000 ---p 00b25000 08:02 11403479                   /usr/lib/jvm/java-7-openjdk-amd64/jre/lib/amd64/server/libjvm.so
7f8e6e2cc000-7f8e6e366000 r--p 00b25000 08:02 11403479                   /usr/lib/jvm/java-7-openjdk-amd64/jre/lib/amd64/server/libjvm.so
7f8e6e366000-7f8e6e389000 rw-p 00bbf000 08:02 11403479                   /usr/lib/jvm/java-7-openjdk-amd64/jre/lib/amd64/server/libjvm.so
7f8e6e389000-7f8e6e3b7000 rw-p 00000000 00:00 0 
7f8e6e3b7000-7f8e6e3cf000 r-xp 00000000 08:02 7606536                    /lib/x86_64-linux-gnu/libz.so.1.2.8
7f8e6e3cf000-7f8e6e5ce000 ---p 00018000 08:02 7606536                    /lib/x86_64-linux-gnu/libz.so.1.2.8
7f8e6e5ce000-7f8e6e5cf000 r--p 00017000 08:02 7606536                    /lib/x86_64-linux-gnu/libz.so.1.2.8
7f8e6e5cf000-7f8e6e5d0000 rw-p 00018000 08:02 7606536                    /lib/x86_64-linux-gnu/libz.so.1.2.8
7f8e6e5d0000-7f8e6e5e9000 r-xp 00000000 08:02 7602268                    /lib/x86_64-linux-gnu/libpthread-2.19.so
7f8e6e5e9000-7f8e6e7e8000 ---p 00019000 08:02 7602268                    /lib/x86_64-linux-gnu/libpthread-2.19.so
7f8e6e7e8000-7f8e6e7e9000 r--p 00018000 08:02 7602268                    /lib/x86_64-linux-gnu/libpthread-2.19.so
7f8e6e7e9000-7f8e6e7ea000 rw-p 00019000 08:02 7602268                    /lib/x86_64-linux-gnu/libpthread-2.19.so
7f8e6e7ea000-7f8e6e7ee000 rw-p 00000000 00:00 0 
7f8e6e7ee000-7f8e6e7f1000 r-xp 00000000 08:02 7602205                    /lib/x86_64-linux-gnu/libdl-2.19.so
7f8e6e7f1000-7f8e6e9f0000 ---p 00003000 08:02 7602205                    /lib/x86_64-linux-gnu/libdl-2.19.so
7f8e6e9f0000-7f8e6e9f1000 r--p 00002000 08:02 7602205                    /lib/x86_64-linux-gnu/libdl-2.19.so
7f8e6e9f1000-7f8e6e9f2000 rw-p 00003000 08:02 7602205                    /lib/x86_64-linux-gnu/libdl-2.19.so
7f8e6e9f2000-7f8e6ebad000 r-xp 00000000 08:02 7602276                    /lib/x86_64-linux-gnu/libc-2.19.so
7f8e6ebad000-7f8e6edac000 ---p 001bb000 08:02 7602276                    /lib/x86_64-linux-gnu/libc-2.19.so
7f8e6edac000-7f8e6edb0000 r--p 001ba000 08:02 7602276                    /lib/x86_64-linux-gnu/libc-2.19.so
7f8e6edb0000-7f8e6edb2000 rw-p 001be000 08:02 7602276                    /lib/x86_64-linux-gnu/libc-2.19.so
7f8e6edb2000-7f8e6edb7000 rw-p 00000000 00:00 0 
7f8e6edb7000-7f8e6edc4000 r-xp 00000000 08:02 11403461                   /usr/lib/jvm/java-7-openjdk-amd64/jre/lib/amd64/jli/libjli.so
7f8e6edc4000-7f8e6efc3000 ---p 0000d000 08:02 11403461                   /usr/lib/jvm/java-7-openjdk-amd64/jre/lib/amd64/jli/libjli.so
7f8e6efc3000-7f8e6efc4000 r--p 0000c000 08:02 11403461                   /usr/lib/jvm/java-7-openjdk-amd64/jre/lib/amd64/jli/libjli.so
7f8e6efc4000-7f8e6efc5000 rw-p 0000d000 08:02 11403461                   /usr/lib/jvm/java-7-openjdk-amd64/jre/lib/amd64/jli/libjli.so
7f8e6efc5000-7f8e6efe8000 r-xp 00000000 08:02 7602269                    /lib/x86_64-linux-gnu/ld-2.19.so
7f8e6efe8000-7f8e6efe9000 r--s 00000000 08:02 4064582                    /home/mihalis/.m2/repository/org/springframework/boot/spring-boot-starter-tomcat/1.3.3.RELEASE/spring-boot-starter-tomcat-1.3.3.RELEASE.jar
7f8e6efe9000-7f8e6efeb000 r--s 00004000 08:02 4064578                    /home/mihalis/.m2/repository/org/slf4j/log4j-over-slf4j/1.7.16/log4j-over-slf4j-1.7.16.jar
7f8e6efeb000-7f8e6efed000 r--s 00000000 08:02 4064576                    /home/mihalis/.m2/repository/org/slf4j/jul-to-slf4j/1.7.16/jul-to-slf4j-1.7.16.jar
7f8e6efed000-7f8e6efee000 r--s 00000000 08:02 4064574                    /home/mihalis/.m2/repository/org/springframework/boot/spring-boot-starter-logging/1.3.3.RELEASE/spring-boot-starter-logging-1.3.3.RELEASE.jar
7f8e6efee000-7f8e6efef000 r--s 00000000 08:02 4064568                    /home/mihalis/.m2/repository/org/springframework/boot/spring-boot-starter/1.3.3.RELEASE/spring-boot-starter-1.3.3.RELEASE.jar
7f8e6efef000-7f8e6eff0000 r--s 00000000 08:02 4064358                    /home/mihalis/.m2/repository/org/springframework/boot/spring-boot-starter-web/1.3.3.RELEASE/spring-boot-starter-web-1.3.3.RELEASE.jar
7f8e6eff0000-7f8e6eff1000 r--s 00002000 08:02 11403553                   /usr/lib/jvm/java-7-openjdk-amd64/jre/lib/ext/dnsns.jar
7f8e6eff1000-7f8e6eff5000 r--s 00085000 08:02 11403545                   /usr/lib/jvm/java-7-openjdk-amd64/jre/lib/ext/localedata.jar
7f8e6eff5000-7f8e6eff7000 r--s 00006000 08:02 7346413                    /usr/share/java/java-atk-wrapper.jar
7f8e6eff7000-7f8e6eff9000 r--s 00012000 08:02 11403549                   /usr/lib/jvm/java-7-openjdk-amd64/jre/lib/ext/zipfs.jar
7f8e6eff9000-7f8e6f014000 rw-p 00000000 00:00 0 
7f8e6f014000-7f8e6f0ca000 rw-p 00000000 00:00 0 
7f8e6f0ca000-7f8e6f0cd000 ---p 00000000 00:00 0 
7f8e6f0cd000-7f8e6f1d0000 rw-p 00000000 00:00 0                          [stack:8269]
7f8e6f1d0000-7f8e6f1d3000 r--s 0000f000 08:02 11403555                   /usr/lib/jvm/java-7-openjdk-amd64/jre/lib/ext/icedtea-sound.jar
7f8e6f1d3000-7f8e6f1d7000 r--s 00034000 08:02 11403547                   /usr/lib/jvm/java-7-openjdk-amd64/jre/lib/ext/sunjce_provider.jar
7f8e6f1d7000-7f8e6f1db000 r--s 0003c000 08:02 11403551                   /usr/lib/jvm/java-7-openjdk-amd64/jre/lib/ext/sunpkcs11.jar
7f8e6f1db000-7f8e6f1e3000 rw-s 00000000 08:02 3937495                    /tmp/hsperfdata_mihalis/8264
7f8e6f1e3000-7f8e6f1e4000 rw-p 00000000 00:00 0 
7f8e6f1e4000-7f8e6f1e5000 ---p 00000000 00:00 0 
7f8e6f1e5000-7f8e6f1e7000 rw-p 00000000 00:00 0 
7f8e6f1e7000-7f8e6f1e8000 r--p 00022000 08:02 7602269                    /lib/x86_64-linux-gnu/ld-2.19.so
7f8e6f1e8000-7f8e6f1e9000 rw-p 00023000 08:02 7602269                    /lib/x86_64-linux-gnu/ld-2.19.so
7f8e6f1e9000-7f8e6f1ea000 rw-p 00000000 00:00 0 
7fff0bd61000-7fff0bd83000 rw-p 00000000 00:00 0                          [stack]
7fff0bdf4000-7fff0bdf6000 r--p 00000000 00:00 0                          [vvar]
7fff0bdf6000-7fff0bdf8000 r-xp 00000000 00:00 0                          [vdso]
ffffffffff600000-ffffffffff601000 r-xp 00000000 00:00 0                  [vsyscall]

VM Arguments:
jvm_args: -Dfile.encoding=UTF-8 
java_command: com.agroknow.cimmyt.Application
Launcher Type: SUN_STANDARD

Environment Variables:
PATH=/usr/local/sbin:/usr/local/bin:/usr/sbin:/usr/bin:/sbin:/bin:/usr/games:/usr/local/games
SHELL=/bin/bash
DISPLAY=:0.0

Signal Handlers:
SIGSEGV: [libjvm.so+0x955bc0], sa_mask[0]=0x7ffbfeff, sa_flags=0x10000004
SIGBUS: [libjvm.so+0x955bc0], sa_mask[0]=0x7ffbfeff, sa_flags=0x10000004
SIGFPE: [libjvm.so+0x7caff0], sa_mask[0]=0x7ffbfeff, sa_flags=0x10000004
SIGPIPE: [libjvm.so+0x7caff0], sa_mask[0]=0x7ffbfeff, sa_flags=0x10000004
SIGXFSZ: [libjvm.so+0x7caff0], sa_mask[0]=0x7ffbfeff, sa_flags=0x10000004
SIGILL: [libjvm.so+0x7caff0], sa_mask[0]=0x7ffbfeff, sa_flags=0x10000004
SIGUSR1: SIG_DFL, sa_mask[0]=0x00000000, sa_flags=0x00000000
SIGUSR2: [libjvm.so+0x7cae90], sa_mask[0]=0x00000004, sa_flags=0x10000004
SIGHUP: [libjvm.so+0x7cb070], sa_mask[0]=0x7ffbfeff, sa_flags=0x10000004
SIGINT: [libjvm.so+0x7cb070], sa_mask[0]=0x7ffbfeff, sa_flags=0x10000004
SIGTERM: [libjvm.so+0x7cb070], sa_mask[0]=0x7ffbfeff, sa_flags=0x10000004
SIGQUIT: [libjvm.so+0x7cb070], sa_mask[0]=0x7ffbfeff, sa_flags=0x10000004
SIGTRAP: SIG_DFL, sa_mask[0]=0x00000000, sa_flags=0x00000000


---------------  S Y S T E M  ---------------

OS:Ubuntu 14.04 (trusty)
uname:Linux 3.19.0-56-generic #62~14.04.1-Ubuntu SMP Fri Mar 11 11:03:15 UTC 2016 x86_64
libc:glibc 2.19 NPTL 2.19 
rlimit: STACK 8192k, CORE 0k, NPROC 6519, NOFILE 4096, AS infinity
load average:1,70 1,22 0,89

/proc/meminfo:
MemTotal:        1926288 kB
MemFree:           70996 kB
MemAvailable:      35020 kB
Buffers:             876 kB
Cached:           112204 kB
SwapCached:         7364 kB
Active:          1264892 kB
Inactive:         429108 kB
Active(anon):    1256560 kB
Inactive(anon):   421204 kB
Active(file):       8332 kB
Inactive(file):     7904 kB
Unevictable:         224 kB
Mlocked:             224 kB
SwapTotal:       1973244 kB
SwapFree:              0 kB
Dirty:               692 kB
Writeback:             0 kB
AnonPages:       1574832 kB
Mapped:            31132 kB
Shmem:             96680 kB
Slab:              56452 kB
SReclaimable:      24428 kB
SUnreclaim:        32024 kB
KernelStack:       12752 kB
PageTables:        43160 kB
NFS_Unstable:          0 kB
Bounce:                0 kB
WritebackTmp:          0 kB
CommitLimit:     2936388 kB
Committed_AS:    8713708 kB
VmallocTotal:   34359738367 kB
VmallocUsed:      543368 kB
VmallocChunk:   34359174304 kB
HardwareCorrupted:     0 kB
AnonHugePages:    352256 kB
CmaTotal:              0 kB
CmaFree:               0 kB
HugePages_Total:       0
HugePages_Free:        0
HugePages_Rsvd:        0
HugePages_Surp:        0
Hugepagesize:       2048 kB
DirectMap4k:      143432 kB
DirectMap2M:     1830912 kB


CPU:total 2 (2 cores per cpu, 1 threads per core) family 6 model 55 stepping 8, cmov, cx8, fxsr, mmx, sse, sse2, sse3, ssse3, sse4.1, sse4.2, popcnt, erms, tsc, tscinvbit

/proc/cpuinfo:
processor	: 0
vendor_id	: GenuineIntel
cpu family	: 6
model		: 55
model name	: Intel(R) Celeron(R) CPU  N2808  @ 1.58GHz
stepping	: 8
microcode	: 0x815
cpu MHz		: 2249.103
cache size	: 1024 KB
physical id	: 0
siblings	: 2
core id		: 0
cpu cores	: 2
apicid		: 0
initial apicid	: 0
fpu		: yes
fpu_exception	: yes
cpuid level	: 11
wp		: yes
flags		: fpu vme de pse tsc msr pae mce cx8 apic sep mtrr pge mca cmov pat pse36 clflush dts acpi mmx fxsr sse sse2 ss ht tm pbe syscall nx rdtscp lm constant_tsc arch_perfmon pebs bts rep_good nopl xtopology nonstop_tsc aperfmperf pni pclmulqdq dtes64 monitor ds_cpl vmx est tm2 ssse3 cx16 xtpr pdcm sse4_1 sse4_2 movbe popcnt tsc_deadline_timer rdrand lahf_lm 3dnowprefetch ida arat epb dtherm tpr_shadow vnmi flexpriority ept vpid tsc_adjust smep erms
bugs		:
bogomips	: 3161.60
clflush size	: 64
cache_alignment	: 64
address sizes	: 36 bits physical, 48 bits virtual
power management:

processor	: 1
vendor_id	: GenuineIntel
cpu family	: 6
model		: 55
model name	: Intel(R) Celeron(R) CPU  N2808  @ 1.58GHz
stepping	: 8
microcode	: 0x815
cpu MHz		: 2249.041
cache size	: 1024 KB
physical id	: 0
siblings	: 2
core id		: 1
cpu cores	: 2
apicid		: 2
initial apicid	: 2
fpu		: yes
fpu_exception	: yes
cpuid level	: 11
wp		: yes
flags		: fpu vme de pse tsc msr pae mce cx8 apic sep mtrr pge mca cmov pat pse36 clflush dts acpi mmx fxsr sse sse2 ss ht tm pbe syscall nx rdtscp lm constant_tsc arch_perfmon pebs bts rep_good nopl xtopology nonstop_tsc aperfmperf pni pclmulqdq dtes64 monitor ds_cpl vmx est tm2 ssse3 cx16 xtpr pdcm sse4_1 sse4_2 movbe popcnt tsc_deadline_timer rdrand lahf_lm 3dnowprefetch ida arat epb dtherm tpr_shadow vnmi flexpriority ept vpid tsc_adjust smep erms
bugs		:
bogomips	: 3161.60
clflush size	: 64
cache_alignment	: 64
address sizes	: 36 bits physical, 48 bits virtual
power management:



Memory: 4k page, physical 1926288k(71332k free), swap 1973244k(0k free)

vm_info: OpenJDK 64-Bit Server VM (24.95-b01) for linux-amd64 JRE (1.7.0_95-b00), built on Jan 21 2016 03:31:40 by "buildd" with gcc 4.8.4

time: Wed Apr 13 13:53:06 2016
elapsed time: 16 seconds

