#
# There is insufficient memory for the Java Runtime Environment to continue.
# Native memory allocation (malloc) failed to allocate 70254592 bytes for committing reserved memory.
# Possible reasons:
#   The system is out of physical RAM or swap space
#   In 32 bit mode, the process size limit was hit
# Possible solutions:
#   Reduce memory load on the system
#   Increase physical memory or swap space
#   Check if swap backing store is full
#   Use 64 bit Java on a 64 bit OS
#   Decrease Java heap size (-Xmx/-Xms)
#   Decrease number of Java threads
#   Decrease Java thread stack sizes (-Xss)
#   Set larger code cache with -XX:ReservedCodeCacheSize=
# This output file may be truncated or incomplete.
#
#  Out of Memory Error (os_linux.cpp:2827), pid=8238, tid=139901537564416
#
# JRE version: OpenJDK Runtime Environment (7.0_95) (build 1.7.0_95-b00)
# Java VM: OpenJDK 64-Bit Server VM (24.95-b01 mixed mode linux-amd64 compressed oops)
# Derivative: IcedTea 2.6.4
# Distribution: Ubuntu 14.04.3 LTS, package 7u95-2.6.4-0ubuntu0.14.04.1
# Failed to write core dump. Core dumps have been disabled. To enable core dumping, try "ulimit -c unlimited" before starting Java again
#

---------------  T H R E A D  ---------------

Current thread (0x00007f3d64073800):  VMThread [stack: 0x00007f3d5d633000,0x00007f3d5d734000] [id=8247]

Stack: [0x00007f3d5d633000,0x00007f3d5d734000],  sp=0x00007f3d5d732490,  free space=1021k
Native frames: (J=compiled Java code, j=interpreted, Vv=VM code, C=native code)
V  [libjvm.so+0x9550e5]
V  [libjvm.so+0x4902b4]
V  [libjvm.so+0x7cf7bb]
V  [libjvm.so+0x7ca28f]
V  [libjvm.so+0x83e56b]
V  [libjvm.so+0x83f3e0]
V  [libjvm.so+0x83facb]
V  [libjvm.so+0x83b4d8]
V  [libjvm.so+0x83bd48]
V  [libjvm.so+0x7f1fd3]
V  [libjvm.so+0x956ae4]
V  [libjvm.so+0x95abe7]
V  [libjvm.so+0x9596a8]
V  [libjvm.so+0x959b09]
V  [libjvm.so+0x959f52]
V  [libjvm.so+0x7cc682]

VM_Operation (0x00007f3d6a8e45a0): ParallelGCFailedAllocation, mode: safepoint, requested by thread 0x00007f3d6400c800


---------------  P R O C E S S  ---------------

Java Threads: ( => current thread )
  0x00007f3d64874800 JavaThread "container-0" [_thread_blocked, id=8259, stack(0x00007f3d366de000,0x00007f3d367df000)]
  0x00007f3d24050800 JavaThread "ContainerBackgroundProcessor[StandardEngine[Tomcat].StandardHost[localhost].StandardContext[]]" daemon [_thread_blocked, id=8258, stack(0x00007f3d367df000,0x00007f3d368e0000)]
  0x00007f3d2c107000 JavaThread "localhost-startStop-1" daemon [_thread_blocked, id=8257, stack(0x00007f3d368e0000,0x00007f3d369e1000)]
  0x00007f3d64873800 JavaThread "Tomcat-startStop-1" daemon [_thread_blocked, id=8256, stack(0x00007f3d36bea000,0x00007f3d36ceb000)]
  0x00007f3d640af800 JavaThread "Service Thread" daemon [_thread_blocked, id=8253, stack(0x00007f3d5c94a000,0x00007f3d5ca4b000)]
  0x00007f3d640ad800 JavaThread "C2 CompilerThread1" daemon [_thread_blocked, id=8252, stack(0x00007f3d5ca4b000,0x00007f3d5cb4c000)]
  0x00007f3d640aa800 JavaThread "C2 CompilerThread0" daemon [_thread_blocked, id=8251, stack(0x00007f3d5cb4c000,0x00007f3d5cc4d000)]
  0x00007f3d640a8000 JavaThread "Signal Dispatcher" daemon [_thread_blocked, id=8250, stack(0x00007f3d5cc4d000,0x00007f3d5cd4e000)]
  0x00007f3d6407a000 JavaThread "Finalizer" daemon [_thread_blocked, id=8249, stack(0x00007f3d5d431000,0x00007f3d5d532000)]
  0x00007f3d64078000 JavaThread "Reference Handler" daemon [_thread_blocked, id=8248, stack(0x00007f3d5d532000,0x00007f3d5d633000)]
  0x00007f3d6400c800 JavaThread "main" [_thread_blocked, id=8244, stack(0x00007f3d6a7ea000,0x00007f3d6a8eb000)]

Other Threads:
=>0x00007f3d64073800 VMThread [stack: 0x00007f3d5d633000,0x00007f3d5d734000] [id=8247]
  0x00007f3d640ba000 WatcherThread [stack: 0x00007f3d5c849000,0x00007f3d5c94a000] [id=8254]

VM state:at safepoint (normal execution)

VM Mutex/Monitor currently owned by a thread:  ([mutex/lock_event])
[0x00007f3d64009040] Threads_lock - owner thread: 0x00007f3d64073800
[0x00007f3d64009540] Heap_lock - owner thread: 0x00007f3d6400c800

Heap
 PSYoungGen      total 112640K, used 9719K [0x00000000f2200000, 0x00000000f9b00000, 0x0000000100000000)
  eden space 102912K, 0% used [0x00000000f2200000,0x00000000f2200000,0x00000000f8680000)
  from space 9728K, 99% used [0x00000000f8680000,0x00000000f8ffdfc8,0x00000000f9000000)
  to   space 8192K, 0% used [0x00000000f9000000,0x00000000f9000000,0x00000000f9800000)
 ParOldGen       total 22016K, used 21822K [0x00000000d6600000, 0x00000000d7b80000, 0x00000000f2200000)
  object space 22016K, 99% used [0x00000000d6600000,0x00000000d7b4fa50,0x00000000d7b80000)
 PSPermGen       total 34816K, used 34610K [0x00000000cc000000, 0x00000000ce200000, 0x00000000d6600000)
  object space 34816K, 99% used [0x00000000cc000000,0x00000000ce1ccb38,0x00000000ce200000)

Card table byte_map: [0x00007f3d601ec000,0x00007f3d6038d000] byte_map_base: 0x00007f3d5fb8c000

Polling page: 0x00007f3d6a904000

Code Cache  [0x00007f3d6038d000, 0x00007f3d605fd000, 0x00007f3d6338d000)
 total_blobs=899 nmethods=528 adapters=324 free_code_cache=47174Kb largest_free_block=48267776

Compilation events (10 events):
Event: 16,366 Thread 0x00007f3d640ad800  600             java.lang.reflect.Modifier::isStatic (13 bytes)
Event: 16,366 Thread 0x00007f3d640ad800 nmethod 600 0x00007f3d6040ab50 code [0x00007f3d6040ac80, 0x00007f3d6040acd8]
Event: 16,556 Thread 0x00007f3d640ad800  601   !         java.util.zip.ZipFile$ZipFileInputStream::close (110 bytes)
Event: 16,571 Thread 0x00007f3d640ad800 nmethod 601 0x00007f3d6049ebd0 code [0x00007f3d6049ed80, 0x00007f3d6049f6e8]
Event: 16,688 Thread 0x00007f3d640aa800  603             java.net.URLClassLoader$1::run (5 bytes)
Event: 16,688 Thread 0x00007f3d640ad800  604   !         java.net.URLClassLoader$1::run (73 bytes)
Event: 16,709 Thread 0x00007f3d640ad800 nmethod 604 0x00007f3d60560450 code [0x00007f3d60560620, 0x00007f3d60560b60]
Event: 16,713 Thread 0x00007f3d640aa800 nmethod 603 0x00007f3d60544450 code [0x00007f3d60544620, 0x00007f3d60544b60]
Event: 17,043 Thread 0x00007f3d640ad800  605   !         java.util.zip.Inflater::ended (32 bytes)
Event: 17,046 Thread 0x00007f3d640ad800 nmethod 605 0x00007f3d60561250 code [0x00007f3d605613a0, 0x00007f3d60561638]

GC Heap History (10 events):
Event: 3,515 GC heap after
Heap after GC invocations=6 (full 0):
 PSYoungGen      total 37376K, used 3651K [0x00000000f2200000, 0x00000000f4b00000, 0x0000000100000000)
  eden space 32768K, 0% used [0x00000000f2200000,0x00000000f2200000,0x00000000f4200000)
  from space 4608K, 79% used [0x00000000f4680000,0x00000000f4a10c68,0x00000000f4b00000)
  to   space 4608K, 0% used [0x00000000f4200000,0x00000000f4200000,0x00000000f4680000)
 ParOldGen       total 19968K, used 9298K [0x00000000d6600000, 0x00000000d7980000, 0x00000000f2200000)
  object space 19968K, 46% used [0x00000000d6600000,0x00000000d6f14a90,0x00000000d7980000)
 PSPermGen       total 21504K, used 15746K [0x00000000cc000000, 0x00000000cd500000, 0x00000000d6600000)
  object space 21504K, 73% used [0x00000000cc000000,0x00000000ccf60908,0x00000000cd500000)
}
Event: 5,257 GC heap before
{Heap before GC invocations=7 (full 0):
 PSYoungGen      total 37376K, used 36419K [0x00000000f2200000, 0x00000000f4b00000, 0x0000000100000000)
  eden space 32768K, 100% used [0x00000000f2200000,0x00000000f4200000,0x00000000f4200000)
  from space 4608K, 79% used [0x00000000f4680000,0x00000000f4a10c68,0x00000000f4b00000)
  to   space 4608K, 0% used [0x00000000f4200000,0x00000000f4200000,0x00000000f4680000)
 ParOldGen       total 19968K, used 9298K [0x00000000d6600000, 0x00000000d7980000, 0x00000000f2200000)
  object space 19968K, 46% used [0x00000000d6600000,0x00000000d6f14a90,0x00000000d7980000)
 PSPermGen       total 21504K, used 18021K [0x00000000cc000000, 0x00000000cd500000, 0x00000000d6600000)
  object space 21504K, 83% used [0x00000000cc000000,0x00000000cd199408,0x00000000cd500000)
Event: 5,281 GC heap after
Heap after GC invocations=7 (full 0):
 PSYoungGen      total 37376K, used 4562K [0x00000000f2200000, 0x00000000f6d00000, 0x0000000100000000)
  eden space 32768K, 0% used [0x00000000f2200000,0x00000000f2200000,0x00000000f4200000)
  from space 4608K, 99% used [0x00000000f4200000,0x00000000f4674858,0x00000000f4680000)
  to   space 5632K, 0% used [0x00000000f6780000,0x00000000f6780000,0x00000000f6d00000)
 ParOldGen       total 19968K, used 9986K [0x00000000d6600000, 0x00000000d7980000, 0x00000000f2200000)
  object space 19968K, 50% used [0x00000000d6600000,0x00000000d6fc0920,0x00000000d7980000)
 PSPermGen       total 21504K, used 18021K [0x00000000cc000000, 0x00000000cd500000, 0x00000000d6600000)
  object space 21504K, 83% used [0x00000000cc000000,0x00000000cd199408,0x00000000cd500000)
}
Event: 6,131 GC heap before
{Heap before GC invocations=8 (full 0):
 PSYoungGen      total 37376K, used 37330K [0x00000000f2200000, 0x00000000f6d00000, 0x0000000100000000)
  eden space 32768K, 100% used [0x00000000f2200000,0x00000000f4200000,0x00000000f4200000)
  from space 4608K, 99% used [0x00000000f4200000,0x00000000f4674858,0x00000000f4680000)
  to   space 5632K, 0% used [0x00000000f6780000,0x00000000f6780000,0x00000000f6d00000)
 ParOldGen       total 19968K, used 9986K [0x00000000d6600000, 0x00000000d7980000, 0x00000000f2200000)
  object space 19968K, 50% used [0x00000000d6600000,0x00000000d6fc0920,0x00000000d7980000)
 PSPermGen       total 21504K, used 18488K [0x00000000cc000000, 0x00000000cd500000, 0x00000000d6600000)
  object space 21504K, 85% used [0x00000000cc000000,0x00000000cd20e050,0x00000000cd500000)
Event: 6,175 GC heap after
Heap after GC invocations=8 (full 0):
 PSYoungGen      total 70656K, used 5339K [0x00000000f2200000, 0x00000000f6e00000, 0x0000000100000000)
  eden space 65024K, 0% used [0x00000000f2200000,0x00000000f2200000,0x00000000f6180000)
  from space 5632K, 94% used [0x00000000f6780000,0x00000000f6cb6c60,0x00000000f6d00000)
  to   space 6144K, 0% used [0x00000000f6180000,0x00000000f6180000,0x00000000f6780000)
 ParOldGen       total 19968K, used 10146K [0x00000000d6600000, 0x00000000d7980000, 0x00000000f2200000)
  object space 19968K, 50% used [0x00000000d6600000,0x00000000d6fe8920,0x00000000d7980000)
 PSPermGen       total 21504K, used 18488K [0x00000000cc000000, 0x00000000cd500000, 0x00000000d6600000)
  object space 21504K, 85% used [0x00000000cc000000,0x00000000cd20e050,0x00000000cd500000)
}
Event: 10,064 GC heap before
{Heap before GC invocations=9 (full 0):
 PSYoungGen      total 70656K, used 70362K [0x00000000f2200000, 0x00000000f6e00000, 0x0000000100000000)
  eden space 65024K, 99% used [0x00000000f2200000,0x00000000f617fcc8,0x00000000f6180000)
  from space 5632K, 94% used [0x00000000f6780000,0x00000000f6cb6c60,0x00000000f6d00000)
  to   space 6144K, 0% used [0x00000000f6180000,0x00000000f6180000,0x00000000f6780000)
 ParOldGen       total 19968K, used 10146K [0x00000000d6600000, 0x00000000d7980000, 0x00000000f2200000)
  object space 19968K, 50% used [0x00000000d6600000,0x00000000d6fe8920,0x00000000d7980000)
 PSPermGen       total 22016K, used 21522K [0x00000000cc000000, 0x00000000cd580000, 0x00000000d6600000)
  object space 22016K, 97% used [0x00000000cc000000,0x00000000cd504af0,0x00000000cd580000)
Event: 10,161 GC heap after
Heap after GC invocations=9 (full 0):
 PSYoungGen      total 71168K, used 6124K [0x00000000f2200000, 0x00000000f9800000, 0x0000000100000000)
  eden space 65024K, 0% used [0x00000000f2200000,0x00000000f2200000,0x00000000f6180000)
  from space 6144K, 99% used [0x00000000f6180000,0x00000000f677b2e8,0x00000000f6780000)
  to   space 8192K, 0% used [0x00000000f9000000,0x00000000f9000000,0x00000000f9800000)
 ParOldGen       total 19968K, used 12782K [0x00000000d6600000, 0x00000000d7980000, 0x00000000f2200000)
  object space 19968K, 64% used [0x00000000d6600000,0x00000000d727b8d0,0x00000000d7980000)
 PSPermGen       total 22016K, used 21522K [0x00000000cc000000, 0x00000000cd580000, 0x00000000d6600000)
  object space 22016K, 97% used [0x00000000cc000000,0x00000000cd504af0,0x00000000cd580000)
}
Event: 12,908 GC heap before
{Heap before GC invocations=10 (full 0):
 PSYoungGen      total 71168K, used 71148K [0x00000000f2200000, 0x00000000f9800000, 0x0000000100000000)
  eden space 65024K, 100% used [0x00000000f2200000,0x00000000f6180000,0x00000000f6180000)
  from space 6144K, 99% used [0x00000000f6180000,0x00000000f677b2e8,0x00000000f6780000)
  to   space 8192K, 0% used [0x00000000f9000000,0x00000000f9000000,0x00000000f9800000)
 ParOldGen       total 19968K, used 12782K [0x00000000d6600000, 0x00000000d7980000, 0x00000000f2200000)
  object space 19968K, 64% used [0x00000000d6600000,0x00000000d727b8d0,0x00000000d7980000)
 PSPermGen       total 26112K, used 26061K [0x00000000cc000000, 0x00000000cd980000, 0x00000000d6600000)
  object space 26112K, 99% used [0x00000000cc000000,0x00000000cd973668,0x00000000cd980000)
Event: 12,956 GC heap after
Heap after GC invocations=10 (full 0):
 PSYoungGen      total 111104K, used 8160K [0x00000000f2200000, 0x00000000f9b00000, 0x0000000100000000)
  eden space 102912K, 0% used [0x00000000f2200000,0x00000000f2200000,0x00000000f8680000)
  from space 8192K, 99% used [0x00000000f9000000,0x00000000f97f81c8,0x00000000f9800000)
  to   space 9728K, 0% used [0x00000000f8680000,0x00000000f8680000,0x00000000f9000000)
 ParOldGen       total 19968K, used 14373K [0x00000000d6600000, 0x00000000d7980000, 0x00000000f2200000)
  object space 19968K, 71% used [0x00000000d6600000,0x00000000d74097d0,0x00000000d7980000)
 PSPermGen       total 26112K, used 26061K [0x00000000cc000000, 0x00000000cd980000, 0x00000000d6600000)
  object space 26112K, 99% used [0x00000000cc000000,0x00000000cd973668,0x00000000cd980000)
}
Event: 17,088 GC heap before
{Heap before GC invocations=11 (full 0):
 PSYoungGen      total 111104K, used 111072K [0x00000000f2200000, 0x00000000f9b00000, 0x0000000100000000)
  eden space 102912K, 100% used [0x00000000f2200000,0x00000000f8680000,0x00000000f8680000)
  from space 8192K, 99% used [0x00000000f9000000,0x00000000f97f81c8,0x00000000f9800000)
  to   space 9728K, 0% used [0x00000000f8680000,0x00000000f8680000,0x00000000f9000000)
 ParOldGen       total 19968K, used 14373K [0x00000000d6600000, 0x00000000d7980000, 0x00000000f2200000)
  object space 19968K, 71% used [0x00000000d6600000,0x00000000d74097d0,0x00000000d7980000)
 PSPermGen       total 34816K, used 34610K [0x00000000cc000000, 0x00000000ce200000, 0x00000000d6600000)
  object space 34816K, 99% used [0x00000000cc000000,0x00000000ce1ccb38,0x00000000ce200000)

Deoptimization events (10 events):
Event: 12,833 Thread 0x00007f3d6400c800 Uncommon trap: reason=null_check action=make_not_entrant pc=0x00007f3d6045af7c method=org.springframework.util.ReflectionUtils.getDeclaredMethods(Ljava/lang/Class;)[Ljava/lang/reflect/Method; @ 9
Event: 13,504 Thread 0x00007f3d6400c800 Uncommon trap: reason=unstable_if action=reinterpret pc=0x00007f3d60484388 method=java.util.ArrayList.indexOf(Ljava/lang/Object;)I @ 41
Event: 13,611 Thread 0x00007f3d6400c800 Uncommon trap: reason=unstable_if action=reinterpret pc=0x00007f3d60475c04 method=java.util.HashMap.getEntry(Ljava/lang/Object;)Ljava/util/HashMap$Entry; @ 10
Event: 13,611 Thread 0x00007f3d6400c800 Uncommon trap: reason=unstable_if action=reinterpret pc=0x00007f3d604228b4 method=java.util.HashMap.getEntry(Ljava/lang/Object;)Ljava/util/HashMap$Entry; @ 10
Event: 13,862 Thread 0x00007f3d6400c800 Uncommon trap: reason=unstable_if action=reinterpret pc=0x00007f3d605373b8 method=org.springframework.core.annotation.AnnotationUtils.findAnnotation(Ljava/lang/Class;Ljava/lang/Class;Ljava/util/Set;)Ljava/lang/annotation/Annotation; @ 38
Event: 14,254 Thread 0x00007f3d6400c800 Uncommon trap: reason=unstable_if action=reinterpret pc=0x00007f3d60534da4 method=org.springframework.beans.factory.support.DefaultSingletonBeanRegistry.getSingleton(Ljava/lang/String;Z)Ljava/lang/Object; @ 47
Event: 14,726 Thread 0x00007f3d6400c800 Uncommon trap: reason=null_check action=make_not_entrant pc=0x00007f3d604bad38 method=java.util.jar.Attributes.putValue(Ljava/lang/String;Ljava/lang/String;)Ljava/lang/String; @ 13
Event: 14,844 Thread 0x00007f3d6400c800 Uncommon trap: reason=unstable_if action=reinterpret pc=0x00007f3d604825e4 method=java.util.regex.Pattern$BmpCharProperty.match(Ljava/util/regex/Matcher;ILjava/lang/CharSequence;)Z @ 34
Event: 15,027 Thread 0x00007f3d6400c800 Uncommon trap: reason=unstable_if action=reinterpret pc=0x00007f3d604d704c method=java.util.Properties$LineReader.readLine()I @ 37
Event: 15,308 Thread 0x00007f3d6400c800 Uncommon trap: reason=predicate action=maybe_recompile pc=0x00007f3d604f5a6c method=java.util.AbstractCollection.addAll(Ljava/util/Collection;)Z @ 18

Internal exceptions (10 events):
Event: 17,077 Thread 0x00007f3d6400c800 Threw 0x00000000f861e010 at /build/openjdk-7-2FOwCu/openjdk-7-7u95-2.6.4/build/openjdk/hotspot/src/share/vm/prims/jvm.cpp:1322
Event: 17,078 Thread 0x00007f3d6400c800 Threw 0x00000000f8629290 at /build/openjdk-7-2FOwCu/openjdk-7-7u95-2.6.4/build/openjdk/hotspot/src/share/vm/prims/jvm.cpp:1322
Event: 17,079 Thread 0x00007f3d6400c800 Threw 0x00000000f86368e8 at /build/openjdk-7-2FOwCu/openjdk-7-7u95-2.6.4/build/openjdk/hotspot/src/share/vm/prims/jvm.cpp:1322
Event: 17,080 Thread 0x00007f3d6400c800 Threw 0x00000000f863edd0 at /build/openjdk-7-2FOwCu/openjdk-7-7u95-2.6.4/build/openjdk/hotspot/src/share/vm/prims/jvm.cpp:1322
Event: 17,081 Thread 0x00007f3d6400c800 Threw 0x00000000f86460c8 at /build/openjdk-7-2FOwCu/openjdk-7-7u95-2.6.4/build/openjdk/hotspot/src/share/vm/prims/jvm.cpp:1322
Event: 17,082 Thread 0x00007f3d6400c800 Threw 0x00000000f8650eb0 at /build/openjdk-7-2FOwCu/openjdk-7-7u95-2.6.4/build/openjdk/hotspot/src/share/vm/prims/jvm.cpp:1322
Event: 17,082 Thread 0x00007f3d6400c800 Threw 0x00000000f865e730 at /build/openjdk-7-2FOwCu/openjdk-7-7u95-2.6.4/build/openjdk/hotspot/src/share/vm/prims/jvm.cpp:1322
Event: 17,084 Thread 0x00007f3d6400c800 Threw 0x00000000f8667870 at /build/openjdk-7-2FOwCu/openjdk-7-7u95-2.6.4/build/openjdk/hotspot/src/share/vm/prims/jvm.cpp:1322
Event: 17,085 Thread 0x00007f3d6400c800 Threw 0x00000000f8672b80 at /build/openjdk-7-2FOwCu/openjdk-7-7u95-2.6.4/build/openjdk/hotspot/src/share/vm/prims/jvm.cpp:1322
Event: 17,086 Thread 0x00007f3d6400c800 Threw 0x00000000f867d1a0 at /build/openjdk-7-2FOwCu/openjdk-7-7u95-2.6.4/build/openjdk/hotspot/src/share/vm/prims/jvm.cpp:1322

Events (10 events):
Event: 17,082 loading class 0x00007f3d64ad0b40 done
Event: 17,082 loading class 0x00007f3d64c64b30
Event: 17,082 loading class 0x00007f3d64c64b30 done
Event: 17,084 loading class 0x00007f3d64c651a0
Event: 17,084 loading class 0x00007f3d64c651a0 done
Event: 17,085 loading class 0x00007f3d64acfe10
Event: 17,085 loading class 0x00007f3d64acfe10 done
Event: 17,085 loading class 0x00007f3d64c61900
Event: 17,085 loading class 0x00007f3d64c61900 done
Event: 17,086 Executing VM operation: ParallelGCFailedAllocation


Dynamic libraries:
00400000-00401000 r-xp 00000000 08:02 11403352                           /usr/lib/jvm/java-7-openjdk-amd64/jre/bin/java
00600000-00601000 r--p 00000000 08:02 11403352                           /usr/lib/jvm/java-7-openjdk-amd64/jre/bin/java
00601000-00602000 rw-p 00001000 08:02 11403352                           /usr/lib/jvm/java-7-openjdk-amd64/jre/bin/java
017a7000-017c8000 rw-p 00000000 00:00 0                                  [heap]
cc000000-ce200000 rw-p 00000000 00:00 0 
ce200000-d6600000 rw-p 00000000 00:00 0 
d6600000-d7b80000 rw-p 00000000 00:00 0 
d7b80000-f2200000 rw-p 00000000 00:00 0 
f2200000-f9b00000 rw-p 00000000 00:00 0 
fde00000-100000000 rw-p 00000000 00:00 0 
7f3d1c000000-7f3d1c021000 rw-p 00000000 00:00 0 
7f3d1c021000-7f3d20000000 ---p 00000000 00:00 0 
7f3d24000000-7f3d24073000 rw-p 00000000 00:00 0 
7f3d24073000-7f3d28000000 ---p 00000000 00:00 0 
7f3d28000000-7f3d28021000 rw-p 00000000 00:00 0 
7f3d28021000-7f3d2c000000 ---p 00000000 00:00 0 
7f3d2c000000-7f3d2c213000 rw-p 00000000 00:00 0 
7f3d2c213000-7f3d30000000 ---p 00000000 00:00 0 
7f3d30000000-7f3d30021000 rw-p 00000000 00:00 0 
7f3d30021000-7f3d34000000 ---p 00000000 00:00 0 
7f3d366de000-7f3d366e1000 ---p 00000000 00:00 0 
7f3d366e1000-7f3d367df000 rw-p 00000000 00:00 0                          [stack:8259]
7f3d367df000-7f3d367e2000 ---p 00000000 00:00 0 
7f3d367e2000-7f3d368e0000 rw-p 00000000 00:00 0                          [stack:8258]
7f3d368e0000-7f3d368e3000 ---p 00000000 00:00 0 
7f3d368e3000-7f3d369e1000 rw-p 00000000 00:00 0                          [stack:8257]
7f3d369e1000-7f3d369e9000 r-xp 00000000 08:02 11403506                   /usr/lib/jvm/java-7-openjdk-amd64/jre/lib/amd64/libmanagement.so
7f3d369e9000-7f3d36be8000 ---p 00008000 08:02 11403506                   /usr/lib/jvm/java-7-openjdk-amd64/jre/lib/amd64/libmanagement.so
7f3d36be8000-7f3d36be9000 r--p 00007000 08:02 11403506                   /usr/lib/jvm/java-7-openjdk-amd64/jre/lib/amd64/libmanagement.so
7f3d36be9000-7f3d36bea000 rw-p 00008000 08:02 11403506                   /usr/lib/jvm/java-7-openjdk-amd64/jre/lib/amd64/libmanagement.so
7f3d36bea000-7f3d36bed000 ---p 00000000 00:00 0 
7f3d36bed000-7f3d36ceb000 rw-p 00000000 00:00 0                          [stack:8256]
7f3d36ceb000-7f3d36cfb000 r-xp 00000000 08:02 11403494                   /usr/lib/jvm/java-7-openjdk-amd64/jre/lib/amd64/libnio.so
7f3d36cfb000-7f3d36efb000 ---p 00010000 08:02 11403494                   /usr/lib/jvm/java-7-openjdk-amd64/jre/lib/amd64/libnio.so
7f3d36efb000-7f3d36efc000 r--p 00010000 08:02 11403494                   /usr/lib/jvm/java-7-openjdk-amd64/jre/lib/amd64/libnio.so
7f3d36efc000-7f3d36efd000 rw-p 00011000 08:02 11403494                   /usr/lib/jvm/java-7-openjdk-amd64/jre/lib/amd64/libnio.so
7f3d36efd000-7f3d36f3a000 r-xp 00000000 08:02 7606476                    /lib/x86_64-linux-gnu/libpcre.so.3.13.1
7f3d36f3a000-7f3d37139000 ---p 0003d000 08:02 7606476                    /lib/x86_64-linux-gnu/libpcre.so.3.13.1
7f3d37139000-7f3d3713a000 r--p 0003c000 08:02 7606476                    /lib/x86_64-linux-gnu/libpcre.so.3.13.1
7f3d3713a000-7f3d3713b000 rw-p 0003d000 08:02 7606476                    /lib/x86_64-linux-gnu/libpcre.so.3.13.1
7f3d3713b000-7f3d37142000 r-xp 00000000 08:02 6947235                    /usr/lib/x86_64-linux-gnu/libffi.so.6.0.1
7f3d37142000-7f3d37341000 ---p 00007000 08:02 6947235                    /usr/lib/x86_64-linux-gnu/libffi.so.6.0.1
7f3d37341000-7f3d37342000 r--p 00006000 08:02 6947235                    /usr/lib/x86_64-linux-gnu/libffi.so.6.0.1
7f3d37342000-7f3d37343000 rw-p 00007000 08:02 6947235                    /usr/lib/x86_64-linux-gnu/libffi.so.6.0.1
7f3d37343000-7f3d3735a000 r-xp 00000000 08:02 7602181                    /lib/x86_64-linux-gnu/libresolv-2.19.so
7f3d3735a000-7f3d3755a000 ---p 00017000 08:02 7602181                    /lib/x86_64-linux-gnu/libresolv-2.19.so
7f3d3755a000-7f3d3755b000 r--p 00017000 08:02 7602181                    /lib/x86_64-linux-gnu/libresolv-2.19.so
7f3d3755b000-7f3d3755c000 rw-p 00018000 08:02 7602181                    /lib/x86_64-linux-gnu/libresolv-2.19.so
7f3d3755c000-7f3d3755e000 rw-p 00000000 00:00 0 
7f3d3755e000-7f3d3757e000 r-xp 00000000 08:02 7606503                    /lib/x86_64-linux-gnu/libselinux.so.1
7f3d3757e000-7f3d3777d000 ---p 00020000 08:02 7606503                    /lib/x86_64-linux-gnu/libselinux.so.1
7f3d3777d000-7f3d3777e000 r--p 0001f000 08:02 7606503                    /lib/x86_64-linux-gnu/libselinux.so.1
7f3d3777e000-7f3d3777f000 rw-p 00020000 08:02 7606503                    /lib/x86_64-linux-gnu/libselinux.so.1
7f3d3777f000-7f3d37781000 rw-p 00000000 00:00 0 
7f3d37781000-7f3d37784000 r-xp 00000000 08:02 6955211                    /usr/lib/x86_64-linux-gnu/libgmodule-2.0.so.0.4002.0
7f3d37784000-7f3d37983000 ---p 00003000 08:02 6955211                    /usr/lib/x86_64-linux-gnu/libgmodule-2.0.so.0.4002.0
7f3d37983000-7f3d37984000 r--p 00002000 08:02 6955211                    /usr/lib/x86_64-linux-gnu/libgmodule-2.0.so.0.4002.0
7f3d37984000-7f3d37985000 rw-p 00003000 08:02 6955211                    /usr/lib/x86_64-linux-gnu/libgmodule-2.0.so.0.4002.0
7f3d37985000-7f3d37a8b000 r-xp 00000000 08:02 7606404                    /lib/x86_64-linux-gnu/libglib-2.0.so.0.4002.0
7f3d37a8b000-7f3d37c8a000 ---p 00106000 08:02 7606404                    /lib/x86_64-linux-gnu/libglib-2.0.so.0.4002.0
7f3d37c8a000-7f3d37c8b000 r--p 00105000 08:02 7606404                    /lib/x86_64-linux-gnu/libglib-2.0.so.0.4002.0
7f3d37c8b000-7f3d37c8c000 rw-p 00106000 08:02 7606404                    /lib/x86_64-linux-gnu/libglib-2.0.so.0.4002.0
7f3d37c8c000-7f3d37c8d000 rw-p 00000000 00:00 0 
7f3d37c8d000-7f3d37df9000 r-xp 00000000 08:02 6955199                    /usr/lib/x86_64-linux-gnu/libgio-2.0.so.0.4002.0
7f3d37df9000-7f3d37ff8000 ---p 0016c000 08:02 6955199                    /usr/lib/x86_64-linux-gnu/libgio-2.0.so.0.4002.0
7f3d37ff8000-7f3d37ffc000 r--p 0016b000 08:02 6955199                    /usr/lib/x86_64-linux-gnu/libgio-2.0.so.0.4002.0
7f3d37ffc000-7f3d37ffe000 rw-p 0016f000 08:02 6955199                    /usr/lib/x86_64-linux-gnu/libgio-2.0.so.0.4002.0
7f3d37ffe000-7f3d38000000 rw-p 00000000 00:00 0 
7f3d38000000-7f3d38c55000 rw-p 00000000 00:00 0 
7f3d38c55000-7f3d3c000000 ---p 00000000 00:00 0 
7f3d3c000000-7f3d3c021000 rw-p 00000000 00:00 0 
7f3d3c021000-7f3d40000000 ---p 00000000 00:00 0 
7f3d40000000-7f3d40021000 rw-p 00000000 00:00 0 
7f3d40021000-7f3d44000000 ---p 00000000 00:00 0 
7f3d44000000-7f3d45630000 rw-p 00000000 00:00 0 
7f3d45630000-7f3d48000000 ---p 00000000 00:00 0 
7f3d48000000-7f3d48021000 rw-p 00000000 00:00 0 
7f3d48021000-7f3d4c000000 ---p 00000000 00:00 0 
7f3d4c000000-7f3d4c021000 rw-p 00000000 00:00 0 
7f3d4c021000-7f3d50000000 ---p 00000000 00:00 0 
7f3d50000000-7f3d50025000 rw-p 00000000 00:00 0 
7f3d50025000-7f3d54000000 ---p 00000000 00:00 0 
7f3d54000000-7f3d54021000 rw-p 00000000 00:00 0 
7f3d54021000-7f3d58000000 ---p 00000000 00:00 0 
7f3d58000000-7f3d58021000 rw-p 00000000 00:00 0 
7f3d58021000-7f3d5c000000 ---p 00000000 00:00 0 
7f3d5c0bf000-7f3d5c0c0000 rw-p 00000000 00:00 0 
7f3d5c0c0000-7f3d5c0c4000 r--s 0004f000 08:02 11403412                   /usr/lib/jvm/java-7-openjdk-amd64/jre/lib/jsse.jar
7f3d5c0c4000-7f3d5c0f5000 rw-p 00000000 00:00 0 
7f3d5c0f5000-7f3d5c144000 r-xp 00000000 08:02 6955227                    /usr/lib/x86_64-linux-gnu/libgobject-2.0.so.0.4002.0
7f3d5c144000-7f3d5c344000 ---p 0004f000 08:02 6955227                    /usr/lib/x86_64-linux-gnu/libgobject-2.0.so.0.4002.0
7f3d5c344000-7f3d5c345000 r--p 0004f000 08:02 6955227                    /usr/lib/x86_64-linux-gnu/libgobject-2.0.so.0.4002.0
7f3d5c345000-7f3d5c346000 rw-p 00050000 08:02 6955227                    /usr/lib/x86_64-linux-gnu/libgobject-2.0.so.0.4002.0
7f3d5c346000-7f3d5c350000 r--s 000ae000 08:02 11403440                   /usr/lib/jvm/java-7-openjdk-amd64/jre/lib/resources.jar
7f3d5c350000-7f3d5c35b000 r--s 00203000 08:02 11403411                   /usr/lib/jvm/java-7-openjdk-amd64/jre/lib/charsets.jar
7f3d5c35b000-7f3d5c372000 r-xp 00000000 08:02 11403536                   /usr/lib/jvm/java-7-openjdk-amd64/jre/lib/amd64/libnet.so
7f3d5c372000-7f3d5c571000 ---p 00017000 08:02 11403536                   /usr/lib/jvm/java-7-openjdk-amd64/jre/lib/amd64/libnet.so
7f3d5c571000-7f3d5c572000 r--p 00016000 08:02 11403536                   /usr/lib/jvm/java-7-openjdk-amd64/jre/lib/amd64/libnet.so
7f3d5c572000-7f3d5c573000 rw-p 00017000 08:02 11403536                   /usr/lib/jvm/java-7-openjdk-amd64/jre/lib/amd64/libnet.so
7f3d5c573000-7f3d5c575000 r--s 00003000 08:02 4064451                    /home/mihalis/.m2/repository/org/slf4j/jcl-over-slf4j/1.7.16/jcl-over-slf4j-1.7.16.jar
7f3d5c575000-7f3d5c576000 r--s 00009000 08:02 4064449                    /home/mihalis/.m2/repository/org/slf4j/slf4j-api/1.7.16/slf4j-api-1.7.16.jar
7f3d5c576000-7f3d5c57a000 r--s 0003c000 08:02 4064443                    /home/mihalis/.m2/repository/com/fasterxml/jackson/core/jackson-core/2.6.5/jackson-core-2.6.5.jar
7f3d5c57a000-7f3d5c57c000 r--s 00008000 08:02 4063680                    /home/mihalis/.m2/repository/org/ow2/asm/asm-commons/4.1/asm-commons-4.1.jar
7f3d5c57c000-7f3d5c57d000 r--s 0000b000 08:02 4063678                    /home/mihalis/.m2/repository/org/ow2/asm/asm/4.1/asm-4.1.jar
7f3d5c57d000-7f3d5c580000 r--s 00026000 08:02 3416610                    /home/mihalis/.m2/repository/org/antlr/antlr-runtime/3.5/antlr-runtime-3.5.jar
7f3d5c580000-7f3d5c582000 r--s 00017000 08:02 4063676                    /home/mihalis/.m2/repository/com/spatial4j/spatial4j/0.4.1/spatial4j-0.4.1.jar
7f3d5c582000-7f3d5c585000 r--s 0001c000 08:02 3416608                    /home/mihalis/.m2/repository/org/apache/lucene/lucene-spatial/4.10.4/lucene-spatial-4.10.4.jar
7f3d5c585000-7f3d5c588000 r--s 00018000 08:02 3416606                    /home/mihalis/.m2/repository/org/apache/lucene/lucene-grouping/4.10.4/lucene-grouping-4.10.4.jar
7f3d5c588000-7f3d5c58a000 r--s 0000e000 08:02 3283419                    /home/mihalis/.m2/repository/org/apache/lucene/lucene-join/4.10.4/lucene-join-4.10.4.jar
7f3d5c58a000-7f3d5c58c000 r--s 00016000 08:02 3283417                    /home/mihalis/.m2/repository/org/apache/lucene/lucene-misc/4.10.4/lucene-misc-4.10.4.jar
7f3d5c58c000-7f3d5c58f000 r--s 00029000 08:02 3283415                    /home/mihalis/.m2/repository/org/apache/lucene/lucene-suggest/4.10.4/lucene-suggest-4.10.4.jar
7f3d5c58f000-7f3d5c592000 r--s 0001b000 08:02 3283413                    /home/mihalis/.m2/repository/org/apache/lucene/lucene-sandbox/4.10.4/lucene-sandbox-4.10.4.jar
7f3d5c592000-7f3d5c59b000 r--s 00057000 08:02 3151643                    /home/mihalis/.m2/repository/org/apache/lucene/lucene-queryparser/4.10.4/lucene-queryparser-4.10.4.jar
7f3d5c59b000-7f3d5c59e000 r--s 0001f000 08:02 3151641                    /home/mihalis/.m2/repository/org/apache/lucene/lucene-highlighter/4.10.4/lucene-highlighter-4.10.4.jar
7f3d5c59e000-7f3d5c59f000 r--s 00008000 08:02 3151639                    /home/mihalis/.m2/repository/org/apache/lucene/lucene-memory/4.10.4/lucene-memory-4.10.4.jar
7f3d5c59f000-7f3d5c5a5000 r--s 0002f000 08:02 3151637                    /home/mihalis/.m2/repository/org/apache/lucene/lucene-queries/4.10.4/lucene-queries-4.10.4.jar
7f3d5c5a5000-7f3d5c5b6000 r--s 0018f000 08:02 3017857                    /home/mihalis/.m2/repository/org/apache/lucene/lucene-analyzers-common/4.10.4/lucene-analyzers-common-4.10.4.jar
7f3d5c5b6000-7f3d5c5e0000 r--s 00248000 08:02 3017855                    /home/mihalis/.m2/repository/org/apache/lucene/lucene-core/4.10.4/lucene-core-4.10.4.jar
7f3d5c5e0000-7f3d5c607000 rw-p 00000000 00:00 0 
7f3d5c607000-7f3d5c715000 r--s 00c15000 08:02 2887542                    /home/mihalis/.m2/repository/org/elasticsearch/elasticsearch/1.5.2/elasticsearch-1.5.2.jar
7f3d5c715000-7f3d5c725000 r--s 00088000 08:02 4063673                    /home/mihalis/.m2/repository/joda-time/joda-time/2.8.2/joda-time-2.8.2.jar
7f3d5c725000-7f3d5c732000 r--s 00083000 08:02 3151649                    /home/mihalis/.m2/repository/commons-collections/commons-collections/3.2.2/commons-collections-3.2.2.jar
7f3d5c732000-7f3d5c737000 r--s 00041000 08:02 3937338                    /home/mihalis/.m2/repository/commons-lang/commons-lang/2.6/commons-lang-2.6.jar
7f3d5c737000-7f3d5c746000 r--s 0008d000 08:02 4064441                    /home/mihalis/.m2/repository/org/springframework/data/spring-data-commons/1.11.4.RELEASE/spring-data-commons-1.11.4.RELEASE.jar
7f3d5c746000-7f3d5c74d000 r--s 0003a000 08:02 4064438                    /home/mihalis/.m2/repository/org/springframework/spring-tx/4.2.5.RELEASE/spring-tx-4.2.5.RELEASE.jar
7f3d5c74d000-7f3d5c753000 r--s 0002b000 08:02 4064116                    /home/mihalis/.m2/repository/org/springframework/data/spring-data-elasticsearch/1.3.0.RELEASE/spring-data-elasticsearch-1.3.0.RELEASE.jar
7f3d5c753000-7f3d5c764000 r--s 000ab000 08:02 4065027                    /home/mihalis/.m2/repository/org/springframework/spring-web/4.2.5.RELEASE/spring-web-4.2.5.RELEASE.jar
7f3d5c764000-7f3d5c769000 r--s 0003c000 08:02 4064436                    /home/mihalis/.m2/repository/org/springframework/spring-expression/4.2.5.RELEASE/spring-expression-4.2.5.RELEASE.jar
7f3d5c769000-7f3d5c776000 r--s 000a6000 08:02 4064434                    /home/mihalis/.m2/repository/org/springframework/spring-beans/4.2.5.RELEASE/spring-beans-4.2.5.RELEASE.jar
7f3d5c776000-7f3d5c778000 r--s 00000000 08:02 3671672                    /home/mihalis/.m2/repository/aopalliance/aopalliance/1.0/aopalliance-1.0.jar
7f3d5c778000-7f3d5c781000 r--s 00052000 08:02 4064432                    /home/mihalis/.m2/repository/org/springframework/spring-aop/4.2.5.RELEASE/spring-aop-4.2.5.RELEASE.jar
7f3d5c781000-7f3d5c79a000 r--s 000f3000 08:02 4065021                    /home/mihalis/.m2/repository/org/springframework/spring-context/4.2.5.RELEASE/spring-context-4.2.5.RELEASE.jar
7f3d5c79a000-7f3d5c7b0000 r--s 000f2000 08:02 4065016                    /home/mihalis/.m2/repository/org/springframework/spring-core/4.2.5.RELEASE/spring-core-4.2.5.RELEASE.jar
7f3d5c7b0000-7f3d5c7c1000 r--s 000c6000 08:02 4064600                    /home/mihalis/.m2/repository/org/springframework/spring-webmvc/4.2.5.RELEASE/spring-webmvc-4.2.5.RELEASE.jar
7f3d5c7c1000-7f3d5c7c4000 r--s 00009000 08:02 4064447                    /home/mihalis/.m2/repository/com/fasterxml/jackson/core/jackson-annotations/2.6.5/jackson-annotations-2.6.5.jar
7f3d5c7c4000-7f3d5c7d5000 r--s 0010d000 08:02 4064445                    /home/mihalis/.m2/repository/com/fasterxml/jackson/core/jackson-databind/2.6.5/jackson-databind-2.6.5.jar
7f3d5c7d5000-7f3d5c7d7000 r--s 0000e000 08:02 4064598                    /home/mihalis/.m2/repository/com/fasterxml/classmate/1.1.0/classmate-1.1.0.jar
7f3d5c7d7000-7f3d5c7db000 r--s 0000c000 08:02 3671623                    /home/mihalis/.m2/repository/javax/validation/validation-api/1.1.0.Final/validation-api-1.1.0.Final.jar
7f3d5c7db000-7f3d5c7eb000 r--s 0009c000 08:02 4064594                    /home/mihalis/.m2/repository/org/hibernate/hibernate-validator/5.2.4.Final/hibernate-validator-5.2.4.Final.jar
7f3d5c7eb000-7f3d5c7f1000 r--s 00037000 08:02 4064590                    /home/mihalis/.m2/repository/org/apache/tomcat/embed/tomcat-embed-websocket/8.0.32/tomcat-embed-websocket-8.0.32.jar
7f3d5c7f1000-7f3d5c7f6000 r--s 00036000 08:02 4064586                    /home/mihalis/.m2/repository/org/apache/tomcat/embed/tomcat-embed-el/8.0.32/tomcat-embed-el-8.0.32.jar
7f3d5c7f6000-7f3d5c81b000 r--s 00290000 08:02 4064584                    /home/mihalis/.m2/repository/org/apache/tomcat/embed/tomcat-embed-core/8.0.32/tomcat-embed-core-8.0.32.jar
7f3d5c81b000-7f3d5c821000 r--s 0003c000 08:02 4064580                    /home/mihalis/.m2/repository/org/yaml/snakeyaml/1.16/snakeyaml-1.16.jar
7f3d5c821000-7f3d5c82c000 r--s 00065000 08:02 3542277                    /home/mihalis/.m2/repository/ch/qos/logback/logback-core/1.1.5/logback-core-1.1.5.jar
7f3d5c82c000-7f3d5c832000 r--s 0003f000 08:02 3283427                    /home/mihalis/.m2/repository/ch/qos/logback/logback-classic/1.1.5/logback-classic-1.1.5.jar
7f3d5c832000-7f3d5c849000 r--s 000a2000 08:02 4064572                    /home/mihalis/.m2/repository/org/springframework/boot/spring-boot-autoconfigure/1.3.3.RELEASE/spring-boot-autoconfigure-1.3.3.RELEASE.jar
7f3d5c849000-7f3d5c84a000 ---p 00000000 00:00 0 
7f3d5c84a000-7f3d5c94a000 rw-p 00000000 00:00 0                          [stack:8254]
7f3d5c94a000-7f3d5c94d000 ---p 00000000 00:00 0 
7f3d5c94d000-7f3d5ca4b000 rw-p 00000000 00:00 0                          [stack:8253]
7f3d5ca4b000-7f3d5ca4e000 ---p 00000000 00:00 0 
7f3d5ca4e000-7f3d5cb4c000 rw-p 00000000 00:00 0                          [stack:8252]
7f3d5cb4c000-7f3d5cb4f000 ---p 00000000 00:00 0 
7f3d5cb4f000-7f3d5cc4d000 rw-p 00000000 00:00 0                          [stack:8251]
7f3d5cc4d000-7f3d5cc50000 ---p 00000000 00:00 0 
7f3d5cc50000-7f3d5cd4e000 rw-p 00000000 00:00 0                          [stack:8250]
7f3d5cd4e000-7f3d5d431000 r--p 00000000 08:02 6953812                    /usr/lib/locale/locale-archive
7f3d5d431000-7f3d5d434000 ---p 00000000 00:00 0 
7f3d5d434000-7f3d5d532000 rw-p 00000000 00:00 0                          [stack:8249]
7f3d5d532000-7f3d5d535000 ---p 00000000 00:00 0 
7f3d5d535000-7f3d5d633000 rw-p 00000000 00:00 0                          [stack:8248]
7f3d5d633000-7f3d5d634000 ---p 00000000 00:00 0 
7f3d5d634000-7f3d5e0e9000 rw-p 00000000 00:00 0                          [stack:8247]
7f3d5e0e9000-7f3d5e29b000 r--s 01d2f000 08:02 11403448                   /usr/lib/jvm/java-7-openjdk-amd64/jre/lib/rt.jar
7f3d5e29b000-7f3d5ff0c000 rw-p 00000000 00:00 0 
7f3d5ff0c000-7f3d5ff0d000 ---p 00000000 00:00 0 
7f3d5ff0d000-7f3d6000d000 rw-p 00000000 00:00 0                          [stack:8246]
7f3d6000d000-7f3d6000e000 ---p 00000000 00:00 0 
7f3d6000e000-7f3d60119000 rw-p 00000000 00:00 0                          [stack:8245]
7f3d60119000-7f3d601ec000 rw-p 00000000 00:00 0 
7f3d601ec000-7f3d601fd000 rw-p 00000000 00:00 0 
7f3d601fd000-7f3d6023f000 rw-p 00000000 00:00 0 
7f3d6023f000-7f3d6024a000 rw-p 00000000 00:00 0 
7f3d6024a000-7f3d6031d000 rw-p 00000000 00:00 0 
7f3d6031d000-7f3d6035a000 rw-p 00000000 00:00 0 
7f3d6035a000-7f3d6038c000 rw-p 00000000 00:00 0 
7f3d6038c000-7f3d6038d000 rw-p 00000000 00:00 0 
7f3d6038d000-7f3d605fd000 rwxp 00000000 00:00 0 
7f3d605fd000-7f3d6338d000 rw-p 00000000 00:00 0 
7f3d6338d000-7f3d63395000 r-xp 00000000 08:02 11403475                   /usr/lib/jvm/java-7-openjdk-amd64/jre/lib/amd64/libzip.so
7f3d63395000-7f3d63594000 ---p 00008000 08:02 11403475                   /usr/lib/jvm/java-7-openjdk-amd64/jre/lib/amd64/libzip.so
7f3d63594000-7f3d63595000 r--p 00007000 08:02 11403475                   /usr/lib/jvm/java-7-openjdk-amd64/jre/lib/amd64/libzip.so
7f3d63595000-7f3d63596000 rw-p 00008000 08:02 11403475                   /usr/lib/jvm/java-7-openjdk-amd64/jre/lib/amd64/libzip.so
7f3d63596000-7f3d635a1000 r-xp 00000000 08:02 7602279                    /lib/x86_64-linux-gnu/libnss_files-2.19.so
7f3d635a1000-7f3d637a0000 ---p 0000b000 08:02 7602279                    /lib/x86_64-linux-gnu/libnss_files-2.19.so
7f3d637a0000-7f3d637a1000 r--p 0000a000 08:02 7602279                    /lib/x86_64-linux-gnu/libnss_files-2.19.so
7f3d637a1000-7f3d637a2000 rw-p 0000b000 08:02 7602279                    /lib/x86_64-linux-gnu/libnss_files-2.19.so
7f3d637a2000-7f3d637ad000 r-xp 00000000 08:02 7602271                    /lib/x86_64-linux-gnu/libnss_nis-2.19.so
7f3d637ad000-7f3d639ac000 ---p 0000b000 08:02 7602271                    /lib/x86_64-linux-gnu/libnss_nis-2.19.so
7f3d639ac000-7f3d639ad000 r--p 0000a000 08:02 7602271                    /lib/x86_64-linux-gnu/libnss_nis-2.19.so
7f3d639ad000-7f3d639ae000 rw-p 0000b000 08:02 7602271                    /lib/x86_64-linux-gnu/libnss_nis-2.19.so
7f3d639ae000-7f3d639c5000 r-xp 00000000 08:02 7602267                    /lib/x86_64-linux-gnu/libnsl-2.19.so
7f3d639c5000-7f3d63bc4000 ---p 00017000 08:02 7602267                    /lib/x86_64-linux-gnu/libnsl-2.19.so
7f3d63bc4000-7f3d63bc5000 r--p 00016000 08:02 7602267                    /lib/x86_64-linux-gnu/libnsl-2.19.so
7f3d63bc5000-7f3d63bc6000 rw-p 00017000 08:02 7602267                    /lib/x86_64-linux-gnu/libnsl-2.19.so
7f3d63bc6000-7f3d63bc8000 rw-p 00000000 00:00 0 
7f3d63bc8000-7f3d63bd1000 r-xp 00000000 08:02 7602266                    /lib/x86_64-linux-gnu/libnss_compat-2.19.so
7f3d63bd1000-7f3d63dd0000 ---p 00009000 08:02 7602266                    /lib/x86_64-linux-gnu/libnss_compat-2.19.so
7f3d63dd0000-7f3d63dd1000 r--p 00008000 08:02 7602266                    /lib/x86_64-linux-gnu/libnss_compat-2.19.so
7f3d63dd1000-7f3d63dd2000 rw-p 00009000 08:02 7602266                    /lib/x86_64-linux-gnu/libnss_compat-2.19.so
7f3d63dd2000-7f3d63dfd000 r-xp 00000000 08:02 11403528                   /usr/lib/jvm/java-7-openjdk-amd64/jre/lib/amd64/libjava.so
7f3d63dfd000-7f3d63ffd000 ---p 0002b000 08:02 11403528                   /usr/lib/jvm/java-7-openjdk-amd64/jre/lib/amd64/libjava.so
7f3d63ffd000-7f3d63ffe000 r--p 0002b000 08:02 11403528                   /usr/lib/jvm/java-7-openjdk-amd64/jre/lib/amd64/libjava.so
7f3d63ffe000-7f3d64000000 rw-p 0002c000 08:02 11403528                   /usr/lib/jvm/java-7-openjdk-amd64/jre/lib/amd64/libjava.so
7f3d64000000-7f3d64c69000 rw-p 00000000 00:00 0 
7f3d64c69000-7f3d68000000 ---p 00000000 00:00 0 
7f3d68000000-7f3d68002000 r--s 0000f000 08:02 4064596                    /home/mihalis/.m2/repository/org/jboss/logging/jboss-logging/3.3.0.Final/jboss-logging-3.3.0.Final.jar
7f3d68002000-7f3d68003000 r--s 00000000 08:02 4064592                    /home/mihalis/.m2/repository/org/springframework/boot/spring-boot-starter-validation/1.3.3.RELEASE/spring-boot-starter-validation-1.3.3.RELEASE.jar
7f3d68003000-7f3d68004000 r--s 00009000 08:02 4064588                    /home/mihalis/.m2/repository/org/apache/tomcat/embed/tomcat-embed-logging-juli/8.0.32/tomcat-embed-logging-juli-8.0.32.jar
7f3d68004000-7f3d68012000 r--s 00078000 08:02 4064570                    /home/mihalis/.m2/repository/org/springframework/boot/spring-boot/1.3.3.RELEASE/spring-boot-1.3.3.RELEASE.jar
7f3d68012000-7f3d6804b000 rw-p 00000000 00:00 0 
7f3d6804b000-7f3d6808d000 rw-p 00000000 00:00 0 
7f3d6808d000-7f3d6809d000 r-xp 00000000 08:02 11403490                   /usr/lib/jvm/java-7-openjdk-amd64/jre/lib/amd64/libverify.so
7f3d6809d000-7f3d6829c000 ---p 00010000 08:02 11403490                   /usr/lib/jvm/java-7-openjdk-amd64/jre/lib/amd64/libverify.so
7f3d6829c000-7f3d6829e000 r--p 0000f000 08:02 11403490                   /usr/lib/jvm/java-7-openjdk-amd64/jre/lib/amd64/libverify.so
7f3d6829e000-7f3d6829f000 rw-p 00011000 08:02 11403490                   /usr/lib/jvm/java-7-openjdk-amd64/jre/lib/amd64/libverify.so
7f3d6829f000-7f3d682a6000 r-xp 00000000 08:02 7602275                    /lib/x86_64-linux-gnu/librt-2.19.so
7f3d682a6000-7f3d684a5000 ---p 00007000 08:02 7602275                    /lib/x86_64-linux-gnu/librt-2.19.so
7f3d684a5000-7f3d684a6000 r--p 00006000 08:02 7602275                    /lib/x86_64-linux-gnu/librt-2.19.so
7f3d684a6000-7f3d684a7000 rw-p 00007000 08:02 7602275                    /lib/x86_64-linux-gnu/librt-2.19.so
7f3d684a7000-7f3d684bd000 r-xp 00000000 08:02 7606350                    /lib/x86_64-linux-gnu/libgcc_s.so.1
7f3d684bd000-7f3d686bc000 ---p 00016000 08:02 7606350                    /lib/x86_64-linux-gnu/libgcc_s.so.1
7f3d686bc000-7f3d686bd000 rw-p 00015000 08:02 7606350                    /lib/x86_64-linux-gnu/libgcc_s.so.1
7f3d686bd000-7f3d687c2000 r-xp 00000000 08:02 7602195                    /lib/x86_64-linux-gnu/libm-2.19.so
7f3d687c2000-7f3d689c1000 ---p 00105000 08:02 7602195                    /lib/x86_64-linux-gnu/libm-2.19.so
7f3d689c1000-7f3d689c2000 r--p 00104000 08:02 7602195                    /lib/x86_64-linux-gnu/libm-2.19.so
7f3d689c2000-7f3d689c3000 rw-p 00105000 08:02 7602195                    /lib/x86_64-linux-gnu/libm-2.19.so
7f3d689c3000-7f3d68aa9000 r-xp 00000000 08:02 6946839                    /usr/lib/x86_64-linux-gnu/libstdc++.so.6.0.19
7f3d68aa9000-7f3d68ca8000 ---p 000e6000 08:02 6946839                    /usr/lib/x86_64-linux-gnu/libstdc++.so.6.0.19
7f3d68ca8000-7f3d68cb0000 r--p 000e5000 08:02 6946839                    /usr/lib/x86_64-linux-gnu/libstdc++.so.6.0.19
7f3d68cb0000-7f3d68cb2000 rw-p 000ed000 08:02 6946839                    /usr/lib/x86_64-linux-gnu/libstdc++.so.6.0.19
7f3d68cb2000-7f3d68cc7000 rw-p 00000000 00:00 0 
7f3d68cc7000-7f3d697ec000 r-xp 00000000 08:02 11403479                   /usr/lib/jvm/java-7-openjdk-amd64/jre/lib/amd64/server/libjvm.so
7f3d697ec000-7f3d699ec000 ---p 00b25000 08:02 11403479                   /usr/lib/jvm/java-7-openjdk-amd64/jre/lib/amd64/server/libjvm.so
7f3d699ec000-7f3d69a86000 r--p 00b25000 08:02 11403479                   /usr/lib/jvm/java-7-openjdk-amd64/jre/lib/amd64/server/libjvm.so
7f3d69a86000-7f3d69aa9000 rw-p 00bbf000 08:02 11403479                   /usr/lib/jvm/java-7-openjdk-amd64/jre/lib/amd64/server/libjvm.so
7f3d69aa9000-7f3d69ad7000 rw-p 00000000 00:00 0 
7f3d69ad7000-7f3d69aef000 r-xp 00000000 08:02 7606536                    /lib/x86_64-linux-gnu/libz.so.1.2.8
7f3d69aef000-7f3d69cee000 ---p 00018000 08:02 7606536                    /lib/x86_64-linux-gnu/libz.so.1.2.8
7f3d69cee000-7f3d69cef000 r--p 00017000 08:02 7606536                    /lib/x86_64-linux-gnu/libz.so.1.2.8
7f3d69cef000-7f3d69cf0000 rw-p 00018000 08:02 7606536                    /lib/x86_64-linux-gnu/libz.so.1.2.8
7f3d69cf0000-7f3d69d09000 r-xp 00000000 08:02 7602268                    /lib/x86_64-linux-gnu/libpthread-2.19.so
7f3d69d09000-7f3d69f08000 ---p 00019000 08:02 7602268                    /lib/x86_64-linux-gnu/libpthread-2.19.so
7f3d69f08000-7f3d69f09000 r--p 00018000 08:02 7602268                    /lib/x86_64-linux-gnu/libpthread-2.19.so
7f3d69f09000-7f3d69f0a000 rw-p 00019000 08:02 7602268                    /lib/x86_64-linux-gnu/libpthread-2.19.so
7f3d69f0a000-7f3d69f0e000 rw-p 00000000 00:00 0 
7f3d69f0e000-7f3d69f11000 r-xp 00000000 08:02 7602205                    /lib/x86_64-linux-gnu/libdl-2.19.so
7f3d69f11000-7f3d6a110000 ---p 00003000 08:02 7602205                    /lib/x86_64-linux-gnu/libdl-2.19.so
7f3d6a110000-7f3d6a111000 r--p 00002000 08:02 7602205                    /lib/x86_64-linux-gnu/libdl-2.19.so
7f3d6a111000-7f3d6a112000 rw-p 00003000 08:02 7602205                    /lib/x86_64-linux-gnu/libdl-2.19.so
7f3d6a112000-7f3d6a2cd000 r-xp 00000000 08:02 7602276                    /lib/x86_64-linux-gnu/libc-2.19.so
7f3d6a2cd000-7f3d6a4cc000 ---p 001bb000 08:02 7602276                    /lib/x86_64-linux-gnu/libc-2.19.so
7f3d6a4cc000-7f3d6a4d0000 r--p 001ba000 08:02 7602276                    /lib/x86_64-linux-gnu/libc-2.19.so
7f3d6a4d0000-7f3d6a4d2000 rw-p 001be000 08:02 7602276                    /lib/x86_64-linux-gnu/libc-2.19.so
7f3d6a4d2000-7f3d6a4d7000 rw-p 00000000 00:00 0 
7f3d6a4d7000-7f3d6a4e4000 r-xp 00000000 08:02 11403461                   /usr/lib/jvm/java-7-openjdk-amd64/jre/lib/amd64/jli/libjli.so
7f3d6a4e4000-7f3d6a6e3000 ---p 0000d000 08:02 11403461                   /usr/lib/jvm/java-7-openjdk-amd64/jre/lib/amd64/jli/libjli.so
7f3d6a6e3000-7f3d6a6e4000 r--p 0000c000 08:02 11403461                   /usr/lib/jvm/java-7-openjdk-amd64/jre/lib/amd64/jli/libjli.so
7f3d6a6e4000-7f3d6a6e5000 rw-p 0000d000 08:02 11403461                   /usr/lib/jvm/java-7-openjdk-amd64/jre/lib/amd64/jli/libjli.so
7f3d6a6e5000-7f3d6a708000 r-xp 00000000 08:02 7602269                    /lib/x86_64-linux-gnu/ld-2.19.so
7f3d6a708000-7f3d6a709000 r--s 00000000 08:02 4064582                    /home/mihalis/.m2/repository/org/springframework/boot/spring-boot-starter-tomcat/1.3.3.RELEASE/spring-boot-starter-tomcat-1.3.3.RELEASE.jar
7f3d6a709000-7f3d6a70b000 r--s 00004000 08:02 4064578                    /home/mihalis/.m2/repository/org/slf4j/log4j-over-slf4j/1.7.16/log4j-over-slf4j-1.7.16.jar
7f3d6a70b000-7f3d6a70d000 r--s 00000000 08:02 4064576                    /home/mihalis/.m2/repository/org/slf4j/jul-to-slf4j/1.7.16/jul-to-slf4j-1.7.16.jar
7f3d6a70d000-7f3d6a70e000 r--s 00000000 08:02 4064574                    /home/mihalis/.m2/repository/org/springframework/boot/spring-boot-starter-logging/1.3.3.RELEASE/spring-boot-starter-logging-1.3.3.RELEASE.jar
7f3d6a70e000-7f3d6a70f000 r--s 00000000 08:02 4064568                    /home/mihalis/.m2/repository/org/springframework/boot/spring-boot-starter/1.3.3.RELEASE/spring-boot-starter-1.3.3.RELEASE.jar
7f3d6a70f000-7f3d6a710000 r--s 00000000 08:02 4064358                    /home/mihalis/.m2/repository/org/springframework/boot/spring-boot-starter-web/1.3.3.RELEASE/spring-boot-starter-web-1.3.3.RELEASE.jar
7f3d6a710000-7f3d6a711000 r--s 00002000 08:02 11403553                   /usr/lib/jvm/java-7-openjdk-amd64/jre/lib/ext/dnsns.jar
7f3d6a711000-7f3d6a715000 r--s 00085000 08:02 11403545                   /usr/lib/jvm/java-7-openjdk-amd64/jre/lib/ext/localedata.jar
7f3d6a715000-7f3d6a717000 r--s 00006000 08:02 7346413                    /usr/share/java/java-atk-wrapper.jar
7f3d6a717000-7f3d6a719000 r--s 00012000 08:02 11403549                   /usr/lib/jvm/java-7-openjdk-amd64/jre/lib/ext/zipfs.jar
7f3d6a719000-7f3d6a734000 rw-p 00000000 00:00 0 
7f3d6a734000-7f3d6a7ea000 rw-p 00000000 00:00 0 
7f3d6a7ea000-7f3d6a7ed000 ---p 00000000 00:00 0 
7f3d6a7ed000-7f3d6a8f0000 rw-p 00000000 00:00 0                          [stack:8244]
7f3d6a8f0000-7f3d6a8f3000 r--s 0000f000 08:02 11403555                   /usr/lib/jvm/java-7-openjdk-amd64/jre/lib/ext/icedtea-sound.jar
7f3d6a8f3000-7f3d6a8f7000 r--s 00034000 08:02 11403547                   /usr/lib/jvm/java-7-openjdk-amd64/jre/lib/ext/sunjce_provider.jar
7f3d6a8f7000-7f3d6a8fb000 r--s 0003c000 08:02 11403551                   /usr/lib/jvm/java-7-openjdk-amd64/jre/lib/ext/sunpkcs11.jar
7f3d6a8fb000-7f3d6a903000 rw-s 00000000 08:02 3937495                    /tmp/hsperfdata_mihalis/8238
7f3d6a903000-7f3d6a904000 rw-p 00000000 00:00 0 
7f3d6a904000-7f3d6a905000 ---p 00000000 00:00 0 
7f3d6a905000-7f3d6a907000 rw-p 00000000 00:00 0 
7f3d6a907000-7f3d6a908000 r--p 00022000 08:02 7602269                    /lib/x86_64-linux-gnu/ld-2.19.so
7f3d6a908000-7f3d6a909000 rw-p 00023000 08:02 7602269                    /lib/x86_64-linux-gnu/ld-2.19.so
7f3d6a909000-7f3d6a90a000 rw-p 00000000 00:00 0 
7ffd70a58000-7ffd70a7a000 rw-p 00000000 00:00 0                          [stack]
7ffd70bec000-7ffd70bee000 r--p 00000000 00:00 0                          [vvar]
7ffd70bee000-7ffd70bf0000 r-xp 00000000 00:00 0                          [vdso]
ffffffffff600000-ffffffffff601000 r-xp 00000000 00:00 0                  [vsyscall]

VM Arguments:
jvm_args: -Dfile.encoding=UTF-8 
java_command: com.agroknow.cimmyt.Application
Launcher Type: SUN_STANDARD

Environment Variables:
PATH=/usr/local/sbin:/usr/local/bin:/usr/sbin:/usr/bin:/sbin:/bin:/usr/games:/usr/local/games
SHELL=/bin/bash
DISPLAY=:0.0

Signal Handlers:
SIGSEGV: [libjvm.so+0x955bc0], sa_mask[0]=0x7ffbfeff, sa_flags=0x10000004
SIGBUS: [libjvm.so+0x955bc0], sa_mask[0]=0x7ffbfeff, sa_flags=0x10000004
SIGFPE: [libjvm.so+0x7caff0], sa_mask[0]=0x7ffbfeff, sa_flags=0x10000004
SIGPIPE: [libjvm.so+0x7caff0], sa_mask[0]=0x7ffbfeff, sa_flags=0x10000004
SIGXFSZ: [libjvm.so+0x7caff0], sa_mask[0]=0x7ffbfeff, sa_flags=0x10000004
SIGILL: [libjvm.so+0x7caff0], sa_mask[0]=0x7ffbfeff, sa_flags=0x10000004
SIGUSR1: SIG_DFL, sa_mask[0]=0x00000000, sa_flags=0x00000000
SIGUSR2: [libjvm.so+0x7cae90], sa_mask[0]=0x00000004, sa_flags=0x10000004
SIGHUP: [libjvm.so+0x7cb070], sa_mask[0]=0x7ffbfeff, sa_flags=0x10000004
SIGINT: [libjvm.so+0x7cb070], sa_mask[0]=0x7ffbfeff, sa_flags=0x10000004
SIGTERM: [libjvm.so+0x7cb070], sa_mask[0]=0x7ffbfeff, sa_flags=0x10000004
SIGQUIT: [libjvm.so+0x7cb070], sa_mask[0]=0x7ffbfeff, sa_flags=0x10000004
SIGTRAP: SIG_DFL, sa_mask[0]=0x00000000, sa_flags=0x00000000


---------------  S Y S T E M  ---------------

OS:Ubuntu 14.04 (trusty)
uname:Linux 3.19.0-56-generic #62~14.04.1-Ubuntu SMP Fri Mar 11 11:03:15 UTC 2016 x86_64
libc:glibc 2.19 NPTL 2.19 
rlimit: STACK 8192k, CORE 0k, NPROC 6519, NOFILE 4096, AS infinity
load average:1,72 1,18 0,86

/proc/meminfo:
MemTotal:        1926288 kB
MemFree:           68524 kB
MemAvailable:      31548 kB
Buffers:             928 kB
Cached:           109720 kB
SwapCached:         3184 kB
Active:          1266412 kB
Inactive:         429908 kB
Active(anon):    1259284 kB
Inactive(anon):   422952 kB
Active(file):       7128 kB
Inactive(file):     6956 kB
Unevictable:         224 kB
Mlocked:             224 kB
SwapTotal:       1973244 kB
SwapFree:              0 kB
Dirty:              1184 kB
Writeback:             0 kB
AnonPages:       1583920 kB
Mapped:            27952 kB
Shmem:             96220 kB
Slab:              56556 kB
SReclaimable:      24584 kB
SUnreclaim:        31972 kB
KernelStack:       12736 kB
PageTables:        43156 kB
NFS_Unstable:          0 kB
Bounce:                0 kB
WritebackTmp:          0 kB
CommitLimit:     2936388 kB
Committed_AS:    8717460 kB
VmallocTotal:   34359738367 kB
VmallocUsed:      543368 kB
VmallocChunk:   34359174304 kB
HardwareCorrupted:     0 kB
AnonHugePages:    342016 kB
CmaTotal:              0 kB
CmaFree:               0 kB
HugePages_Total:       0
HugePages_Free:        0
HugePages_Rsvd:        0
HugePages_Surp:        0
Hugepagesize:       2048 kB
DirectMap4k:      143432 kB
DirectMap2M:     1830912 kB


CPU:total 2 (2 cores per cpu, 1 threads per core) family 6 model 55 stepping 8, cmov, cx8, fxsr, mmx, sse, sse2, sse3, ssse3, sse4.1, sse4.2, popcnt, erms, tsc, tscinvbit

/proc/cpuinfo:
processor	: 0
vendor_id	: GenuineIntel
cpu family	: 6
model		: 55
model name	: Intel(R) Celeron(R) CPU  N2808  @ 1.58GHz
stepping	: 8
microcode	: 0x815
cpu MHz		: 2249.103
cache size	: 1024 KB
physical id	: 0
siblings	: 2
core id		: 0
cpu cores	: 2
apicid		: 0
initial apicid	: 0
fpu		: yes
fpu_exception	: yes
cpuid level	: 11
wp		: yes
flags		: fpu vme de pse tsc msr pae mce cx8 apic sep mtrr pge mca cmov pat pse36 clflush dts acpi mmx fxsr sse sse2 ss ht tm pbe syscall nx rdtscp lm constant_tsc arch_perfmon pebs bts rep_good nopl xtopology nonstop_tsc aperfmperf pni pclmulqdq dtes64 monitor ds_cpl vmx est tm2 ssse3 cx16 xtpr pdcm sse4_1 sse4_2 movbe popcnt tsc_deadline_timer rdrand lahf_lm 3dnowprefetch ida arat epb dtherm tpr_shadow vnmi flexpriority ept vpid tsc_adjust smep erms
bugs		:
bogomips	: 3161.60
clflush size	: 64
cache_alignment	: 64
address sizes	: 36 bits physical, 48 bits virtual
power management:

processor	: 1
vendor_id	: GenuineIntel
cpu family	: 6
model		: 55
model name	: Intel(R) Celeron(R) CPU  N2808  @ 1.58GHz
stepping	: 8
microcode	: 0x815
cpu MHz		: 2249.041
cache size	: 1024 KB
physical id	: 0
siblings	: 2
core id		: 1
cpu cores	: 2
apicid		: 2
initial apicid	: 2
fpu		: yes
fpu_exception	: yes
cpuid level	: 11
wp		: yes
flags		: fpu vme de pse tsc msr pae mce cx8 apic sep mtrr pge mca cmov pat pse36 clflush dts acpi mmx fxsr sse sse2 ss ht tm pbe syscall nx rdtscp lm constant_tsc arch_perfmon pebs bts rep_good nopl xtopology nonstop_tsc aperfmperf pni pclmulqdq dtes64 monitor ds_cpl vmx est tm2 ssse3 cx16 xtpr pdcm sse4_1 sse4_2 movbe popcnt tsc_deadline_timer rdrand lahf_lm 3dnowprefetch ida arat epb dtherm tpr_shadow vnmi flexpriority ept vpid tsc_adjust smep erms
bugs		:
bogomips	: 3161.60
clflush size	: 64
cache_alignment	: 64
address sizes	: 36 bits physical, 48 bits virtual
power management:



Memory: 4k page, physical 1926288k(68860k free), swap 1973244k(0k free)

vm_info: OpenJDK 64-Bit Server VM (24.95-b01) for linux-amd64 JRE (1.7.0_95-b00), built on Jan 21 2016 03:31:40 by "buildd" with gcc 4.8.4

time: Wed Apr 13 13:52:19 2016
elapsed time: 17 seconds

